[  1%] Built target rt1_assignment2__rosidl_generator_type_description
[  1%] Built target ament_cmake_python_copy_rt1_assignment2
[  3%] Built target rt1_assignment2__cpp
[ 23%] Built target rt1_assignment2__rosidl_generator_c
[ 32%] Built target rt1_assignment2__rosidl_typesupport_introspection_c
[ 41%] Built target rt1_assignment2__rosidl_typesupport_c
[ 50%] Built target rt1_assignment2__rosidl_typesupport_cpp
[ 58%] Built target rt1_assignment2__rosidl_typesupport_fastrtps_c
[ 67%] Built target rt1_assignment2__rosidl_typesupport_fastrtps_cpp
[ 76%] Built target rt1_assignment2__rosidl_typesupport_introspection_cpp
[ 76%] Built target rt1_assignment2
[ 78%] Built target rt1_assignment2__py
[ 80%] [32mBuilding CXX object CMakeFiles/safety_controller.dir/src/safety_controller.cpp.o[0m
[ 87%] Built target rt1_assignment2__rosidl_generator_py
[ 91%] Built target rt1_assignment2_s__rosidl_typesupport_c
[ 94%] Built target rt1_assignment2_s__rosidl_typesupport_introspection_c
[ 98%] Built target rt1_assignment2_s__rosidl_typesupport_fastrtps_c
running egg_info
writing rt1_assignment2.egg-info/PKG-INFO
writing dependency_links to rt1_assignment2.egg-info/dependency_links.txt
writing top-level names to rt1_assignment2.egg-info/top_level.txt
reading manifest file 'rt1_assignment2.egg-info/SOURCES.txt'
writing manifest file 'rt1_assignment2.egg-info/SOURCES.txt'
[ 98%] Built target ament_cmake_python_build_rt1_assignment2_egg
