[0.010s] Invoking command in '/home/ertoto/Documenti/GitHub/Mazzotta_RT1_Lab2/ros2_ws/build/rt1_assignment2': CMAKE_PREFIX_PATH=${CMAKE_PREFIX_PATH}:/opt/ros/jazzy DEBUGINFOD_URLS=https://debuginfod.ubuntu.com /usr/bin/cmake --build /home/ertoto/Documenti/GitHub/Mazzotta_RT1_Lab2/ros2_ws/build/rt1_assignment2 -- -j32 -l32
[0.196s] [  1%] Built target rt1_assignment2__rosidl_generator_type_description
[0.220s] [  1%] Built target ament_cmake_python_copy_rt1_assignment2
[0.263s] [  3%] Built target rt1_assignment2__cpp
[0.287s] [  5%] [32mBuilding C object CMakeFiles/rt1_assignment2__rosidl_generator_c.dir/rosidl_generator_c/rt1_assignment2/msg/detail/info__type_support.c.o[0m
[0.287s] [  7%] [32mBuilding C object CMakeFiles/rt1_assignment2__rosidl_generator_c.dir/rosidl_generator_c/rt1_assignment2/srv/detail/set_threshold__type_support.c.o[0m
[0.289s] [  8%] [32mBuilding C object CMakeFiles/rt1_assignment2__rosidl_generator_c.dir/rosidl_generator_c/rt1_assignment2/srv/detail/get_avg_vel__description.c.o[0m
[0.290s] [ 10%] [32mBuilding C object CMakeFiles/rt1_assignment2__rosidl_generator_c.dir/rosidl_generator_c/rt1_assignment2/msg/detail/info__functions.c.o[0m
[0.291s] [ 12%] [32mBuilding C object CMakeFiles/rt1_assignment2__rosidl_generator_c.dir/rosidl_generator_c/rt1_assignment2/srv/detail/set_threshold__description.c.o[0m
[0.291s] [ 14%] [32mBuilding C object CMakeFiles/rt1_assignment2__rosidl_generator_c.dir/rosidl_generator_c/rt1_assignment2/msg/detail/info__description.c.o[0m
[0.292s] [ 16%] [32mBuilding C object CMakeFiles/rt1_assignment2__rosidl_generator_c.dir/rosidl_generator_c/rt1_assignment2/srv/detail/set_threshold__functions.c.o[0m
[0.297s] [ 17%] [32mBuilding C object CMakeFiles/rt1_assignment2__rosidl_generator_c.dir/rosidl_generator_c/rt1_assignment2/srv/detail/get_avg_vel__type_support.c.o[0m
[0.297s] [ 19%] [32mBuilding C object CMakeFiles/rt1_assignment2__rosidl_generator_c.dir/rosidl_generator_c/rt1_assignment2/srv/detail/get_avg_vel__functions.c.o[0m
[0.425s] [ 21%] [32m[1mLinking C shared library librt1_assignment2__rosidl_generator_c.so[0m
[0.504s] [ 23%] Built target rt1_assignment2__rosidl_generator_c
[0.582s] [ 25%] [32mBuilding C object CMakeFiles/rt1_assignment2__rosidl_typesupport_introspection_c.dir/rosidl_typesupport_introspection_c/rt1_assignment2/srv/detail/get_avg_vel__type_support.c.o[0m
[0.583s] [ 26%] [32mBuilding CXX object CMakeFiles/rt1_assignment2__rosidl_typesupport_introspection_cpp.dir/rosidl_typesupport_introspection_cpp/rt1_assignment2/msg/detail/info__type_support.cpp.o[0m
[0.583s] [ 28%] [32mBuilding C object CMakeFiles/rt1_assignment2__rosidl_typesupport_introspection_c.dir/rosidl_typesupport_introspection_c/rt1_assignment2/msg/detail/info__type_support.c.o[0m
[0.584s] [ 30%] [32mBuilding CXX object CMakeFiles/rt1_assignment2__rosidl_typesupport_introspection_cpp.dir/rosidl_typesupport_introspection_cpp/rt1_assignment2/srv/detail/get_avg_vel__type_support.cpp.o[0m
[0.587s] [ 32%] [32mBuilding CXX object CMakeFiles/rt1_assignment2__rosidl_typesupport_c.dir/rosidl_typesupport_c/rt1_assignment2/srv/get_avg_vel__type_support.cpp.o[0m
[0.587s] [ 33%] [32mBuilding C object CMakeFiles/rt1_assignment2__rosidl_typesupport_introspection_c.dir/rosidl_typesupport_introspection_c/rt1_assignment2/srv/detail/set_threshold__type_support.c.o[0m
[0.588s] [ 37%] [32mBuilding CXX object CMakeFiles/rt1_assignment2__rosidl_typesupport_c.dir/rosidl_typesupport_c/rt1_assignment2/srv/set_threshold__type_support.cpp.o[0m
[0.589s] [ 37%] [32mBuilding CXX object CMakeFiles/rt1_assignment2__rosidl_typesupport_c.dir/rosidl_typesupport_c/rt1_assignment2/msg/info__type_support.cpp.o[0m
[0.591s] [ 39%] [32mBuilding CXX object CMakeFiles/rt1_assignment2__rosidl_typesupport_cpp.dir/rosidl_typesupport_cpp/rt1_assignment2/srv/get_avg_vel__type_support.cpp.o[0m
[0.593s] [ 41%] [32mBuilding CXX object CMakeFiles/rt1_assignment2__rosidl_typesupport_introspection_cpp.dir/rosidl_typesupport_introspection_cpp/rt1_assignment2/srv/detail/set_threshold__type_support.cpp.o[0m
[0.594s] [ 42%] [32mBuilding CXX object CMakeFiles/rt1_assignment2__rosidl_typesupport_fastrtps_c.dir/rosidl_typesupport_fastrtps_c/rt1_assignment2/srv/detail/get_avg_vel__type_support_c.cpp.o[0m
[0.598s] [ 44%] [32mBuilding CXX object CMakeFiles/rt1_assignment2__rosidl_typesupport_fastrtps_cpp.dir/rosidl_typesupport_fastrtps_cpp/rt1_assignment2/msg/detail/dds_fastrtps/info__type_support.cpp.o[0m
[0.600s] [ 48%] [32mBuilding CXX object CMakeFiles/rt1_assignment2__rosidl_typesupport_cpp.dir/rosidl_typesupport_cpp/rt1_assignment2/srv/set_threshold__type_support.cpp.o[0m
[0.601s] [ 48%] [32mBuilding CXX object CMakeFiles/rt1_assignment2__rosidl_typesupport_cpp.dir/rosidl_typesupport_cpp/rt1_assignment2/msg/info__type_support.cpp.o[0m
[0.601s] [ 50%] [32mBuilding CXX object CMakeFiles/rt1_assignment2__rosidl_typesupport_fastrtps_cpp.dir/rosidl_typesupport_fastrtps_cpp/rt1_assignment2/srv/detail/dds_fastrtps/set_threshold__type_support.cpp.o[0m
[0.601s] [ 51%] [32mBuilding CXX object CMakeFiles/rt1_assignment2__rosidl_typesupport_fastrtps_c.dir/rosidl_typesupport_fastrtps_c/rt1_assignment2/srv/detail/set_threshold__type_support_c.cpp.o[0m
[0.602s] [ 53%] [32mBuilding CXX object CMakeFiles/rt1_assignment2__rosidl_typesupport_fastrtps_cpp.dir/rosidl_typesupport_fastrtps_cpp/rt1_assignment2/srv/detail/dds_fastrtps/get_avg_vel__type_support.cpp.o[0m
[0.603s] [ 55%] [32mBuilding CXX object CMakeFiles/rt1_assignment2__rosidl_typesupport_fastrtps_c.dir/rosidl_typesupport_fastrtps_c/rt1_assignment2/msg/detail/info__type_support_c.cpp.o[0m
[0.673s] [ 57%] [32m[1mLinking C shared library librt1_assignment2__rosidl_typesupport_introspection_c.so[0m
[0.681s] [ 58%] [32m[1mLinking CXX shared library librt1_assignment2__rosidl_typesupport_c.so[0m
[0.684s] running egg_info
[0.694s] writing rt1_assignment2.egg-info/PKG-INFO
[0.694s] writing dependency_links to rt1_assignment2.egg-info/dependency_links.txt
[0.694s] writing top-level names to rt1_assignment2.egg-info/top_level.txt
[0.698s] [ 60%] Built target rt1_assignment2__rosidl_typesupport_introspection_c
[0.716s] [ 62%] Built target rt1_assignment2__rosidl_typesupport_c
[0.722s] reading manifest file 'rt1_assignment2.egg-info/SOURCES.txt'
[0.722s] writing manifest file 'rt1_assignment2.egg-info/SOURCES.txt'
[0.743s] [ 62%] Built target ament_cmake_python_build_rt1_assignment2_egg
[0.901s] [ 64%] [32m[1mLinking CXX shared library librt1_assignment2__rosidl_typesupport_introspection_cpp.so[0m
[0.915s] [ 66%] [32m[1mLinking CXX shared library librt1_assignment2__rosidl_typesupport_cpp.so[0m
[0.948s] [ 67%] Built target rt1_assignment2__rosidl_typesupport_introspection_cpp
[0.960s] [ 69%] Built target rt1_assignment2__rosidl_typesupport_cpp
[1.083s] [ 71%] [32m[1mLinking CXX shared library librt1_assignment2__rosidl_typesupport_fastrtps_c.so[0m
[1.150s] [ 73%] [32m[1mLinking CXX shared library librt1_assignment2__rosidl_typesupport_fastrtps_cpp.so[0m
[1.285s] [ 75%] Built target rt1_assignment2__rosidl_typesupport_fastrtps_c
[1.373s] [ 76%] Built target rt1_assignment2__rosidl_typesupport_fastrtps_cpp
[1.436s] [ 76%] Built target rt1_assignment2
[1.509s] [ 78%] Built target rt1_assignment2__py
[1.551s] [ 80%] [32mBuilding CXX object CMakeFiles/safety_controller.dir/src/safety_controller.cpp.o[0m
[1.591s] [ 82%] [32mBuilding C object CMakeFiles/rt1_assignment2__rosidl_generator_py.dir/rosidl_generator_py/rt1_assignment2/msg/_info_s.c.o[0m
[1.594s] [ 83%] [32mBuilding C object CMakeFiles/rt1_assignment2__rosidl_generator_py.dir/rosidl_generator_py/rt1_assignment2/srv/_set_threshold_s.c.o[0m
[1.595s] [ 85%] [32mBuilding C object CMakeFiles/rt1_assignment2__rosidl_generator_py.dir/rosidl_generator_py/rt1_assignment2/srv/_get_avg_vel_s.c.o[0m
[1.825s] [ 87%] [32m[1mLinking C shared library librt1_assignment2__rosidl_generator_py.so[0m
[1.973s] [ 87%] Built target rt1_assignment2__rosidl_generator_py
[2.048s] [ 89%] [32mBuilding C object CMakeFiles/rt1_assignment2_s__rosidl_typesupport_fastrtps_c.dir/rosidl_generator_py/rt1_assignment2/_rt1_assignment2_s.ep.rosidl_typesupport_fastrtps_c.c.o[0m
[2.051s] [ 91%] [32mBuilding C object CMakeFiles/rt1_assignment2_s__rosidl_typesupport_c.dir/rosidl_generator_py/rt1_assignment2/_rt1_assignment2_s.ep.rosidl_typesupport_c.c.o[0m
[2.052s] [ 92%] [32mBuilding C object CMakeFiles/rt1_assignment2_s__rosidl_typesupport_introspection_c.dir/rosidl_generator_py/rt1_assignment2/_rt1_assignment2_s.ep.rosidl_typesupport_introspection_c.c.o[0m
[2.215s] [ 96%] [32m[1mLinking C shared module rosidl_generator_py/rt1_assignment2/rt1_assignment2_s__rosidl_typesupport_introspection_c.so[0m
[2.215s] [ 96%] [32m[1mLinking C shared module rosidl_generator_py/rt1_assignment2/rt1_assignment2_s__rosidl_typesupport_fastrtps_c.so[0m
[2.216s] [ 98%] [32m[1mLinking C shared module rosidl_generator_py/rt1_assignment2/rt1_assignment2_s__rosidl_typesupport_c.so[0m
[2.238s] [ 98%] Built target rt1_assignment2_s__rosidl_typesupport_c
[2.238s] [ 98%] Built target rt1_assignment2_s__rosidl_typesupport_fastrtps_c
[2.238s] [ 98%] Built target rt1_assignment2_s__rosidl_typesupport_introspection_c
[8.229s] [100%] [32m[1mLinking CXX executable safety_controller[0m
[8.905s] [100%] Built target safety_controller
[8.932s] Invoked command in '/home/ertoto/Documenti/GitHub/Mazzotta_RT1_Lab2/ros2_ws/build/rt1_assignment2' returned '0': CMAKE_PREFIX_PATH=${CMAKE_PREFIX_PATH}:/opt/ros/jazzy DEBUGINFOD_URLS=https://debuginfod.ubuntu.com /usr/bin/cmake --build /home/ertoto/Documenti/GitHub/Mazzotta_RT1_Lab2/ros2_ws/build/rt1_assignment2 -- -j32 -l32
[8.936s] Invoking command in '/home/ertoto/Documenti/GitHub/Mazzotta_RT1_Lab2/ros2_ws/build/rt1_assignment2': CMAKE_PREFIX_PATH=${CMAKE_PREFIX_PATH}:/opt/ros/jazzy DEBUGINFOD_URLS=https://debuginfod.ubuntu.com /usr/bin/cmake --install /home/ertoto/Documenti/GitHub/Mazzotta_RT1_Lab2/ros2_ws/build/rt1_assignment2
[8.962s] -- Install configuration: ""
[8.963s] -- Up-to-date: /home/ertoto/Documenti/GitHub/Mazzotta_RT1_Lab2/ros2_ws/install/rt1_assignment2/share/ament_index/resource_index/rosidl_interfaces/rt1_assignment2
[8.963s] -- Up-to-date: /home/ertoto/Documenti/GitHub/Mazzotta_RT1_Lab2/ros2_ws/install/rt1_assignment2/share/rt1_assignment2/msg/Info.json
[8.964s] -- Up-to-date: /home/ertoto/Documenti/GitHub/Mazzotta_RT1_Lab2/ros2_ws/install/rt1_assignment2/share/rt1_assignment2/srv/SetThreshold.json
[8.964s] -- Up-to-date: /home/ertoto/Documenti/GitHub/Mazzotta_RT1_Lab2/ros2_ws/install/rt1_assignment2/share/rt1_assignment2/srv/GetAvgVel.json
[8.964s] -- Up-to-date: /home/ertoto/Documenti/GitHub/Mazzotta_RT1_Lab2/ros2_ws/install/rt1_assignment2/include/rt1_assignment2/rt1_assignment2
[8.964s] -- Up-to-date: /home/ertoto/Documenti/GitHub/Mazzotta_RT1_Lab2/ros2_ws/install/rt1_assignment2/include/rt1_assignment2/rt1_assignment2/srv
[8.965s] -- Up-to-date: /home/ertoto/Documenti/GitHub/Mazzotta_RT1_Lab2/ros2_ws/install/rt1_assignment2/include/rt1_assignment2/rt1_assignment2/srv/detail
[8.965s] -- Up-to-date: /home/ertoto/Documenti/GitHub/Mazzotta_RT1_Lab2/ros2_ws/install/rt1_assignment2/include/rt1_assignment2/rt1_assignment2/srv/detail/set_threshold__struct.h
[8.965s] -- Up-to-date: /home/ertoto/Documenti/GitHub/Mazzotta_RT1_Lab2/ros2_ws/install/rt1_assignment2/include/rt1_assignment2/rt1_assignment2/srv/detail/set_threshold__description.c
[8.965s] -- Up-to-date: /home/ertoto/Documenti/GitHub/Mazzotta_RT1_Lab2/ros2_ws/install/rt1_assignment2/include/rt1_assignment2/rt1_assignment2/srv/detail/get_avg_vel__functions.h
[8.965s] -- Up-to-date: /home/ertoto/Documenti/GitHub/Mazzotta_RT1_Lab2/ros2_ws/install/rt1_assignment2/include/rt1_assignment2/rt1_assignment2/srv/detail/set_threshold__functions.c
[8.966s] -- Up-to-date: /home/ertoto/Documenti/GitHub/Mazzotta_RT1_Lab2/ros2_ws/install/rt1_assignment2/include/rt1_assignment2/rt1_assignment2/srv/detail/get_avg_vel__type_support.h
[8.966s] -- Up-to-date: /home/ertoto/Documenti/GitHub/Mazzotta_RT1_Lab2/ros2_ws/install/rt1_assignment2/include/rt1_assignment2/rt1_assignment2/srv/detail/get_avg_vel__description.c
[8.966s] -- Up-to-date: /home/ertoto/Documenti/GitHub/Mazzotta_RT1_Lab2/ros2_ws/install/rt1_assignment2/include/rt1_assignment2/rt1_assignment2/srv/detail/set_threshold__functions.h
[8.966s] -- Up-to-date: /home/ertoto/Documenti/GitHub/Mazzotta_RT1_Lab2/ros2_ws/install/rt1_assignment2/include/rt1_assignment2/rt1_assignment2/srv/detail/set_threshold__type_support.c
[8.966s] -- Up-to-date: /home/ertoto/Documenti/GitHub/Mazzotta_RT1_Lab2/ros2_ws/install/rt1_assignment2/include/rt1_assignment2/rt1_assignment2/srv/detail/get_avg_vel__struct.h
[8.967s] -- Up-to-date: /home/ertoto/Documenti/GitHub/Mazzotta_RT1_Lab2/ros2_ws/install/rt1_assignment2/include/rt1_assignment2/rt1_assignment2/srv/detail/get_avg_vel__functions.c
[8.967s] -- Up-to-date: /home/ertoto/Documenti/GitHub/Mazzotta_RT1_Lab2/ros2_ws/install/rt1_assignment2/include/rt1_assignment2/rt1_assignment2/srv/detail/get_avg_vel__type_support.c
[8.967s] -- Up-to-date: /home/ertoto/Documenti/GitHub/Mazzotta_RT1_Lab2/ros2_ws/install/rt1_assignment2/include/rt1_assignment2/rt1_assignment2/srv/detail/set_threshold__type_support.h
[8.967s] -- Up-to-date: /home/ertoto/Documenti/GitHub/Mazzotta_RT1_Lab2/ros2_ws/install/rt1_assignment2/include/rt1_assignment2/rt1_assignment2/srv/set_threshold.h
[8.967s] -- Up-to-date: /home/ertoto/Documenti/GitHub/Mazzotta_RT1_Lab2/ros2_ws/install/rt1_assignment2/include/rt1_assignment2/rt1_assignment2/srv/get_avg_vel.h
[8.967s] -- Up-to-date: /home/ertoto/Documenti/GitHub/Mazzotta_RT1_Lab2/ros2_ws/install/rt1_assignment2/include/rt1_assignment2/rt1_assignment2/msg
[8.968s] -- Up-to-date: /home/ertoto/Documenti/GitHub/Mazzotta_RT1_Lab2/ros2_ws/install/rt1_assignment2/include/rt1_assignment2/rt1_assignment2/msg/rosidl_generator_c__visibility_control.h
[8.968s] -- Up-to-date: /home/ertoto/Documenti/GitHub/Mazzotta_RT1_Lab2/ros2_ws/install/rt1_assignment2/include/rt1_assignment2/rt1_assignment2/msg/detail
[8.968s] -- Up-to-date: /home/ertoto/Documenti/GitHub/Mazzotta_RT1_Lab2/ros2_ws/install/rt1_assignment2/include/rt1_assignment2/rt1_assignment2/msg/detail/info__type_support.c
[8.968s] -- Up-to-date: /home/ertoto/Documenti/GitHub/Mazzotta_RT1_Lab2/ros2_ws/install/rt1_assignment2/include/rt1_assignment2/rt1_assignment2/msg/detail/info__functions.h
[8.968s] -- Up-to-date: /home/ertoto/Documenti/GitHub/Mazzotta_RT1_Lab2/ros2_ws/install/rt1_assignment2/include/rt1_assignment2/rt1_assignment2/msg/detail/info__type_support.h
[8.969s] -- Up-to-date: /home/ertoto/Documenti/GitHub/Mazzotta_RT1_Lab2/ros2_ws/install/rt1_assignment2/include/rt1_assignment2/rt1_assignment2/msg/detail/info__struct.h
[8.969s] -- Up-to-date: /home/ertoto/Documenti/GitHub/Mazzotta_RT1_Lab2/ros2_ws/install/rt1_assignment2/include/rt1_assignment2/rt1_assignment2/msg/detail/info__description.c
[8.969s] -- Up-to-date: /home/ertoto/Documenti/GitHub/Mazzotta_RT1_Lab2/ros2_ws/install/rt1_assignment2/include/rt1_assignment2/rt1_assignment2/msg/detail/info__functions.c
[8.969s] -- Up-to-date: /home/ertoto/Documenti/GitHub/Mazzotta_RT1_Lab2/ros2_ws/install/rt1_assignment2/include/rt1_assignment2/rt1_assignment2/msg/info.h
[8.969s] -- Up-to-date: /home/ertoto/Documenti/GitHub/Mazzotta_RT1_Lab2/ros2_ws/install/rt1_assignment2/share/rt1_assignment2/environment/library_path.sh
[8.970s] -- Up-to-date: /home/ertoto/Documenti/GitHub/Mazzotta_RT1_Lab2/ros2_ws/install/rt1_assignment2/share/rt1_assignment2/environment/library_path.dsv
[8.970s] -- Installing: /home/ertoto/Documenti/GitHub/Mazzotta_RT1_Lab2/ros2_ws/install/rt1_assignment2/lib/librt1_assignment2__rosidl_generator_c.so
[8.970s] -- Set non-toolchain portion of runtime path of "/home/ertoto/Documenti/GitHub/Mazzotta_RT1_Lab2/ros2_ws/install/rt1_assignment2/lib/librt1_assignment2__rosidl_generator_c.so" to ""
[8.970s] -- Up-to-date: /home/ertoto/Documenti/GitHub/Mazzotta_RT1_Lab2/ros2_ws/install/rt1_assignment2/include/rt1_assignment2/rt1_assignment2
[8.970s] -- Up-to-date: /home/ertoto/Documenti/GitHub/Mazzotta_RT1_Lab2/ros2_ws/install/rt1_assignment2/include/rt1_assignment2/rt1_assignment2/srv
[8.970s] -- Up-to-date: /home/ertoto/Documenti/GitHub/Mazzotta_RT1_Lab2/ros2_ws/install/rt1_assignment2/include/rt1_assignment2/rt1_assignment2/srv/detail
[8.971s] -- Up-to-date: /home/ertoto/Documenti/GitHub/Mazzotta_RT1_Lab2/ros2_ws/install/rt1_assignment2/include/rt1_assignment2/rt1_assignment2/srv/detail/get_avg_vel__rosidl_typesupport_fastrtps_c.h
[8.971s] -- Up-to-date: /home/ertoto/Documenti/GitHub/Mazzotta_RT1_Lab2/ros2_ws/install/rt1_assignment2/include/rt1_assignment2/rt1_assignment2/srv/detail/set_threshold__rosidl_typesupport_fastrtps_c.h
[8.972s] -- Up-to-date: /home/ertoto/Documenti/GitHub/Mazzotta_RT1_Lab2/ros2_ws/install/rt1_assignment2/include/rt1_assignment2/rt1_assignment2/msg
[8.972s] -- Up-to-date: /home/ertoto/Documenti/GitHub/Mazzotta_RT1_Lab2/ros2_ws/install/rt1_assignment2/include/rt1_assignment2/rt1_assignment2/msg/detail
[8.972s] -- Up-to-date: /home/ertoto/Documenti/GitHub/Mazzotta_RT1_Lab2/ros2_ws/install/rt1_assignment2/include/rt1_assignment2/rt1_assignment2/msg/detail/info__rosidl_typesupport_fastrtps_c.h
[8.972s] -- Up-to-date: /home/ertoto/Documenti/GitHub/Mazzotta_RT1_Lab2/ros2_ws/install/rt1_assignment2/include/rt1_assignment2/rt1_assignment2/msg/rosidl_typesupport_fastrtps_c__visibility_control.h
[8.973s] -- Installing: /home/ertoto/Documenti/GitHub/Mazzotta_RT1_Lab2/ros2_ws/install/rt1_assignment2/lib/librt1_assignment2__rosidl_typesupport_fastrtps_c.so
[8.973s] -- Set non-toolchain portion of runtime path of "/home/ertoto/Documenti/GitHub/Mazzotta_RT1_Lab2/ros2_ws/install/rt1_assignment2/lib/librt1_assignment2__rosidl_typesupport_fastrtps_c.so" to ""
[8.973s] -- Up-to-date: /home/ertoto/Documenti/GitHub/Mazzotta_RT1_Lab2/ros2_ws/install/rt1_assignment2/include/rt1_assignment2/rt1_assignment2
[8.973s] -- Up-to-date: /home/ertoto/Documenti/GitHub/Mazzotta_RT1_Lab2/ros2_ws/install/rt1_assignment2/include/rt1_assignment2/rt1_assignment2/srv
[8.974s] -- Up-to-date: /home/ertoto/Documenti/GitHub/Mazzotta_RT1_Lab2/ros2_ws/install/rt1_assignment2/include/rt1_assignment2/rt1_assignment2/srv/detail
[8.974s] -- Up-to-date: /home/ertoto/Documenti/GitHub/Mazzotta_RT1_Lab2/ros2_ws/install/rt1_assignment2/include/rt1_assignment2/rt1_assignment2/srv/detail/set_threshold__builder.hpp
[8.974s] -- Up-to-date: /home/ertoto/Documenti/GitHub/Mazzotta_RT1_Lab2/ros2_ws/install/rt1_assignment2/include/rt1_assignment2/rt1_assignment2/srv/detail/get_avg_vel__builder.hpp
[8.974s] -- Up-to-date: /home/ertoto/Documenti/GitHub/Mazzotta_RT1_Lab2/ros2_ws/install/rt1_assignment2/include/rt1_assignment2/rt1_assignment2/srv/detail/set_threshold__type_support.hpp
[8.975s] -- Up-to-date: /home/ertoto/Documenti/GitHub/Mazzotta_RT1_Lab2/ros2_ws/install/rt1_assignment2/include/rt1_assignment2/rt1_assignment2/srv/detail/set_threshold__struct.hpp
[8.975s] -- Up-to-date: /home/ertoto/Documenti/GitHub/Mazzotta_RT1_Lab2/ros2_ws/install/rt1_assignment2/include/rt1_assignment2/rt1_assignment2/srv/detail/get_avg_vel__type_support.hpp
[8.975s] -- Up-to-date: /home/ertoto/Documenti/GitHub/Mazzotta_RT1_Lab2/ros2_ws/install/rt1_assignment2/include/rt1_assignment2/rt1_assignment2/srv/detail/get_avg_vel__struct.hpp
[8.975s] -- Up-to-date: /home/ertoto/Documenti/GitHub/Mazzotta_RT1_Lab2/ros2_ws/install/rt1_assignment2/include/rt1_assignment2/rt1_assignment2/srv/detail/set_threshold__traits.hpp
[8.975s] -- Up-to-date: /home/ertoto/Documenti/GitHub/Mazzotta_RT1_Lab2/ros2_ws/install/rt1_assignment2/include/rt1_assignment2/rt1_assignment2/srv/detail/get_avg_vel__traits.hpp
[8.975s] -- Up-to-date: /home/ertoto/Documenti/GitHub/Mazzotta_RT1_Lab2/ros2_ws/install/rt1_assignment2/include/rt1_assignment2/rt1_assignment2/srv/get_avg_vel.hpp
[8.976s] -- Up-to-date: /home/ertoto/Documenti/GitHub/Mazzotta_RT1_Lab2/ros2_ws/install/rt1_assignment2/include/rt1_assignment2/rt1_assignment2/srv/set_threshold.hpp
[8.976s] -- Up-to-date: /home/ertoto/Documenti/GitHub/Mazzotta_RT1_Lab2/ros2_ws/install/rt1_assignment2/include/rt1_assignment2/rt1_assignment2/msg
[8.976s] -- Up-to-date: /home/ertoto/Documenti/GitHub/Mazzotta_RT1_Lab2/ros2_ws/install/rt1_assignment2/include/rt1_assignment2/rt1_assignment2/msg/rosidl_generator_cpp__visibility_control.hpp
[8.976s] -- Up-to-date: /home/ertoto/Documenti/GitHub/Mazzotta_RT1_Lab2/ros2_ws/install/rt1_assignment2/include/rt1_assignment2/rt1_assignment2/msg/detail
[8.977s] -- Up-to-date: /home/ertoto/Documenti/GitHub/Mazzotta_RT1_Lab2/ros2_ws/install/rt1_assignment2/include/rt1_assignment2/rt1_assignment2/msg/detail/info__type_support.hpp
[8.977s] -- Up-to-date: /home/ertoto/Documenti/GitHub/Mazzotta_RT1_Lab2/ros2_ws/install/rt1_assignment2/include/rt1_assignment2/rt1_assignment2/msg/detail/info__struct.hpp
[8.977s] -- Up-to-date: /home/ertoto/Documenti/GitHub/Mazzotta_RT1_Lab2/ros2_ws/install/rt1_assignment2/include/rt1_assignment2/rt1_assignment2/msg/detail/info__traits.hpp
[8.977s] -- Up-to-date: /home/ertoto/Documenti/GitHub/Mazzotta_RT1_Lab2/ros2_ws/install/rt1_assignment2/include/rt1_assignment2/rt1_assignment2/msg/detail/info__builder.hpp
[8.977s] -- Up-to-date: /home/ertoto/Documenti/GitHub/Mazzotta_RT1_Lab2/ros2_ws/install/rt1_assignment2/include/rt1_assignment2/rt1_assignment2/msg/info.hpp
[8.978s] -- Up-to-date: /home/ertoto/Documenti/GitHub/Mazzotta_RT1_Lab2/ros2_ws/install/rt1_assignment2/include/rt1_assignment2/rt1_assignment2
[8.978s] -- Up-to-date: /home/ertoto/Documenti/GitHub/Mazzotta_RT1_Lab2/ros2_ws/install/rt1_assignment2/include/rt1_assignment2/rt1_assignment2/srv
[8.978s] -- Up-to-date: /home/ertoto/Documenti/GitHub/Mazzotta_RT1_Lab2/ros2_ws/install/rt1_assignment2/include/rt1_assignment2/rt1_assignment2/srv/detail
[8.978s] -- Up-to-date: /home/ertoto/Documenti/GitHub/Mazzotta_RT1_Lab2/ros2_ws/install/rt1_assignment2/include/rt1_assignment2/rt1_assignment2/srv/detail/get_avg_vel__rosidl_typesupport_fastrtps_cpp.hpp
[8.978s] -- Up-to-date: /home/ertoto/Documenti/GitHub/Mazzotta_RT1_Lab2/ros2_ws/install/rt1_assignment2/include/rt1_assignment2/rt1_assignment2/srv/detail/dds_fastrtps
[8.979s] -- Up-to-date: /home/ertoto/Documenti/GitHub/Mazzotta_RT1_Lab2/ros2_ws/install/rt1_assignment2/include/rt1_assignment2/rt1_assignment2/srv/detail/set_threshold__rosidl_typesupport_fastrtps_cpp.hpp
[8.979s] -- Up-to-date: /home/ertoto/Documenti/GitHub/Mazzotta_RT1_Lab2/ros2_ws/install/rt1_assignment2/include/rt1_assignment2/rt1_assignment2/msg
[8.979s] -- Up-to-date: /home/ertoto/Documenti/GitHub/Mazzotta_RT1_Lab2/ros2_ws/install/rt1_assignment2/include/rt1_assignment2/rt1_assignment2/msg/detail
[8.979s] -- Up-to-date: /home/ertoto/Documenti/GitHub/Mazzotta_RT1_Lab2/ros2_ws/install/rt1_assignment2/include/rt1_assignment2/rt1_assignment2/msg/detail/info__rosidl_typesupport_fastrtps_cpp.hpp
[8.979s] -- Up-to-date: /home/ertoto/Documenti/GitHub/Mazzotta_RT1_Lab2/ros2_ws/install/rt1_assignment2/include/rt1_assignment2/rt1_assignment2/msg/detail/dds_fastrtps
[8.979s] -- Up-to-date: /home/ertoto/Documenti/GitHub/Mazzotta_RT1_Lab2/ros2_ws/install/rt1_assignment2/include/rt1_assignment2/rt1_assignment2/msg/rosidl_typesupport_fastrtps_cpp__visibility_control.h
[8.980s] -- Installing: /home/ertoto/Documenti/GitHub/Mazzotta_RT1_Lab2/ros2_ws/install/rt1_assignment2/lib/librt1_assignment2__rosidl_typesupport_fastrtps_cpp.so
[8.980s] -- Set non-toolchain portion of runtime path of "/home/ertoto/Documenti/GitHub/Mazzotta_RT1_Lab2/ros2_ws/install/rt1_assignment2/lib/librt1_assignment2__rosidl_typesupport_fastrtps_cpp.so" to ""
[8.980s] -- Up-to-date: /home/ertoto/Documenti/GitHub/Mazzotta_RT1_Lab2/ros2_ws/install/rt1_assignment2/include/rt1_assignment2/rt1_assignment2
[8.980s] -- Up-to-date: /home/ertoto/Documenti/GitHub/Mazzotta_RT1_Lab2/ros2_ws/install/rt1_assignment2/include/rt1_assignment2/rt1_assignment2/srv
[8.980s] -- Up-to-date: /home/ertoto/Documenti/GitHub/Mazzotta_RT1_Lab2/ros2_ws/install/rt1_assignment2/include/rt1_assignment2/rt1_assignment2/srv/detail
[8.980s] -- Up-to-date: /home/ertoto/Documenti/GitHub/Mazzotta_RT1_Lab2/ros2_ws/install/rt1_assignment2/include/rt1_assignment2/rt1_assignment2/srv/detail/get_avg_vel__rosidl_typesupport_introspection_c.h
[8.981s] -- Up-to-date: /home/ertoto/Documenti/GitHub/Mazzotta_RT1_Lab2/ros2_ws/install/rt1_assignment2/include/rt1_assignment2/rt1_assignment2/srv/detail/set_threshold__rosidl_typesupport_introspection_c.h
[8.981s] -- Up-to-date: /home/ertoto/Documenti/GitHub/Mazzotta_RT1_Lab2/ros2_ws/install/rt1_assignment2/include/rt1_assignment2/rt1_assignment2/srv/detail/set_threshold__type_support.c
[8.981s] -- Up-to-date: /home/ertoto/Documenti/GitHub/Mazzotta_RT1_Lab2/ros2_ws/install/rt1_assignment2/include/rt1_assignment2/rt1_assignment2/srv/detail/get_avg_vel__type_support.c
[8.981s] -- Up-to-date: /home/ertoto/Documenti/GitHub/Mazzotta_RT1_Lab2/ros2_ws/install/rt1_assignment2/include/rt1_assignment2/rt1_assignment2/msg
[8.981s] -- Up-to-date: /home/ertoto/Documenti/GitHub/Mazzotta_RT1_Lab2/ros2_ws/install/rt1_assignment2/include/rt1_assignment2/rt1_assignment2/msg/rosidl_typesupport_introspection_c__visibility_control.h
[8.981s] -- Up-to-date: /home/ertoto/Documenti/GitHub/Mazzotta_RT1_Lab2/ros2_ws/install/rt1_assignment2/include/rt1_assignment2/rt1_assignment2/msg/detail
[8.981s] -- Up-to-date: /home/ertoto/Documenti/GitHub/Mazzotta_RT1_Lab2/ros2_ws/install/rt1_assignment2/include/rt1_assignment2/rt1_assignment2/msg/detail/info__type_support.c
[8.982s] -- Up-to-date: /home/ertoto/Documenti/GitHub/Mazzotta_RT1_Lab2/ros2_ws/install/rt1_assignment2/include/rt1_assignment2/rt1_assignment2/msg/detail/info__rosidl_typesupport_introspection_c.h
[8.982s] -- Installing: /home/ertoto/Documenti/GitHub/Mazzotta_RT1_Lab2/ros2_ws/install/rt1_assignment2/lib/librt1_assignment2__rosidl_typesupport_introspection_c.so
[8.982s] -- Set non-toolchain portion of runtime path of "/home/ertoto/Documenti/GitHub/Mazzotta_RT1_Lab2/ros2_ws/install/rt1_assignment2/lib/librt1_assignment2__rosidl_typesupport_introspection_c.so" to ""
[8.982s] -- Installing: /home/ertoto/Documenti/GitHub/Mazzotta_RT1_Lab2/ros2_ws/install/rt1_assignment2/lib/librt1_assignment2__rosidl_typesupport_c.so
[8.982s] -- Set non-toolchain portion of runtime path of "/home/ertoto/Documenti/GitHub/Mazzotta_RT1_Lab2/ros2_ws/install/rt1_assignment2/lib/librt1_assignment2__rosidl_typesupport_c.so" to ""
[8.982s] -- Up-to-date: /home/ertoto/Documenti/GitHub/Mazzotta_RT1_Lab2/ros2_ws/install/rt1_assignment2/include/rt1_assignment2/rt1_assignment2
[8.983s] -- Up-to-date: /home/ertoto/Documenti/GitHub/Mazzotta_RT1_Lab2/ros2_ws/install/rt1_assignment2/include/rt1_assignment2/rt1_assignment2/srv
[8.983s] -- Up-to-date: /home/ertoto/Documenti/GitHub/Mazzotta_RT1_Lab2/ros2_ws/install/rt1_assignment2/include/rt1_assignment2/rt1_assignment2/srv/detail
[8.983s] -- Up-to-date: /home/ertoto/Documenti/GitHub/Mazzotta_RT1_Lab2/ros2_ws/install/rt1_assignment2/include/rt1_assignment2/rt1_assignment2/srv/detail/set_threshold__rosidl_typesupport_introspection_cpp.hpp
[8.983s] -- Up-to-date: /home/ertoto/Documenti/GitHub/Mazzotta_RT1_Lab2/ros2_ws/install/rt1_assignment2/include/rt1_assignment2/rt1_assignment2/srv/detail/set_threshold__type_support.cpp
[8.983s] -- Up-to-date: /home/ertoto/Documenti/GitHub/Mazzotta_RT1_Lab2/ros2_ws/install/rt1_assignment2/include/rt1_assignment2/rt1_assignment2/srv/detail/get_avg_vel__type_support.cpp
[8.983s] -- Up-to-date: /home/ertoto/Documenti/GitHub/Mazzotta_RT1_Lab2/ros2_ws/install/rt1_assignment2/include/rt1_assignment2/rt1_assignment2/srv/detail/get_avg_vel__rosidl_typesupport_introspection_cpp.hpp
[8.984s] -- Up-to-date: /home/ertoto/Documenti/GitHub/Mazzotta_RT1_Lab2/ros2_ws/install/rt1_assignment2/include/rt1_assignment2/rt1_assignment2/msg
[8.984s] -- Up-to-date: /home/ertoto/Documenti/GitHub/Mazzotta_RT1_Lab2/ros2_ws/install/rt1_assignment2/include/rt1_assignment2/rt1_assignment2/msg/detail
[8.984s] -- Up-to-date: /home/ertoto/Documenti/GitHub/Mazzotta_RT1_Lab2/ros2_ws/install/rt1_assignment2/include/rt1_assignment2/rt1_assignment2/msg/detail/info__rosidl_typesupport_introspection_cpp.hpp
[8.984s] -- Up-to-date: /home/ertoto/Documenti/GitHub/Mazzotta_RT1_Lab2/ros2_ws/install/rt1_assignment2/include/rt1_assignment2/rt1_assignment2/msg/detail/info__type_support.cpp
[8.984s] -- Installing: /home/ertoto/Documenti/GitHub/Mazzotta_RT1_Lab2/ros2_ws/install/rt1_assignment2/lib/librt1_assignment2__rosidl_typesupport_introspection_cpp.so
[8.984s] -- Set non-toolchain portion of runtime path of "/home/ertoto/Documenti/GitHub/Mazzotta_RT1_Lab2/ros2_ws/install/rt1_assignment2/lib/librt1_assignment2__rosidl_typesupport_introspection_cpp.so" to ""
[8.985s] -- Installing: /home/ertoto/Documenti/GitHub/Mazzotta_RT1_Lab2/ros2_ws/install/rt1_assignment2/lib/librt1_assignment2__rosidl_typesupport_cpp.so
[8.985s] -- Set non-toolchain portion of runtime path of "/home/ertoto/Documenti/GitHub/Mazzotta_RT1_Lab2/ros2_ws/install/rt1_assignment2/lib/librt1_assignment2__rosidl_typesupport_cpp.so" to ""
[8.985s] -- Up-to-date: /home/ertoto/Documenti/GitHub/Mazzotta_RT1_Lab2/ros2_ws/install/rt1_assignment2/share/rt1_assignment2/environment/pythonpath.sh
[8.985s] -- Up-to-date: /home/ertoto/Documenti/GitHub/Mazzotta_RT1_Lab2/ros2_ws/install/rt1_assignment2/share/rt1_assignment2/environment/pythonpath.dsv
[8.985s] -- Up-to-date: /home/ertoto/Documenti/GitHub/Mazzotta_RT1_Lab2/ros2_ws/install/rt1_assignment2/lib/python3.12/site-packages/rt1_assignment2-0.0.0-py3.12.egg-info
[8.985s] -- Installing: /home/ertoto/Documenti/GitHub/Mazzotta_RT1_Lab2/ros2_ws/install/rt1_assignment2/lib/python3.12/site-packages/rt1_assignment2-0.0.0-py3.12.egg-info/PKG-INFO
[8.985s] -- Installing: /home/ertoto/Documenti/GitHub/Mazzotta_RT1_Lab2/ros2_ws/install/rt1_assignment2/lib/python3.12/site-packages/rt1_assignment2-0.0.0-py3.12.egg-info/top_level.txt
[8.986s] -- Installing: /home/ertoto/Documenti/GitHub/Mazzotta_RT1_Lab2/ros2_ws/install/rt1_assignment2/lib/python3.12/site-packages/rt1_assignment2-0.0.0-py3.12.egg-info/SOURCES.txt
[8.986s] -- Installing: /home/ertoto/Documenti/GitHub/Mazzotta_RT1_Lab2/ros2_ws/install/rt1_assignment2/lib/python3.12/site-packages/rt1_assignment2-0.0.0-py3.12.egg-info/dependency_links.txt
[8.986s] -- Up-to-date: /home/ertoto/Documenti/GitHub/Mazzotta_RT1_Lab2/ros2_ws/install/rt1_assignment2/lib/python3.12/site-packages/rt1_assignment2
[8.986s] -- Installing: /home/ertoto/Documenti/GitHub/Mazzotta_RT1_Lab2/ros2_ws/install/rt1_assignment2/lib/python3.12/site-packages/rt1_assignment2/rt1_assignment2_s__rosidl_typesupport_fastrtps_c.so
[8.986s] -- Up-to-date: /home/ertoto/Documenti/GitHub/Mazzotta_RT1_Lab2/ros2_ws/install/rt1_assignment2/lib/python3.12/site-packages/rt1_assignment2/_rt1_assignment2_s.ep.rosidl_typesupport_fastrtps_c.c
[8.986s] -- Installing: /home/ertoto/Documenti/GitHub/Mazzotta_RT1_Lab2/ros2_ws/install/rt1_assignment2/lib/python3.12/site-packages/rt1_assignment2/rt1_assignment2_s__rosidl_typesupport_introspection_c.so
[8.987s] -- Up-to-date: /home/ertoto/Documenti/GitHub/Mazzotta_RT1_Lab2/ros2_ws/install/rt1_assignment2/lib/python3.12/site-packages/rt1_assignment2/__init__.py
[8.987s] -- Up-to-date: /home/ertoto/Documenti/GitHub/Mazzotta_RT1_Lab2/ros2_ws/install/rt1_assignment2/lib/python3.12/site-packages/rt1_assignment2/_rt1_assignment2_s.ep.rosidl_typesupport_introspection_c.c
[8.987s] -- Installing: /home/ertoto/Documenti/GitHub/Mazzotta_RT1_Lab2/ros2_ws/install/rt1_assignment2/lib/python3.12/site-packages/rt1_assignment2/rt1_assignment2_s__rosidl_typesupport_c.so
[8.987s] -- Up-to-date: /home/ertoto/Documenti/GitHub/Mazzotta_RT1_Lab2/ros2_ws/install/rt1_assignment2/lib/python3.12/site-packages/rt1_assignment2/srv
[8.987s] -- Up-to-date: /home/ertoto/Documenti/GitHub/Mazzotta_RT1_Lab2/ros2_ws/install/rt1_assignment2/lib/python3.12/site-packages/rt1_assignment2/srv/__init__.py
[8.987s] -- Up-to-date: /home/ertoto/Documenti/GitHub/Mazzotta_RT1_Lab2/ros2_ws/install/rt1_assignment2/lib/python3.12/site-packages/rt1_assignment2/srv/_get_avg_vel.py
[8.988s] -- Up-to-date: /home/ertoto/Documenti/GitHub/Mazzotta_RT1_Lab2/ros2_ws/install/rt1_assignment2/lib/python3.12/site-packages/rt1_assignment2/srv/_set_threshold.py
[8.988s] -- Up-to-date: /home/ertoto/Documenti/GitHub/Mazzotta_RT1_Lab2/ros2_ws/install/rt1_assignment2/lib/python3.12/site-packages/rt1_assignment2/srv/_set_threshold_s.c
[8.988s] -- Up-to-date: /home/ertoto/Documenti/GitHub/Mazzotta_RT1_Lab2/ros2_ws/install/rt1_assignment2/lib/python3.12/site-packages/rt1_assignment2/srv/_get_avg_vel_s.c
[8.988s] -- Up-to-date: /home/ertoto/Documenti/GitHub/Mazzotta_RT1_Lab2/ros2_ws/install/rt1_assignment2/lib/python3.12/site-packages/rt1_assignment2/_rt1_assignment2_s.ep.rosidl_typesupport_c.c
[8.988s] -- Up-to-date: /home/ertoto/Documenti/GitHub/Mazzotta_RT1_Lab2/ros2_ws/install/rt1_assignment2/lib/python3.12/site-packages/rt1_assignment2/msg
[8.988s] -- Up-to-date: /home/ertoto/Documenti/GitHub/Mazzotta_RT1_Lab2/ros2_ws/install/rt1_assignment2/lib/python3.12/site-packages/rt1_assignment2/msg/__init__.py
[8.988s] -- Up-to-date: /home/ertoto/Documenti/GitHub/Mazzotta_RT1_Lab2/ros2_ws/install/rt1_assignment2/lib/python3.12/site-packages/rt1_assignment2/msg/_info_s.c
[8.989s] -- Up-to-date: /home/ertoto/Documenti/GitHub/Mazzotta_RT1_Lab2/ros2_ws/install/rt1_assignment2/lib/python3.12/site-packages/rt1_assignment2/msg/_info.py
[9.105s] Listing '/home/ertoto/Documenti/GitHub/Mazzotta_RT1_Lab2/ros2_ws/install/rt1_assignment2/lib/python3.12/site-packages/rt1_assignment2'...
[9.105s] Listing '/home/ertoto/Documenti/GitHub/Mazzotta_RT1_Lab2/ros2_ws/install/rt1_assignment2/lib/python3.12/site-packages/rt1_assignment2/msg'...
[9.105s] Listing '/home/ertoto/Documenti/GitHub/Mazzotta_RT1_Lab2/ros2_ws/install/rt1_assignment2/lib/python3.12/site-packages/rt1_assignment2/srv'...
[9.119s] -- Installing: /home/ertoto/Documenti/GitHub/Mazzotta_RT1_Lab2/ros2_ws/install/rt1_assignment2/lib/python3.12/site-packages/rt1_assignment2/rt1_assignment2_s__rosidl_typesupport_fastrtps_c.so
[9.120s] -- Set non-toolchain portion of runtime path of "/home/ertoto/Documenti/GitHub/Mazzotta_RT1_Lab2/ros2_ws/install/rt1_assignment2/lib/python3.12/site-packages/rt1_assignment2/rt1_assignment2_s__rosidl_typesupport_fastrtps_c.so" to ""
[9.121s] -- Installing: /home/ertoto/Documenti/GitHub/Mazzotta_RT1_Lab2/ros2_ws/install/rt1_assignment2/lib/python3.12/site-packages/rt1_assignment2/rt1_assignment2_s__rosidl_typesupport_introspection_c.so
[9.121s] -- Set non-toolchain portion of runtime path of "/home/ertoto/Documenti/GitHub/Mazzotta_RT1_Lab2/ros2_ws/install/rt1_assignment2/lib/python3.12/site-packages/rt1_assignment2/rt1_assignment2_s__rosidl_typesupport_introspection_c.so" to ""
[9.122s] -- Installing: /home/ertoto/Documenti/GitHub/Mazzotta_RT1_Lab2/ros2_ws/install/rt1_assignment2/lib/python3.12/site-packages/rt1_assignment2/rt1_assignment2_s__rosidl_typesupport_c.so
[9.122s] -- Set non-toolchain portion of runtime path of "/home/ertoto/Documenti/GitHub/Mazzotta_RT1_Lab2/ros2_ws/install/rt1_assignment2/lib/python3.12/site-packages/rt1_assignment2/rt1_assignment2_s__rosidl_typesupport_c.so" to ""
[9.122s] -- Installing: /home/ertoto/Documenti/GitHub/Mazzotta_RT1_Lab2/ros2_ws/install/rt1_assignment2/lib/librt1_assignment2__rosidl_generator_py.so
[9.123s] -- Set non-toolchain portion of runtime path of "/home/ertoto/Documenti/GitHub/Mazzotta_RT1_Lab2/ros2_ws/install/rt1_assignment2/lib/librt1_assignment2__rosidl_generator_py.so" to ""
[9.123s] -- Up-to-date: /home/ertoto/Documenti/GitHub/Mazzotta_RT1_Lab2/ros2_ws/install/rt1_assignment2/share/rt1_assignment2/msg/Info.idl
[9.123s] -- Up-to-date: /home/ertoto/Documenti/GitHub/Mazzotta_RT1_Lab2/ros2_ws/install/rt1_assignment2/share/rt1_assignment2/srv/SetThreshold.idl
[9.124s] -- Up-to-date: /home/ertoto/Documenti/GitHub/Mazzotta_RT1_Lab2/ros2_ws/install/rt1_assignment2/share/rt1_assignment2/srv/GetAvgVel.idl
[9.124s] -- Up-to-date: /home/ertoto/Documenti/GitHub/Mazzotta_RT1_Lab2/ros2_ws/install/rt1_assignment2/share/rt1_assignment2/msg/Info.msg
[9.124s] -- Up-to-date: /home/ertoto/Documenti/GitHub/Mazzotta_RT1_Lab2/ros2_ws/install/rt1_assignment2/share/rt1_assignment2/srv/SetThreshold.srv
[9.124s] -- Up-to-date: /home/ertoto/Documenti/GitHub/Mazzotta_RT1_Lab2/ros2_ws/install/rt1_assignment2/share/rt1_assignment2/srv/GetAvgVel.srv
[9.124s] -- Up-to-date: /home/ertoto/Documenti/GitHub/Mazzotta_RT1_Lab2/ros2_ws/install/rt1_assignment2/share/ament_index/resource_index/package_run_dependencies/rt1_assignment2
[9.124s] -- Up-to-date: /home/ertoto/Documenti/GitHub/Mazzotta_RT1_Lab2/ros2_ws/install/rt1_assignment2/share/ament_index/resource_index/parent_prefix_path/rt1_assignment2
[9.125s] -- Up-to-date: /home/ertoto/Documenti/GitHub/Mazzotta_RT1_Lab2/ros2_ws/install/rt1_assignment2/share/rt1_assignment2/environment/ament_prefix_path.sh
[9.125s] -- Up-to-date: /home/ertoto/Documenti/GitHub/Mazzotta_RT1_Lab2/ros2_ws/install/rt1_assignment2/share/rt1_assignment2/environment/ament_prefix_path.dsv
[9.125s] -- Up-to-date: /home/ertoto/Documenti/GitHub/Mazzotta_RT1_Lab2/ros2_ws/install/rt1_assignment2/share/rt1_assignment2/environment/path.sh
[9.125s] -- Up-to-date: /home/ertoto/Documenti/GitHub/Mazzotta_RT1_Lab2/ros2_ws/install/rt1_assignment2/share/rt1_assignment2/environment/path.dsv
[9.125s] -- Up-to-date: /home/ertoto/Documenti/GitHub/Mazzotta_RT1_Lab2/ros2_ws/install/rt1_assignment2/share/rt1_assignment2/local_setup.bash
[9.125s] -- Up-to-date: /home/ertoto/Documenti/GitHub/Mazzotta_RT1_Lab2/ros2_ws/install/rt1_assignment2/share/rt1_assignment2/local_setup.sh
[9.126s] -- Up-to-date: /home/ertoto/Documenti/GitHub/Mazzotta_RT1_Lab2/ros2_ws/install/rt1_assignment2/share/rt1_assignment2/local_setup.zsh
[9.126s] -- Up-to-date: /home/ertoto/Documenti/GitHub/Mazzotta_RT1_Lab2/ros2_ws/install/rt1_assignment2/share/rt1_assignment2/local_setup.dsv
[9.126s] -- Installing: /home/ertoto/Documenti/GitHub/Mazzotta_RT1_Lab2/ros2_ws/install/rt1_assignment2/share/rt1_assignment2/package.dsv
[9.126s] -- Up-to-date: /home/ertoto/Documenti/GitHub/Mazzotta_RT1_Lab2/ros2_ws/install/rt1_assignment2/share/ament_index/resource_index/packages/rt1_assignment2
[9.126s] -- Up-to-date: /home/ertoto/Documenti/GitHub/Mazzotta_RT1_Lab2/ros2_ws/install/rt1_assignment2/share/rt1_assignment2/cmake/export_rt1_assignment2__rosidl_generator_cExport.cmake
[9.126s] -- Up-to-date: /home/ertoto/Documenti/GitHub/Mazzotta_RT1_Lab2/ros2_ws/install/rt1_assignment2/share/rt1_assignment2/cmake/export_rt1_assignment2__rosidl_generator_cExport-noconfig.cmake
[9.127s] -- Up-to-date: /home/ertoto/Documenti/GitHub/Mazzotta_RT1_Lab2/ros2_ws/install/rt1_assignment2/share/rt1_assignment2/cmake/export_rt1_assignment2__rosidl_typesupport_fastrtps_cExport.cmake
[9.127s] -- Up-to-date: /home/ertoto/Documenti/GitHub/Mazzotta_RT1_Lab2/ros2_ws/install/rt1_assignment2/share/rt1_assignment2/cmake/export_rt1_assignment2__rosidl_typesupport_fastrtps_cExport-noconfig.cmake
[9.127s] -- Up-to-date: /home/ertoto/Documenti/GitHub/Mazzotta_RT1_Lab2/ros2_ws/install/rt1_assignment2/share/rt1_assignment2/cmake/export_rt1_assignment2__rosidl_generator_cppExport.cmake
[9.127s] -- Up-to-date: /home/ertoto/Documenti/GitHub/Mazzotta_RT1_Lab2/ros2_ws/install/rt1_assignment2/share/rt1_assignment2/cmake/export_rt1_assignment2__rosidl_typesupport_fastrtps_cppExport.cmake
[9.127s] -- Up-to-date: /home/ertoto/Documenti/GitHub/Mazzotta_RT1_Lab2/ros2_ws/install/rt1_assignment2/share/rt1_assignment2/cmake/export_rt1_assignment2__rosidl_typesupport_fastrtps_cppExport-noconfig.cmake
[9.127s] -- Up-to-date: /home/ertoto/Documenti/GitHub/Mazzotta_RT1_Lab2/ros2_ws/install/rt1_assignment2/share/rt1_assignment2/cmake/rt1_assignment2__rosidl_typesupport_introspection_cExport.cmake
[9.128s] -- Up-to-date: /home/ertoto/Documenti/GitHub/Mazzotta_RT1_Lab2/ros2_ws/install/rt1_assignment2/share/rt1_assignment2/cmake/rt1_assignment2__rosidl_typesupport_introspection_cExport-noconfig.cmake
[9.128s] -- Up-to-date: /home/ertoto/Documenti/GitHub/Mazzotta_RT1_Lab2/ros2_ws/install/rt1_assignment2/share/rt1_assignment2/cmake/rt1_assignment2__rosidl_typesupport_cExport.cmake
[9.128s] -- Up-to-date: /home/ertoto/Documenti/GitHub/Mazzotta_RT1_Lab2/ros2_ws/install/rt1_assignment2/share/rt1_assignment2/cmake/rt1_assignment2__rosidl_typesupport_cExport-noconfig.cmake
[9.128s] -- Up-to-date: /home/ertoto/Documenti/GitHub/Mazzotta_RT1_Lab2/ros2_ws/install/rt1_assignment2/share/rt1_assignment2/cmake/rt1_assignment2__rosidl_typesupport_introspection_cppExport.cmake
[9.128s] -- Up-to-date: /home/ertoto/Documenti/GitHub/Mazzotta_RT1_Lab2/ros2_ws/install/rt1_assignment2/share/rt1_assignment2/cmake/rt1_assignment2__rosidl_typesupport_introspection_cppExport-noconfig.cmake
[9.128s] -- Up-to-date: /home/ertoto/Documenti/GitHub/Mazzotta_RT1_Lab2/ros2_ws/install/rt1_assignment2/share/rt1_assignment2/cmake/rt1_assignment2__rosidl_typesupport_cppExport.cmake
[9.129s] -- Up-to-date: /home/ertoto/Documenti/GitHub/Mazzotta_RT1_Lab2/ros2_ws/install/rt1_assignment2/share/rt1_assignment2/cmake/rt1_assignment2__rosidl_typesupport_cppExport-noconfig.cmake
[9.129s] -- Up-to-date: /home/ertoto/Documenti/GitHub/Mazzotta_RT1_Lab2/ros2_ws/install/rt1_assignment2/share/rt1_assignment2/cmake/export_rt1_assignment2__rosidl_generator_pyExport.cmake
[9.129s] -- Up-to-date: /home/ertoto/Documenti/GitHub/Mazzotta_RT1_Lab2/ros2_ws/install/rt1_assignment2/share/rt1_assignment2/cmake/export_rt1_assignment2__rosidl_generator_pyExport-noconfig.cmake
[9.129s] -- Up-to-date: /home/ertoto/Documenti/GitHub/Mazzotta_RT1_Lab2/ros2_ws/install/rt1_assignment2/share/rt1_assignment2/cmake/rosidl_cmake-extras.cmake
[9.129s] -- Up-to-date: /home/ertoto/Documenti/GitHub/Mazzotta_RT1_Lab2/ros2_ws/install/rt1_assignment2/share/rt1_assignment2/cmake/ament_cmake_export_dependencies-extras.cmake
[9.129s] -- Up-to-date: /home/ertoto/Documenti/GitHub/Mazzotta_RT1_Lab2/ros2_ws/install/rt1_assignment2/share/rt1_assignment2/cmake/ament_cmake_export_include_directories-extras.cmake
[9.129s] -- Up-to-date: /home/ertoto/Documenti/GitHub/Mazzotta_RT1_Lab2/ros2_ws/install/rt1_assignment2/share/rt1_assignment2/cmake/ament_cmake_export_libraries-extras.cmake
[9.130s] -- Up-to-date: /home/ertoto/Documenti/GitHub/Mazzotta_RT1_Lab2/ros2_ws/install/rt1_assignment2/share/rt1_assignment2/cmake/ament_cmake_export_targets-extras.cmake
[9.130s] -- Up-to-date: /home/ertoto/Documenti/GitHub/Mazzotta_RT1_Lab2/ros2_ws/install/rt1_assignment2/share/rt1_assignment2/cmake/rosidl_cmake_export_typesupport_targets-extras.cmake
[9.130s] -- Up-to-date: /home/ertoto/Documenti/GitHub/Mazzotta_RT1_Lab2/ros2_ws/install/rt1_assignment2/share/rt1_assignment2/cmake/rosidl_cmake_export_typesupport_libraries-extras.cmake
[9.130s] -- Up-to-date: /home/ertoto/Documenti/GitHub/Mazzotta_RT1_Lab2/ros2_ws/install/rt1_assignment2/share/rt1_assignment2/cmake/rt1_assignment2Config.cmake
[9.130s] -- Up-to-date: /home/ertoto/Documenti/GitHub/Mazzotta_RT1_Lab2/ros2_ws/install/rt1_assignment2/share/rt1_assignment2/cmake/rt1_assignment2Config-version.cmake
[9.130s] -- Up-to-date: /home/ertoto/Documenti/GitHub/Mazzotta_RT1_Lab2/ros2_ws/install/rt1_assignment2/share/rt1_assignment2/package.xml
[9.130s] -- Installing: /home/ertoto/Documenti/GitHub/Mazzotta_RT1_Lab2/ros2_ws/install/rt1_assignment2/lib/rt1_assignment2/safety_controller
[9.145s] -- Set non-toolchain portion of runtime path of "/home/ertoto/Documenti/GitHub/Mazzotta_RT1_Lab2/ros2_ws/install/rt1_assignment2/lib/rt1_assignment2/safety_controller" to ""
[9.145s] -- Up-to-date: /home/ertoto/Documenti/GitHub/Mazzotta_RT1_Lab2/ros2_ws/install/rt1_assignment2/lib/rt1_assignment2/user_interface
[9.145s] -- Up-to-date: /home/ertoto/Documenti/GitHub/Mazzotta_RT1_Lab2/ros2_ws/install/rt1_assignment2/share/rt1_assignment2//launch
[9.146s] -- Up-to-date: /home/ertoto/Documenti/GitHub/Mazzotta_RT1_Lab2/ros2_ws/install/rt1_assignment2/share/rt1_assignment2//launch/assignment2.launch.py
[9.151s] Invoked command in '/home/ertoto/Documenti/GitHub/Mazzotta_RT1_Lab2/ros2_ws/build/rt1_assignment2' returned '0': CMAKE_PREFIX_PATH=${CMAKE_PREFIX_PATH}:/opt/ros/jazzy DEBUGINFOD_URLS=https://debuginfod.ubuntu.com /usr/bin/cmake --install /home/ertoto/Documenti/GitHub/Mazzotta_RT1_Lab2/ros2_ws/build/rt1_assignment2
