[0.011s] Invoking command in '/home/ertoto/Documenti/GitHub/Mazzotta_RT1_Lab2/ros2_ws/build/bme_gazebo_sensors': CMAKE_PREFIX_PATH=${CMAKE_PREFIX_PATH}:/opt/ros/jazzy DEBUGINFOD_URLS=https://debuginfod.ubuntu.com /usr/bin/cmake /home/ertoto/Documenti/GitHub/Mazzotta_RT1_Lab2/ros2_ws/src/bme_gazebo_sensors -DCMAKE_INSTALL_PREFIX=/home/ertoto/Documenti/GitHub/Mazzotta_RT1_Lab2/ros2_ws/install/bme_gazebo_sensors
[0.241s] -- The C compiler identification is GNU 13.3.0
[0.411s] -- The CXX compiler identification is GNU 13.3.0
[0.435s] -- Detecting C compiler ABI info
[0.655s] -- Detecting C compiler ABI info - done
[0.673s] -- Check for working C compiler: /usr/bin/cc - skipped
[0.673s] -- Detecting C compile features
[0.674s] -- Detecting C compile features - done
[0.682s] -- Detecting CXX compiler ABI info
[0.755s] -- Detecting CXX compiler ABI info - done
[0.765s] -- Check for working CXX compiler: /usr/bin/c++ - skipped
[0.765s] -- Detecting CXX compile features
[0.765s] -- Detecting CXX compile features - done
[0.772s] -- Found ament_cmake: 2.5.4 (/opt/ros/jazzy/share/ament_cmake/cmake)
[0.893s] -- Found Python3: /usr/bin/python3 (found version "3.12.3") found components: Interpreter 
[0.970s] -- Found ament_lint_auto: 0.17.3 (/opt/ros/jazzy/share/ament_lint_auto/cmake)
[1.045s] -- Added test 'flake8' to check Python code syntax and style conventions
[1.045s] -- Configured 'flake8' exclude dirs and/or files: 
[1.046s] -- Added test 'lint_cmake' to check CMake code style
[1.047s] -- Added test 'pep257' to check Python code against some of the docstring style conventions in PEP 257
[1.049s] -- Added test 'xmllint' to check XML markup files
[1.051s] -- Configuring done (1.0s)
[1.054s] -- Generating done (0.0s)
[1.056s] -- Build files have been written to: /home/ertoto/Documenti/GitHub/Mazzotta_RT1_Lab2/ros2_ws/build/bme_gazebo_sensors
[1.063s] Invoked command in '/home/ertoto/Documenti/GitHub/Mazzotta_RT1_Lab2/ros2_ws/build/bme_gazebo_sensors' returned '0': CMAKE_PREFIX_PATH=${CMAKE_PREFIX_PATH}:/opt/ros/jazzy DEBUGINFOD_URLS=https://debuginfod.ubuntu.com /usr/bin/cmake /home/ertoto/Documenti/GitHub/Mazzotta_RT1_Lab2/ros2_ws/src/bme_gazebo_sensors -DCMAKE_INSTALL_PREFIX=/home/ertoto/Documenti/GitHub/Mazzotta_RT1_Lab2/ros2_ws/install/bme_gazebo_sensors
[1.064s] Invoking command in '/home/ertoto/Documenti/GitHub/Mazzotta_RT1_Lab2/ros2_ws/build/bme_gazebo_sensors': CMAKE_PREFIX_PATH=${CMAKE_PREFIX_PATH}:/opt/ros/jazzy DEBUGINFOD_URLS=https://debuginfod.ubuntu.com /usr/bin/cmake --build /home/ertoto/Documenti/GitHub/Mazzotta_RT1_Lab2/ros2_ws/build/bme_gazebo_sensors -- -j32 -l32
[1.125s] Invoked command in '/home/ertoto/Documenti/GitHub/Mazzotta_RT1_Lab2/ros2_ws/build/bme_gazebo_sensors' returned '0': CMAKE_PREFIX_PATH=${CMAKE_PREFIX_PATH}:/opt/ros/jazzy DEBUGINFOD_URLS=https://debuginfod.ubuntu.com /usr/bin/cmake --build /home/ertoto/Documenti/GitHub/Mazzotta_RT1_Lab2/ros2_ws/build/bme_gazebo_sensors -- -j32 -l32
[1.152s] Invoking command in '/home/ertoto/Documenti/GitHub/Mazzotta_RT1_Lab2/ros2_ws/build/bme_gazebo_sensors': CMAKE_PREFIX_PATH=${CMAKE_PREFIX_PATH}:/opt/ros/jazzy DEBUGINFOD_URLS=https://debuginfod.ubuntu.com /usr/bin/cmake --install /home/ertoto/Documenti/GitHub/Mazzotta_RT1_Lab2/ros2_ws/build/bme_gazebo_sensors
[1.176s] -- Install configuration: ""
[1.176s] -- Installing: /home/ertoto/Documenti/GitHub/Mazzotta_RT1_Lab2/ros2_ws/install/bme_gazebo_sensors/share/bme_gazebo_sensors/launch
[1.177s] -- Installing: /home/ertoto/Documenti/GitHub/Mazzotta_RT1_Lab2/ros2_ws/install/bme_gazebo_sensors/share/bme_gazebo_sensors/launch/world.launch.py
[1.177s] -- Installing: /home/ertoto/Documenti/GitHub/Mazzotta_RT1_Lab2/ros2_ws/install/bme_gazebo_sensors/share/bme_gazebo_sensors/launch/spawn_robot.launch.py
[1.178s] -- Installing: /home/ertoto/Documenti/GitHub/Mazzotta_RT1_Lab2/ros2_ws/install/bme_gazebo_sensors/share/bme_gazebo_sensors/worlds
[1.178s] -- Installing: /home/ertoto/Documenti/GitHub/Mazzotta_RT1_Lab2/ros2_ws/install/bme_gazebo_sensors/share/bme_gazebo_sensors/worlds/my_world.sdf
[1.179s] -- Installing: /home/ertoto/Documenti/GitHub/Mazzotta_RT1_Lab2/ros2_ws/install/bme_gazebo_sensors/share/bme_gazebo_sensors/worlds/my.sdf
[1.179s] -- Installing: /home/ertoto/Documenti/GitHub/Mazzotta_RT1_Lab2/ros2_ws/install/bme_gazebo_sensors/share/bme_gazebo_sensors/worlds/world.sdf
[1.180s] -- Installing: /home/ertoto/Documenti/GitHub/Mazzotta_RT1_Lab2/ros2_ws/install/bme_gazebo_sensors/share/bme_gazebo_sensors/worlds/home.sdf
[1.180s] -- Installing: /home/ertoto/Documenti/GitHub/Mazzotta_RT1_Lab2/ros2_ws/install/bme_gazebo_sensors/share/bme_gazebo_sensors/rviz
[1.180s] -- Installing: /home/ertoto/Documenti/GitHub/Mazzotta_RT1_Lab2/ros2_ws/install/bme_gazebo_sensors/share/bme_gazebo_sensors/rviz/rviz.rviz
[1.181s] -- Installing: /home/ertoto/Documenti/GitHub/Mazzotta_RT1_Lab2/ros2_ws/install/bme_gazebo_sensors/share/bme_gazebo_sensors/rviz/gps.rviz
[1.181s] -- Installing: /home/ertoto/Documenti/GitHub/Mazzotta_RT1_Lab2/ros2_ws/install/bme_gazebo_sensors/share/bme_gazebo_sensors/rviz/urdf.rviz
[1.181s] -- Installing: /home/ertoto/Documenti/GitHub/Mazzotta_RT1_Lab2/ros2_ws/install/bme_gazebo_sensors/share/bme_gazebo_sensors/urdf
[1.181s] -- Installing: /home/ertoto/Documenti/GitHub/Mazzotta_RT1_Lab2/ros2_ws/install/bme_gazebo_sensors/share/bme_gazebo_sensors/urdf/materials.xacro
[1.181s] -- Installing: /home/ertoto/Documenti/GitHub/Mazzotta_RT1_Lab2/ros2_ws/install/bme_gazebo_sensors/share/bme_gazebo_sensors/urdf/mogi_bot.gazebo
[1.181s] -- Installing: /home/ertoto/Documenti/GitHub/Mazzotta_RT1_Lab2/ros2_ws/install/bme_gazebo_sensors/share/bme_gazebo_sensors/urdf/mogi_bot.urdf
[1.182s] -- Installing: /home/ertoto/Documenti/GitHub/Mazzotta_RT1_Lab2/ros2_ws/install/bme_gazebo_sensors/share/bme_gazebo_sensors/meshes
[1.182s] -- Installing: /home/ertoto/Documenti/GitHub/Mazzotta_RT1_Lab2/ros2_ws/install/bme_gazebo_sensors/share/bme_gazebo_sensors/meshes/wheel.dae
[1.183s] -- Installing: /home/ertoto/Documenti/GitHub/Mazzotta_RT1_Lab2/ros2_ws/install/bme_gazebo_sensors/share/bme_gazebo_sensors/meshes/mogi_bot.dae
[1.183s] -- Installing: /home/ertoto/Documenti/GitHub/Mazzotta_RT1_Lab2/ros2_ws/install/bme_gazebo_sensors/share/bme_gazebo_sensors/meshes/lidar.dae
[1.183s] -- Installing: /home/ertoto/Documenti/GitHub/Mazzotta_RT1_Lab2/ros2_ws/install/bme_gazebo_sensors/share/bme_gazebo_sensors/config
[1.183s] -- Installing: /home/ertoto/Documenti/GitHub/Mazzotta_RT1_Lab2/ros2_ws/install/bme_gazebo_sensors/share/bme_gazebo_sensors/config/ekf.yaml
[1.184s] -- Installing: /home/ertoto/Documenti/GitHub/Mazzotta_RT1_Lab2/ros2_ws/install/bme_gazebo_sensors/share/ament_index/resource_index/package_run_dependencies/bme_gazebo_sensors
[1.184s] -- Installing: /home/ertoto/Documenti/GitHub/Mazzotta_RT1_Lab2/ros2_ws/install/bme_gazebo_sensors/share/ament_index/resource_index/parent_prefix_path/bme_gazebo_sensors
[1.184s] -- Installing: /home/ertoto/Documenti/GitHub/Mazzotta_RT1_Lab2/ros2_ws/install/bme_gazebo_sensors/share/bme_gazebo_sensors/environment/ament_prefix_path.sh
[1.184s] -- Installing: /home/ertoto/Documenti/GitHub/Mazzotta_RT1_Lab2/ros2_ws/install/bme_gazebo_sensors/share/bme_gazebo_sensors/environment/ament_prefix_path.dsv
[1.184s] -- Installing: /home/ertoto/Documenti/GitHub/Mazzotta_RT1_Lab2/ros2_ws/install/bme_gazebo_sensors/share/bme_gazebo_sensors/environment/path.sh
[1.184s] -- Installing: /home/ertoto/Documenti/GitHub/Mazzotta_RT1_Lab2/ros2_ws/install/bme_gazebo_sensors/share/bme_gazebo_sensors/environment/path.dsv
[1.185s] -- Installing: /home/ertoto/Documenti/GitHub/Mazzotta_RT1_Lab2/ros2_ws/install/bme_gazebo_sensors/share/bme_gazebo_sensors/local_setup.bash
[1.185s] -- Installing: /home/ertoto/Documenti/GitHub/Mazzotta_RT1_Lab2/ros2_ws/install/bme_gazebo_sensors/share/bme_gazebo_sensors/local_setup.sh
[1.185s] -- Installing: /home/ertoto/Documenti/GitHub/Mazzotta_RT1_Lab2/ros2_ws/install/bme_gazebo_sensors/share/bme_gazebo_sensors/local_setup.zsh
[1.185s] -- Installing: /home/ertoto/Documenti/GitHub/Mazzotta_RT1_Lab2/ros2_ws/install/bme_gazebo_sensors/share/bme_gazebo_sensors/local_setup.dsv
[1.186s] -- Installing: /home/ertoto/Documenti/GitHub/Mazzotta_RT1_Lab2/ros2_ws/install/bme_gazebo_sensors/share/bme_gazebo_sensors/package.dsv
[1.186s] -- Installing: /home/ertoto/Documenti/GitHub/Mazzotta_RT1_Lab2/ros2_ws/install/bme_gazebo_sensors/share/ament_index/resource_index/packages/bme_gazebo_sensors
[1.186s] -- Installing: /home/ertoto/Documenti/GitHub/Mazzotta_RT1_Lab2/ros2_ws/install/bme_gazebo_sensors/share/bme_gazebo_sensors/cmake/bme_gazebo_sensorsConfig.cmake
[1.186s] -- Installing: /home/ertoto/Documenti/GitHub/Mazzotta_RT1_Lab2/ros2_ws/install/bme_gazebo_sensors/share/bme_gazebo_sensors/cmake/bme_gazebo_sensorsConfig-version.cmake
[1.186s] -- Installing: /home/ertoto/Documenti/GitHub/Mazzotta_RT1_Lab2/ros2_ws/install/bme_gazebo_sensors/share/bme_gazebo_sensors/package.xml
[1.189s] Invoked command in '/home/ertoto/Documenti/GitHub/Mazzotta_RT1_Lab2/ros2_ws/build/bme_gazebo_sensors' returned '0': CMAKE_PREFIX_PATH=${CMAKE_PREFIX_PATH}:/opt/ros/jazzy DEBUGINFOD_URLS=https://debuginfod.ubuntu.com /usr/bin/cmake --install /home/ertoto/Documenti/GitHub/Mazzotta_RT1_Lab2/ros2_ws/build/bme_gazebo_sensors
