[0.056s] DEBUG:colcon:Command line arguments: ['/usr/bin/colcon', 'build']
[0.056s] DEBUG:colcon:Parsed command line arguments: Namespace(log_base=None, log_level=None, verb_name='build', build_base='build', install_base='install', merge_install=False, symlink_install=False, test_result_base=None, continue_on_error=False, executor='parallel', parallel_workers=32, event_handlers=None, ignore_user_meta=False, metas=['./colcon.meta'], base_paths=['.'], packages_ignore=None, packages_ignore_regex=None, paths=None, packages_up_to=None, packages_up_to_regex=None, packages_above=None, packages_above_and_dependencies=None, packages_above_depth=None, packages_select_by_dep=None, packages_skip_by_dep=None, packages_skip_up_to=None, packages_select_build_failed=False, packages_skip_build_finished=False, packages_select_test_failures=False, packages_skip_test_passed=False, packages_select=None, packages_skip=None, packages_select_regex=None, packages_skip_regex=None, packages_start=None, packages_end=None, allow_overriding=[], cmake_args=None, cmake_target=None, cmake_target_skip_unavailable=False, cmake_clean_cache=False, cmake_clean_first=False, cmake_force_configure=False, ament_cmake_args=None, catkin_cmake_args=None, catkin_skip_building_tests=False, verb_parser=<colcon_defaults.argument_parser.defaults.DefaultArgumentsDecorator object at 0x7752c3c66090>, verb_extension=<colcon_core.verb.build.BuildVerb object at 0x7752c3c65fd0>, main=<bound method BuildVerb.main of <colcon_core.verb.build.BuildVerb object at 0x7752c3c65fd0>>)
[0.074s] Level 1:colcon.colcon_core.package_discovery:discover_packages(colcon_meta) check parameters
[0.074s] Level 1:colcon.colcon_core.package_discovery:discover_packages(recursive) check parameters
[0.074s] Level 1:colcon.colcon_core.package_discovery:discover_packages(ignore) check parameters
[0.074s] Level 1:colcon.colcon_core.package_discovery:discover_packages(path) check parameters
[0.074s] Level 1:colcon.colcon_core.package_discovery:discover_packages(colcon_meta) discover
[0.074s] Level 1:colcon.colcon_core.package_discovery:discover_packages(recursive) discover
[0.074s] INFO:colcon.colcon_core.package_discovery:Crawling recursively for packages in '/home/ertoto/Documenti/GitHub/Mazzotta_RT1_Lab2/ros2_ws'
[0.074s] Level 1:colcon.colcon_core.package_identification:_identify(.) by extensions ['ignore', 'ignore_ament_install']
[0.074s] Level 1:colcon.colcon_core.package_identification:_identify(.) by extension 'ignore'
[0.074s] Level 1:colcon.colcon_core.package_identification:_identify(.) by extension 'ignore_ament_install'
[0.074s] Level 1:colcon.colcon_core.package_identification:_identify(.) by extensions ['colcon_pkg']
[0.074s] Level 1:colcon.colcon_core.package_identification:_identify(.) by extension 'colcon_pkg'
[0.074s] Level 1:colcon.colcon_core.package_identification:_identify(.) by extensions ['colcon_meta']
[0.074s] Level 1:colcon.colcon_core.package_identification:_identify(.) by extension 'colcon_meta'
[0.074s] Level 1:colcon.colcon_core.package_identification:_identify(.) by extensions ['ros']
[0.074s] Level 1:colcon.colcon_core.package_identification:_identify(.) by extension 'ros'
[0.087s] Level 1:colcon.colcon_core.package_identification:_identify(.) by extensions ['cmake', 'python']
[0.087s] Level 1:colcon.colcon_core.package_identification:_identify(.) by extension 'cmake'
[0.087s] Level 1:colcon.colcon_core.package_identification:_identify(.) by extension 'python'
[0.087s] Level 1:colcon.colcon_core.package_identification:_identify(.) by extensions ['python_setup_py']
[0.087s] Level 1:colcon.colcon_core.package_identification:_identify(.) by extension 'python_setup_py'
[0.087s] Level 1:colcon.colcon_core.package_identification:_identify(build) by extensions ['ignore', 'ignore_ament_install']
[0.087s] Level 1:colcon.colcon_core.package_identification:_identify(build) by extension 'ignore'
[0.087s] Level 1:colcon.colcon_core.package_identification:_identify(build) ignored
[0.087s] Level 1:colcon.colcon_core.package_identification:_identify(install) by extensions ['ignore', 'ignore_ament_install']
[0.087s] Level 1:colcon.colcon_core.package_identification:_identify(install) by extension 'ignore'
[0.087s] Level 1:colcon.colcon_core.package_identification:_identify(install) ignored
[0.087s] Level 1:colcon.colcon_core.package_identification:_identify(log) by extensions ['ignore', 'ignore_ament_install']
[0.087s] Level 1:colcon.colcon_core.package_identification:_identify(log) by extension 'ignore'
[0.087s] Level 1:colcon.colcon_core.package_identification:_identify(log) ignored
[0.087s] Level 1:colcon.colcon_core.package_identification:_identify(src) by extensions ['ignore', 'ignore_ament_install']
[0.087s] Level 1:colcon.colcon_core.package_identification:_identify(src) by extension 'ignore'
[0.087s] Level 1:colcon.colcon_core.package_identification:_identify(src) by extension 'ignore_ament_install'
[0.087s] Level 1:colcon.colcon_core.package_identification:_identify(src) by extensions ['colcon_pkg']
[0.087s] Level 1:colcon.colcon_core.package_identification:_identify(src) by extension 'colcon_pkg'
[0.087s] Level 1:colcon.colcon_core.package_identification:_identify(src) by extensions ['colcon_meta']
[0.087s] Level 1:colcon.colcon_core.package_identification:_identify(src) by extension 'colcon_meta'
[0.087s] Level 1:colcon.colcon_core.package_identification:_identify(src) by extensions ['ros']
[0.087s] Level 1:colcon.colcon_core.package_identification:_identify(src) by extension 'ros'
[0.087s] Level 1:colcon.colcon_core.package_identification:_identify(src) by extensions ['cmake', 'python']
[0.087s] Level 1:colcon.colcon_core.package_identification:_identify(src) by extension 'cmake'
[0.087s] Level 1:colcon.colcon_core.package_identification:_identify(src) by extension 'python'
[0.087s] Level 1:colcon.colcon_core.package_identification:_identify(src) by extensions ['python_setup_py']
[0.087s] Level 1:colcon.colcon_core.package_identification:_identify(src) by extension 'python_setup_py'
[0.087s] Level 1:colcon.colcon_core.package_identification:_identify(src/bme_gazebo_sensors) by extensions ['ignore', 'ignore_ament_install']
[0.087s] Level 1:colcon.colcon_core.package_identification:_identify(src/bme_gazebo_sensors) by extension 'ignore'
[0.087s] Level 1:colcon.colcon_core.package_identification:_identify(src/bme_gazebo_sensors) by extension 'ignore_ament_install'
[0.087s] Level 1:colcon.colcon_core.package_identification:_identify(src/bme_gazebo_sensors) by extensions ['colcon_pkg']
[0.087s] Level 1:colcon.colcon_core.package_identification:_identify(src/bme_gazebo_sensors) by extension 'colcon_pkg'
[0.087s] Level 1:colcon.colcon_core.package_identification:_identify(src/bme_gazebo_sensors) by extensions ['colcon_meta']
[0.087s] Level 1:colcon.colcon_core.package_identification:_identify(src/bme_gazebo_sensors) by extension 'colcon_meta'
[0.087s] Level 1:colcon.colcon_core.package_identification:_identify(src/bme_gazebo_sensors) by extensions ['ros']
[0.087s] Level 1:colcon.colcon_core.package_identification:_identify(src/bme_gazebo_sensors) by extension 'ros'
[0.089s] DEBUG:colcon.colcon_core.package_identification:Package 'src/bme_gazebo_sensors' with type 'ros.ament_cmake' and name 'bme_gazebo_sensors'
[0.089s] Level 1:colcon.colcon_core.package_identification:_identify(src/rt1_assignment2) by extensions ['ignore', 'ignore_ament_install']
[0.089s] Level 1:colcon.colcon_core.package_identification:_identify(src/rt1_assignment2) by extension 'ignore'
[0.089s] Level 1:colcon.colcon_core.package_identification:_identify(src/rt1_assignment2) by extension 'ignore_ament_install'
[0.089s] Level 1:colcon.colcon_core.package_identification:_identify(src/rt1_assignment2) by extensions ['colcon_pkg']
[0.089s] Level 1:colcon.colcon_core.package_identification:_identify(src/rt1_assignment2) by extension 'colcon_pkg'
[0.089s] Level 1:colcon.colcon_core.package_identification:_identify(src/rt1_assignment2) by extensions ['colcon_meta']
[0.089s] Level 1:colcon.colcon_core.package_identification:_identify(src/rt1_assignment2) by extension 'colcon_meta'
[0.089s] Level 1:colcon.colcon_core.package_identification:_identify(src/rt1_assignment2) by extensions ['ros']
[0.089s] Level 1:colcon.colcon_core.package_identification:_identify(src/rt1_assignment2) by extension 'ros'
[0.089s] DEBUG:colcon.colcon_core.package_identification:Package 'src/rt1_assignment2' with type 'ros.ament_cmake' and name 'rt1_assignment2'
[0.089s] Level 1:colcon.colcon_core.package_discovery:discover_packages(recursive) using defaults
[0.089s] Level 1:colcon.colcon_core.package_discovery:discover_packages(ignore) discover
[0.089s] Level 1:colcon.colcon_core.package_discovery:discover_packages(ignore) using defaults
[0.089s] Level 1:colcon.colcon_core.package_discovery:discover_packages(path) discover
[0.089s] Level 1:colcon.colcon_core.package_discovery:discover_packages(path) using defaults
[0.098s] Level 1:colcon.colcon_core.package_discovery:discover_packages(prefix_path) check parameters
[0.098s] Level 1:colcon.colcon_core.package_discovery:discover_packages(prefix_path) discover
[0.099s] DEBUG:colcon.colcon_installed_package_information.package_discovery:Found 2 installed packages in /home/ertoto/Documenti/GitHub/Mazzotta_RT1_Lab2/ros2_ws/install
[0.099s] DEBUG:colcon.colcon_installed_package_information.package_discovery:Found 315 installed packages in /opt/ros/jazzy
[0.100s] Level 1:colcon.colcon_core.package_discovery:discover_packages(prefix_path) using defaults
[0.118s] Level 5:colcon.colcon_core.verb:set package 'bme_gazebo_sensors' build argument 'cmake_args' from command line to 'None'
[0.118s] Level 5:colcon.colcon_core.verb:set package 'bme_gazebo_sensors' build argument 'cmake_target' from command line to 'None'
[0.118s] Level 5:colcon.colcon_core.verb:set package 'bme_gazebo_sensors' build argument 'cmake_target_skip_unavailable' from command line to 'False'
[0.118s] Level 5:colcon.colcon_core.verb:set package 'bme_gazebo_sensors' build argument 'cmake_clean_cache' from command line to 'False'
[0.118s] Level 5:colcon.colcon_core.verb:set package 'bme_gazebo_sensors' build argument 'cmake_clean_first' from command line to 'False'
[0.118s] Level 5:colcon.colcon_core.verb:set package 'bme_gazebo_sensors' build argument 'cmake_force_configure' from command line to 'False'
[0.118s] Level 5:colcon.colcon_core.verb:set package 'bme_gazebo_sensors' build argument 'ament_cmake_args' from command line to 'None'
[0.118s] Level 5:colcon.colcon_core.verb:set package 'bme_gazebo_sensors' build argument 'catkin_cmake_args' from command line to 'None'
[0.118s] Level 5:colcon.colcon_core.verb:set package 'bme_gazebo_sensors' build argument 'catkin_skip_building_tests' from command line to 'False'
[0.118s] DEBUG:colcon.colcon_core.verb:Building package 'bme_gazebo_sensors' with the following arguments: {'ament_cmake_args': None, 'build_base': '/home/ertoto/Documenti/GitHub/Mazzotta_RT1_Lab2/ros2_ws/build/bme_gazebo_sensors', 'catkin_cmake_args': None, 'catkin_skip_building_tests': False, 'cmake_args': None, 'cmake_clean_cache': False, 'cmake_clean_first': False, 'cmake_force_configure': False, 'cmake_target': None, 'cmake_target_skip_unavailable': False, 'install_base': '/home/ertoto/Documenti/GitHub/Mazzotta_RT1_Lab2/ros2_ws/install/bme_gazebo_sensors', 'merge_install': False, 'path': '/home/ertoto/Documenti/GitHub/Mazzotta_RT1_Lab2/ros2_ws/src/bme_gazebo_sensors', 'symlink_install': False, 'test_result_base': None}
[0.118s] Level 5:colcon.colcon_core.verb:set package 'rt1_assignment2' build argument 'cmake_args' from command line to 'None'
[0.118s] Level 5:colcon.colcon_core.verb:set package 'rt1_assignment2' build argument 'cmake_target' from command line to 'None'
[0.118s] Level 5:colcon.colcon_core.verb:set package 'rt1_assignment2' build argument 'cmake_target_skip_unavailable' from command line to 'False'
[0.118s] Level 5:colcon.colcon_core.verb:set package 'rt1_assignment2' build argument 'cmake_clean_cache' from command line to 'False'
[0.118s] Level 5:colcon.colcon_core.verb:set package 'rt1_assignment2' build argument 'cmake_clean_first' from command line to 'False'
[0.118s] Level 5:colcon.colcon_core.verb:set package 'rt1_assignment2' build argument 'cmake_force_configure' from command line to 'False'
[0.118s] Level 5:colcon.colcon_core.verb:set package 'rt1_assignment2' build argument 'ament_cmake_args' from command line to 'None'
[0.118s] Level 5:colcon.colcon_core.verb:set package 'rt1_assignment2' build argument 'catkin_cmake_args' from command line to 'None'
[0.118s] Level 5:colcon.colcon_core.verb:set package 'rt1_assignment2' build argument 'catkin_skip_building_tests' from command line to 'False'
[0.118s] DEBUG:colcon.colcon_core.verb:Building package 'rt1_assignment2' with the following arguments: {'ament_cmake_args': None, 'build_base': '/home/ertoto/Documenti/GitHub/Mazzotta_RT1_Lab2/ros2_ws/build/rt1_assignment2', 'catkin_cmake_args': None, 'catkin_skip_building_tests': False, 'cmake_args': None, 'cmake_clean_cache': False, 'cmake_clean_first': False, 'cmake_force_configure': False, 'cmake_target': None, 'cmake_target_skip_unavailable': False, 'install_base': '/home/ertoto/Documenti/GitHub/Mazzotta_RT1_Lab2/ros2_ws/install/rt1_assignment2', 'merge_install': False, 'path': '/home/ertoto/Documenti/GitHub/Mazzotta_RT1_Lab2/ros2_ws/src/rt1_assignment2', 'symlink_install': False, 'test_result_base': None}
[0.118s] INFO:colcon.colcon_core.executor:Executing jobs using 'parallel' executor
[0.119s] DEBUG:colcon.colcon_parallel_executor.executor.parallel:run_until_complete
[0.119s] INFO:colcon.colcon_ros.task.ament_cmake.build:Building ROS package in '/home/ertoto/Documenti/GitHub/Mazzotta_RT1_Lab2/ros2_ws/src/bme_gazebo_sensors' with build type 'ament_cmake'
[0.119s] INFO:colcon.colcon_cmake.task.cmake.build:Building CMake package in '/home/ertoto/Documenti/GitHub/Mazzotta_RT1_Lab2/ros2_ws/src/bme_gazebo_sensors'
[0.120s] INFO:colcon.colcon_core.plugin_system:Skipping extension 'colcon_core.shell.bat': Not used on non-Windows systems
[0.120s] INFO:colcon.colcon_core.shell:Skip shell extension 'powershell' for command environment: Not usable outside of PowerShell
[0.120s] DEBUG:colcon.colcon_core.shell:Skip shell extension 'dsv' for command environment
[0.122s] INFO:colcon.colcon_ros.task.ament_cmake.build:Building ROS package in '/home/ertoto/Documenti/GitHub/Mazzotta_RT1_Lab2/ros2_ws/src/rt1_assignment2' with build type 'ament_cmake'
[0.122s] INFO:colcon.colcon_cmake.task.cmake.build:Building CMake package in '/home/ertoto/Documenti/GitHub/Mazzotta_RT1_Lab2/ros2_ws/src/rt1_assignment2'
[0.122s] INFO:colcon.colcon_core.shell:Skip shell extension 'powershell' for command environment: Not usable outside of PowerShell
[0.122s] DEBUG:colcon.colcon_core.shell:Skip shell extension 'dsv' for command environment
[0.125s] DEBUG:colcon.colcon_core.event_handler.log_command:Invoking command in '/home/ertoto/Documenti/GitHub/Mazzotta_RT1_Lab2/ros2_ws/build/bme_gazebo_sensors': CMAKE_PREFIX_PATH=${CMAKE_PREFIX_PATH}:/opt/ros/jazzy DEBUGINFOD_URLS=https://debuginfod.ubuntu.com /usr/bin/cmake --build /home/ertoto/Documenti/GitHub/Mazzotta_RT1_Lab2/ros2_ws/build/bme_gazebo_sensors -- -j32 -l32
[0.127s] DEBUG:colcon.colcon_core.event_handler.log_command:Invoking command in '/home/ertoto/Documenti/GitHub/Mazzotta_RT1_Lab2/ros2_ws/build/rt1_assignment2': CMAKE_PREFIX_PATH=${CMAKE_PREFIX_PATH}:/opt/ros/jazzy DEBUGINFOD_URLS=https://debuginfod.ubuntu.com /usr/bin/cmake --build /home/ertoto/Documenti/GitHub/Mazzotta_RT1_Lab2/ros2_ws/build/rt1_assignment2 -- -j32 -l32
[0.193s] DEBUG:colcon.colcon_core.event_handler.log_command:Invoked command in '/home/ertoto/Documenti/GitHub/Mazzotta_RT1_Lab2/ros2_ws/build/bme_gazebo_sensors' returned '0': CMAKE_PREFIX_PATH=${CMAKE_PREFIX_PATH}:/opt/ros/jazzy DEBUGINFOD_URLS=https://debuginfod.ubuntu.com /usr/bin/cmake --build /home/ertoto/Documenti/GitHub/Mazzotta_RT1_Lab2/ros2_ws/build/bme_gazebo_sensors -- -j32 -l32
[0.225s] DEBUG:colcon.colcon_core.event_handler.log_command:Invoking command in '/home/ertoto/Documenti/GitHub/Mazzotta_RT1_Lab2/ros2_ws/build/bme_gazebo_sensors': CMAKE_PREFIX_PATH=${CMAKE_PREFIX_PATH}:/opt/ros/jazzy DEBUGINFOD_URLS=https://debuginfod.ubuntu.com /usr/bin/cmake --install /home/ertoto/Documenti/GitHub/Mazzotta_RT1_Lab2/ros2_ws/build/bme_gazebo_sensors
[0.253s] Level 1:colcon.colcon_core.environment:create_environment_scripts_only(bme_gazebo_sensors)
[0.254s] DEBUG:colcon.colcon_core.event_handler.log_command:Invoked command in '/home/ertoto/Documenti/GitHub/Mazzotta_RT1_Lab2/ros2_ws/build/bme_gazebo_sensors' returned '0': CMAKE_PREFIX_PATH=${CMAKE_PREFIX_PATH}:/opt/ros/jazzy DEBUGINFOD_URLS=https://debuginfod.ubuntu.com /usr/bin/cmake --install /home/ertoto/Documenti/GitHub/Mazzotta_RT1_Lab2/ros2_ws/build/bme_gazebo_sensors
[0.260s] Level 1:colcon.colcon_core.environment:checking '/home/ertoto/Documenti/GitHub/Mazzotta_RT1_Lab2/ros2_ws/install/bme_gazebo_sensors' for CMake module files
[0.263s] Level 1:colcon.colcon_core.environment:checking '/home/ertoto/Documenti/GitHub/Mazzotta_RT1_Lab2/ros2_ws/install/bme_gazebo_sensors' for CMake config files
[0.263s] Level 1:colcon.colcon_core.shell:create_environment_hook('bme_gazebo_sensors', 'cmake_prefix_path')
[0.264s] INFO:colcon.colcon_core.shell:Creating environment hook '/home/ertoto/Documenti/GitHub/Mazzotta_RT1_Lab2/ros2_ws/install/bme_gazebo_sensors/share/bme_gazebo_sensors/hook/cmake_prefix_path.ps1'
[0.265s] INFO:colcon.colcon_core.shell:Creating environment descriptor '/home/ertoto/Documenti/GitHub/Mazzotta_RT1_Lab2/ros2_ws/install/bme_gazebo_sensors/share/bme_gazebo_sensors/hook/cmake_prefix_path.dsv'
[0.266s] INFO:colcon.colcon_core.shell:Creating environment hook '/home/ertoto/Documenti/GitHub/Mazzotta_RT1_Lab2/ros2_ws/install/bme_gazebo_sensors/share/bme_gazebo_sensors/hook/cmake_prefix_path.sh'
[0.268s] Level 1:colcon.colcon_core.environment:checking '/home/ertoto/Documenti/GitHub/Mazzotta_RT1_Lab2/ros2_ws/install/bme_gazebo_sensors/bin'
[0.269s] Level 1:colcon.colcon_core.environment:checking '/home/ertoto/Documenti/GitHub/Mazzotta_RT1_Lab2/ros2_ws/install/bme_gazebo_sensors/lib/pkgconfig/bme_gazebo_sensors.pc'
[0.269s] Level 1:colcon.colcon_core.environment:checking '/home/ertoto/Documenti/GitHub/Mazzotta_RT1_Lab2/ros2_ws/install/bme_gazebo_sensors/lib/python3.12/site-packages'
[0.270s] Level 1:colcon.colcon_core.environment:checking '/home/ertoto/Documenti/GitHub/Mazzotta_RT1_Lab2/ros2_ws/install/bme_gazebo_sensors/bin'
[0.271s] INFO:colcon.colcon_core.shell:Creating package script '/home/ertoto/Documenti/GitHub/Mazzotta_RT1_Lab2/ros2_ws/install/bme_gazebo_sensors/share/bme_gazebo_sensors/package.ps1'
[0.273s] INFO:colcon.colcon_core.shell:Creating package descriptor '/home/ertoto/Documenti/GitHub/Mazzotta_RT1_Lab2/ros2_ws/install/bme_gazebo_sensors/share/bme_gazebo_sensors/package.dsv'
[0.274s] INFO:colcon.colcon_core.shell:Creating package script '/home/ertoto/Documenti/GitHub/Mazzotta_RT1_Lab2/ros2_ws/install/bme_gazebo_sensors/share/bme_gazebo_sensors/package.sh'
[0.275s] INFO:colcon.colcon_core.shell:Creating package script '/home/ertoto/Documenti/GitHub/Mazzotta_RT1_Lab2/ros2_ws/install/bme_gazebo_sensors/share/bme_gazebo_sensors/package.bash'
[0.277s] INFO:colcon.colcon_core.shell:Creating package script '/home/ertoto/Documenti/GitHub/Mazzotta_RT1_Lab2/ros2_ws/install/bme_gazebo_sensors/share/bme_gazebo_sensors/package.zsh'
[0.278s] Level 1:colcon.colcon_core.environment:create_file_with_runtime_dependencies(/home/ertoto/Documenti/GitHub/Mazzotta_RT1_Lab2/ros2_ws/install/bme_gazebo_sensors/share/colcon-core/packages/bme_gazebo_sensors)
[0.280s] Level 1:colcon.colcon_core.environment:create_environment_scripts_only(bme_gazebo_sensors)
[0.281s] Level 1:colcon.colcon_core.environment:checking '/home/ertoto/Documenti/GitHub/Mazzotta_RT1_Lab2/ros2_ws/install/bme_gazebo_sensors' for CMake module files
[0.282s] Level 1:colcon.colcon_core.environment:checking '/home/ertoto/Documenti/GitHub/Mazzotta_RT1_Lab2/ros2_ws/install/bme_gazebo_sensors' for CMake config files
[0.283s] Level 1:colcon.colcon_core.shell:create_environment_hook('bme_gazebo_sensors', 'cmake_prefix_path')
[0.283s] INFO:colcon.colcon_core.shell:Creating environment hook '/home/ertoto/Documenti/GitHub/Mazzotta_RT1_Lab2/ros2_ws/install/bme_gazebo_sensors/share/bme_gazebo_sensors/hook/cmake_prefix_path.ps1'
[0.284s] INFO:colcon.colcon_core.shell:Creating environment descriptor '/home/ertoto/Documenti/GitHub/Mazzotta_RT1_Lab2/ros2_ws/install/bme_gazebo_sensors/share/bme_gazebo_sensors/hook/cmake_prefix_path.dsv'
[0.285s] INFO:colcon.colcon_core.shell:Creating environment hook '/home/ertoto/Documenti/GitHub/Mazzotta_RT1_Lab2/ros2_ws/install/bme_gazebo_sensors/share/bme_gazebo_sensors/hook/cmake_prefix_path.sh'
[0.287s] Level 1:colcon.colcon_core.environment:checking '/home/ertoto/Documenti/GitHub/Mazzotta_RT1_Lab2/ros2_ws/install/bme_gazebo_sensors/bin'
[0.287s] Level 1:colcon.colcon_core.environment:checking '/home/ertoto/Documenti/GitHub/Mazzotta_RT1_Lab2/ros2_ws/install/bme_gazebo_sensors/lib/pkgconfig/bme_gazebo_sensors.pc'
[0.288s] Level 1:colcon.colcon_core.environment:checking '/home/ertoto/Documenti/GitHub/Mazzotta_RT1_Lab2/ros2_ws/install/bme_gazebo_sensors/lib/python3.12/site-packages'
[0.289s] Level 1:colcon.colcon_core.environment:checking '/home/ertoto/Documenti/GitHub/Mazzotta_RT1_Lab2/ros2_ws/install/bme_gazebo_sensors/bin'
[0.289s] INFO:colcon.colcon_core.shell:Creating package script '/home/ertoto/Documenti/GitHub/Mazzotta_RT1_Lab2/ros2_ws/install/bme_gazebo_sensors/share/bme_gazebo_sensors/package.ps1'
[0.291s] INFO:colcon.colcon_core.shell:Creating package descriptor '/home/ertoto/Documenti/GitHub/Mazzotta_RT1_Lab2/ros2_ws/install/bme_gazebo_sensors/share/bme_gazebo_sensors/package.dsv'
[0.292s] INFO:colcon.colcon_core.shell:Creating package script '/home/ertoto/Documenti/GitHub/Mazzotta_RT1_Lab2/ros2_ws/install/bme_gazebo_sensors/share/bme_gazebo_sensors/package.sh'
[0.293s] INFO:colcon.colcon_core.shell:Creating package script '/home/ertoto/Documenti/GitHub/Mazzotta_RT1_Lab2/ros2_ws/install/bme_gazebo_sensors/share/bme_gazebo_sensors/package.bash'
[0.294s] INFO:colcon.colcon_core.shell:Creating package script '/home/ertoto/Documenti/GitHub/Mazzotta_RT1_Lab2/ros2_ws/install/bme_gazebo_sensors/share/bme_gazebo_sensors/package.zsh'
[0.295s] Level 1:colcon.colcon_core.environment:create_file_with_runtime_dependencies(/home/ertoto/Documenti/GitHub/Mazzotta_RT1_Lab2/ros2_ws/install/bme_gazebo_sensors/share/colcon-core/packages/bme_gazebo_sensors)
[0.572s] DEBUG:colcon.colcon_core.event_handler.log_command:Invoked command in '/home/ertoto/Documenti/GitHub/Mazzotta_RT1_Lab2/ros2_ws/build/rt1_assignment2' returned '0': CMAKE_PREFIX_PATH=${CMAKE_PREFIX_PATH}:/opt/ros/jazzy DEBUGINFOD_URLS=https://debuginfod.ubuntu.com /usr/bin/cmake --build /home/ertoto/Documenti/GitHub/Mazzotta_RT1_Lab2/ros2_ws/build/rt1_assignment2 -- -j32 -l32
[0.574s] DEBUG:colcon.colcon_core.event_handler.log_command:Invoking command in '/home/ertoto/Documenti/GitHub/Mazzotta_RT1_Lab2/ros2_ws/build/rt1_assignment2': CMAKE_PREFIX_PATH=${CMAKE_PREFIX_PATH}:/opt/ros/jazzy DEBUGINFOD_URLS=https://debuginfod.ubuntu.com /usr/bin/cmake --install /home/ertoto/Documenti/GitHub/Mazzotta_RT1_Lab2/ros2_ws/build/rt1_assignment2
[0.745s] Level 1:colcon.colcon_core.environment:create_environment_scripts_only(rt1_assignment2)
[0.746s] Level 1:colcon.colcon_core.environment:checking '/home/ertoto/Documenti/GitHub/Mazzotta_RT1_Lab2/ros2_ws/install/rt1_assignment2' for CMake module files
[0.747s] DEBUG:colcon.colcon_core.event_handler.log_command:Invoked command in '/home/ertoto/Documenti/GitHub/Mazzotta_RT1_Lab2/ros2_ws/build/rt1_assignment2' returned '0': CMAKE_PREFIX_PATH=${CMAKE_PREFIX_PATH}:/opt/ros/jazzy DEBUGINFOD_URLS=https://debuginfod.ubuntu.com /usr/bin/cmake --install /home/ertoto/Documenti/GitHub/Mazzotta_RT1_Lab2/ros2_ws/build/rt1_assignment2
[0.750s] Level 1:colcon.colcon_core.environment:checking '/home/ertoto/Documenti/GitHub/Mazzotta_RT1_Lab2/ros2_ws/install/rt1_assignment2' for CMake config files
[0.751s] Level 1:colcon.colcon_core.shell:create_environment_hook('rt1_assignment2', 'cmake_prefix_path')
[0.752s] INFO:colcon.colcon_core.shell:Creating environment hook '/home/ertoto/Documenti/GitHub/Mazzotta_RT1_Lab2/ros2_ws/install/rt1_assignment2/share/rt1_assignment2/hook/cmake_prefix_path.ps1'
[0.753s] INFO:colcon.colcon_core.shell:Creating environment descriptor '/home/ertoto/Documenti/GitHub/Mazzotta_RT1_Lab2/ros2_ws/install/rt1_assignment2/share/rt1_assignment2/hook/cmake_prefix_path.dsv'
[0.754s] INFO:colcon.colcon_core.shell:Creating environment hook '/home/ertoto/Documenti/GitHub/Mazzotta_RT1_Lab2/ros2_ws/install/rt1_assignment2/share/rt1_assignment2/hook/cmake_prefix_path.sh'
[0.756s] Level 1:colcon.colcon_core.environment:checking '/home/ertoto/Documenti/GitHub/Mazzotta_RT1_Lab2/ros2_ws/install/rt1_assignment2/lib'
[0.757s] Level 1:colcon.colcon_core.shell:create_environment_hook('rt1_assignment2', 'ld_library_path_lib')
[0.758s] INFO:colcon.colcon_core.shell:Creating environment hook '/home/ertoto/Documenti/GitHub/Mazzotta_RT1_Lab2/ros2_ws/install/rt1_assignment2/share/rt1_assignment2/hook/ld_library_path_lib.ps1'
[0.759s] INFO:colcon.colcon_core.shell:Creating environment descriptor '/home/ertoto/Documenti/GitHub/Mazzotta_RT1_Lab2/ros2_ws/install/rt1_assignment2/share/rt1_assignment2/hook/ld_library_path_lib.dsv'
[0.760s] INFO:colcon.colcon_core.shell:Creating environment hook '/home/ertoto/Documenti/GitHub/Mazzotta_RT1_Lab2/ros2_ws/install/rt1_assignment2/share/rt1_assignment2/hook/ld_library_path_lib.sh'
[0.762s] Level 1:colcon.colcon_core.environment:checking '/home/ertoto/Documenti/GitHub/Mazzotta_RT1_Lab2/ros2_ws/install/rt1_assignment2/bin'
[0.762s] Level 1:colcon.colcon_core.environment:checking '/home/ertoto/Documenti/GitHub/Mazzotta_RT1_Lab2/ros2_ws/install/rt1_assignment2/lib/pkgconfig/rt1_assignment2.pc'
[0.763s] Level 1:colcon.colcon_core.environment:checking '/home/ertoto/Documenti/GitHub/Mazzotta_RT1_Lab2/ros2_ws/install/rt1_assignment2/lib/python3.12/site-packages'
[0.763s] Level 1:colcon.colcon_core.shell:create_environment_hook('rt1_assignment2', 'pythonpath')
[0.764s] INFO:colcon.colcon_core.shell:Creating environment hook '/home/ertoto/Documenti/GitHub/Mazzotta_RT1_Lab2/ros2_ws/install/rt1_assignment2/share/rt1_assignment2/hook/pythonpath.ps1'
[0.765s] INFO:colcon.colcon_core.shell:Creating environment descriptor '/home/ertoto/Documenti/GitHub/Mazzotta_RT1_Lab2/ros2_ws/install/rt1_assignment2/share/rt1_assignment2/hook/pythonpath.dsv'
[0.766s] INFO:colcon.colcon_core.shell:Creating environment hook '/home/ertoto/Documenti/GitHub/Mazzotta_RT1_Lab2/ros2_ws/install/rt1_assignment2/share/rt1_assignment2/hook/pythonpath.sh'
[0.768s] Level 1:colcon.colcon_core.environment:checking '/home/ertoto/Documenti/GitHub/Mazzotta_RT1_Lab2/ros2_ws/install/rt1_assignment2/bin'
[0.769s] INFO:colcon.colcon_core.shell:Creating package script '/home/ertoto/Documenti/GitHub/Mazzotta_RT1_Lab2/ros2_ws/install/rt1_assignment2/share/rt1_assignment2/package.ps1'
[0.770s] INFO:colcon.colcon_core.shell:Creating package descriptor '/home/ertoto/Documenti/GitHub/Mazzotta_RT1_Lab2/ros2_ws/install/rt1_assignment2/share/rt1_assignment2/package.dsv'
[0.771s] INFO:colcon.colcon_core.shell:Creating package script '/home/ertoto/Documenti/GitHub/Mazzotta_RT1_Lab2/ros2_ws/install/rt1_assignment2/share/rt1_assignment2/package.sh'
[0.772s] INFO:colcon.colcon_core.shell:Creating package script '/home/ertoto/Documenti/GitHub/Mazzotta_RT1_Lab2/ros2_ws/install/rt1_assignment2/share/rt1_assignment2/package.bash'
[0.773s] INFO:colcon.colcon_core.shell:Creating package script '/home/ertoto/Documenti/GitHub/Mazzotta_RT1_Lab2/ros2_ws/install/rt1_assignment2/share/rt1_assignment2/package.zsh'
[0.773s] Level 1:colcon.colcon_core.environment:create_file_with_runtime_dependencies(/home/ertoto/Documenti/GitHub/Mazzotta_RT1_Lab2/ros2_ws/install/rt1_assignment2/share/colcon-core/packages/rt1_assignment2)
[0.775s] Level 1:colcon.colcon_core.environment:create_environment_scripts_only(rt1_assignment2)
[0.775s] Level 1:colcon.colcon_core.environment:checking '/home/ertoto/Documenti/GitHub/Mazzotta_RT1_Lab2/ros2_ws/install/rt1_assignment2' for CMake module files
[0.777s] Level 1:colcon.colcon_core.environment:checking '/home/ertoto/Documenti/GitHub/Mazzotta_RT1_Lab2/ros2_ws/install/rt1_assignment2' for CMake config files
[0.778s] Level 1:colcon.colcon_core.shell:create_environment_hook('rt1_assignment2', 'cmake_prefix_path')
[0.778s] INFO:colcon.colcon_core.shell:Creating environment hook '/home/ertoto/Documenti/GitHub/Mazzotta_RT1_Lab2/ros2_ws/install/rt1_assignment2/share/rt1_assignment2/hook/cmake_prefix_path.ps1'
[0.779s] INFO:colcon.colcon_core.shell:Creating environment descriptor '/home/ertoto/Documenti/GitHub/Mazzotta_RT1_Lab2/ros2_ws/install/rt1_assignment2/share/rt1_assignment2/hook/cmake_prefix_path.dsv'
[0.780s] INFO:colcon.colcon_core.shell:Creating environment hook '/home/ertoto/Documenti/GitHub/Mazzotta_RT1_Lab2/ros2_ws/install/rt1_assignment2/share/rt1_assignment2/hook/cmake_prefix_path.sh'
[0.781s] Level 1:colcon.colcon_core.environment:checking '/home/ertoto/Documenti/GitHub/Mazzotta_RT1_Lab2/ros2_ws/install/rt1_assignment2/lib'
[0.781s] Level 1:colcon.colcon_core.shell:create_environment_hook('rt1_assignment2', 'ld_library_path_lib')
[0.782s] INFO:colcon.colcon_core.shell:Creating environment hook '/home/ertoto/Documenti/GitHub/Mazzotta_RT1_Lab2/ros2_ws/install/rt1_assignment2/share/rt1_assignment2/hook/ld_library_path_lib.ps1'
[0.783s] INFO:colcon.colcon_core.shell:Creating environment descriptor '/home/ertoto/Documenti/GitHub/Mazzotta_RT1_Lab2/ros2_ws/install/rt1_assignment2/share/rt1_assignment2/hook/ld_library_path_lib.dsv'
[0.783s] INFO:colcon.colcon_core.shell:Creating environment hook '/home/ertoto/Documenti/GitHub/Mazzotta_RT1_Lab2/ros2_ws/install/rt1_assignment2/share/rt1_assignment2/hook/ld_library_path_lib.sh'
[0.784s] Level 1:colcon.colcon_core.environment:checking '/home/ertoto/Documenti/GitHub/Mazzotta_RT1_Lab2/ros2_ws/install/rt1_assignment2/bin'
[0.784s] Level 1:colcon.colcon_core.environment:checking '/home/ertoto/Documenti/GitHub/Mazzotta_RT1_Lab2/ros2_ws/install/rt1_assignment2/lib/pkgconfig/rt1_assignment2.pc'
[0.785s] Level 1:colcon.colcon_core.environment:checking '/home/ertoto/Documenti/GitHub/Mazzotta_RT1_Lab2/ros2_ws/install/rt1_assignment2/lib/python3.12/site-packages'
[0.785s] Level 1:colcon.colcon_core.shell:create_environment_hook('rt1_assignment2', 'pythonpath')
[0.786s] INFO:colcon.colcon_core.shell:Creating environment hook '/home/ertoto/Documenti/GitHub/Mazzotta_RT1_Lab2/ros2_ws/install/rt1_assignment2/share/rt1_assignment2/hook/pythonpath.ps1'
[0.787s] INFO:colcon.colcon_core.shell:Creating environment descriptor '/home/ertoto/Documenti/GitHub/Mazzotta_RT1_Lab2/ros2_ws/install/rt1_assignment2/share/rt1_assignment2/hook/pythonpath.dsv'
[0.788s] INFO:colcon.colcon_core.shell:Creating environment hook '/home/ertoto/Documenti/GitHub/Mazzotta_RT1_Lab2/ros2_ws/install/rt1_assignment2/share/rt1_assignment2/hook/pythonpath.sh'
[0.789s] Level 1:colcon.colcon_core.environment:checking '/home/ertoto/Documenti/GitHub/Mazzotta_RT1_Lab2/ros2_ws/install/rt1_assignment2/bin'
[0.790s] INFO:colcon.colcon_core.shell:Creating package script '/home/ertoto/Documenti/GitHub/Mazzotta_RT1_Lab2/ros2_ws/install/rt1_assignment2/share/rt1_assignment2/package.ps1'
[0.791s] INFO:colcon.colcon_core.shell:Creating package descriptor '/home/ertoto/Documenti/GitHub/Mazzotta_RT1_Lab2/ros2_ws/install/rt1_assignment2/share/rt1_assignment2/package.dsv'
[0.793s] INFO:colcon.colcon_core.shell:Creating package script '/home/ertoto/Documenti/GitHub/Mazzotta_RT1_Lab2/ros2_ws/install/rt1_assignment2/share/rt1_assignment2/package.sh'
[0.794s] INFO:colcon.colcon_core.shell:Creating package script '/home/ertoto/Documenti/GitHub/Mazzotta_RT1_Lab2/ros2_ws/install/rt1_assignment2/share/rt1_assignment2/package.bash'
[0.795s] INFO:colcon.colcon_core.shell:Creating package script '/home/ertoto/Documenti/GitHub/Mazzotta_RT1_Lab2/ros2_ws/install/rt1_assignment2/share/rt1_assignment2/package.zsh'
[0.796s] Level 1:colcon.colcon_core.environment:create_file_with_runtime_dependencies(/home/ertoto/Documenti/GitHub/Mazzotta_RT1_Lab2/ros2_ws/install/rt1_assignment2/share/colcon-core/packages/rt1_assignment2)
[0.796s] DEBUG:colcon.colcon_parallel_executor.executor.parallel:closing loop
[0.797s] DEBUG:colcon.colcon_parallel_executor.executor.parallel:loop closed
[0.797s] DEBUG:colcon.colcon_parallel_executor.executor.parallel:run_until_complete finished with '0'
[0.797s] DEBUG:colcon.colcon_core.event_reactor:joining thread
[0.811s] INFO:colcon.colcon_core.plugin_system:Skipping extension 'colcon_notification.desktop_notification.terminal_notifier': Not used on non-Darwin systems
[0.811s] INFO:colcon.colcon_core.plugin_system:Skipping extension 'colcon_notification.desktop_notification.win32': Not used on non-Windows systems
[0.811s] INFO:colcon.colcon_notification.desktop_notification:Sending desktop notification using 'notify2'
[0.832s] DEBUG:colcon.colcon_core.event_reactor:joined thread
[0.832s] INFO:colcon.colcon_core.shell:Creating prefix script '/home/ertoto/Documenti/GitHub/Mazzotta_RT1_Lab2/ros2_ws/install/local_setup.ps1'
[0.834s] INFO:colcon.colcon_core.shell:Creating prefix util module '/home/ertoto/Documenti/GitHub/Mazzotta_RT1_Lab2/ros2_ws/install/_local_setup_util_ps1.py'
[0.837s] INFO:colcon.colcon_core.shell:Creating prefix chain script '/home/ertoto/Documenti/GitHub/Mazzotta_RT1_Lab2/ros2_ws/install/setup.ps1'
[0.839s] INFO:colcon.colcon_core.shell:Creating prefix script '/home/ertoto/Documenti/GitHub/Mazzotta_RT1_Lab2/ros2_ws/install/local_setup.sh'
[0.840s] INFO:colcon.colcon_core.shell:Creating prefix util module '/home/ertoto/Documenti/GitHub/Mazzotta_RT1_Lab2/ros2_ws/install/_local_setup_util_sh.py'
[0.841s] INFO:colcon.colcon_core.shell:Creating prefix chain script '/home/ertoto/Documenti/GitHub/Mazzotta_RT1_Lab2/ros2_ws/install/setup.sh'
[0.844s] INFO:colcon.colcon_core.shell:Creating prefix script '/home/ertoto/Documenti/GitHub/Mazzotta_RT1_Lab2/ros2_ws/install/local_setup.bash'
[0.845s] INFO:colcon.colcon_core.shell:Creating prefix chain script '/home/ertoto/Documenti/GitHub/Mazzotta_RT1_Lab2/ros2_ws/install/setup.bash'
[0.847s] INFO:colcon.colcon_core.shell:Creating prefix script '/home/ertoto/Documenti/GitHub/Mazzotta_RT1_Lab2/ros2_ws/install/local_setup.zsh'
[0.848s] INFO:colcon.colcon_core.shell:Creating prefix chain script '/home/ertoto/Documenti/GitHub/Mazzotta_RT1_Lab2/ros2_ws/install/setup.zsh'
