[0.005s] Invoking command in '/home/ertoto/Documenti/GitHub/Mazzotta_RT1_Lab2/ros2_ws/build/rt1_assignment2': CMAKE_PREFIX_PATH=${CMAKE_PREFIX_PATH}:/opt/ros/jazzy DEBUGINFOD_URLS=https://debuginfod.ubuntu.com /usr/bin/cmake --build /home/ertoto/Documenti/GitHub/Mazzotta_RT1_Lab2/ros2_ws/build/rt1_assignment2 -- -j32 -l32
[0.106s] [  1%] Built target rt1_assignment2__rosidl_generator_type_description
[0.137s] [  1%] Built target ament_cmake_python_copy_rt1_assignment2
[0.167s] [  3%] Built target rt1_assignment2__cpp
[0.178s] [ 23%] Built target rt1_assignment2__rosidl_generator_c
[0.258s] [ 41%] Built target rt1_assignment2__rosidl_typesupport_cpp
[0.258s] [ 50%] Built target rt1_assignment2__rosidl_typesupport_introspection_c
[0.258s] [ 50%] Built target rt1_assignment2__rosidl_typesupport_c
[0.261s] [ 58%] Built target rt1_assignment2__rosidl_typesupport_fastrtps_c
[0.262s] [ 67%] Built target rt1_assignment2__rosidl_typesupport_introspection_cpp
[0.263s] [ 76%] Built target rt1_assignment2__rosidl_typesupport_fastrtps_cpp
[0.331s] [ 76%] Built target rt1_assignment2
[0.386s] [ 78%] Built target rt1_assignment2__py
[0.400s] [ 82%] Built target safety_controller
[0.416s] [ 89%] Built target rt1_assignment2__rosidl_generator_py
[0.433s] [ 92%] Built target rt1_assignment2_s__rosidl_typesupport_introspection_c
[0.434s] [ 96%] Built target rt1_assignment2_s__rosidl_typesupport_fastrtps_c
[0.434s] [100%] Built target rt1_assignment2_s__rosidl_typesupport_c
[0.454s] running egg_info
[0.461s] writing rt1_assignment2.egg-info/PKG-INFO
[0.462s] writing dependency_links to rt1_assignment2.egg-info/dependency_links.txt
[0.462s] writing top-level names to rt1_assignment2.egg-info/top_level.txt
[0.483s] reading manifest file 'rt1_assignment2.egg-info/SOURCES.txt'
[0.484s] writing manifest file 'rt1_assignment2.egg-info/SOURCES.txt'
[0.501s] [100%] Built target ament_cmake_python_build_rt1_assignment2_egg
[0.516s] Invoked command in '/home/ertoto/Documenti/GitHub/Mazzotta_RT1_Lab2/ros2_ws/build/rt1_assignment2' returned '0': CMAKE_PREFIX_PATH=${CMAKE_PREFIX_PATH}:/opt/ros/jazzy DEBUGINFOD_URLS=https://debuginfod.ubuntu.com /usr/bin/cmake --build /home/ertoto/Documenti/GitHub/Mazzotta_RT1_Lab2/ros2_ws/build/rt1_assignment2 -- -j32 -l32
[0.520s] Invoking command in '/home/ertoto/Documenti/GitHub/Mazzotta_RT1_Lab2/ros2_ws/build/rt1_assignment2': CMAKE_PREFIX_PATH=${CMAKE_PREFIX_PATH}:/opt/ros/jazzy DEBUGINFOD_URLS=https://debuginfod.ubuntu.com /usr/bin/cmake --install /home/ertoto/Documenti/GitHub/Mazzotta_RT1_Lab2/ros2_ws/build/rt1_assignment2
[0.535s] -- Install configuration: ""
[0.536s] -- Up-to-date: /home/ertoto/Documenti/GitHub/Mazzotta_RT1_Lab2/ros2_ws/install/rt1_assignment2/share/ament_index/resource_index/rosidl_interfaces/rt1_assignment2
[0.536s] -- Up-to-date: /home/ertoto/Documenti/GitHub/Mazzotta_RT1_Lab2/ros2_ws/install/rt1_assignment2/share/rt1_assignment2/msg/Info.json
[0.537s] -- Up-to-date: /home/ertoto/Documenti/GitHub/Mazzotta_RT1_Lab2/ros2_ws/install/rt1_assignment2/share/rt1_assignment2/srv/SetThreshold.json
[0.537s] -- Up-to-date: /home/ertoto/Documenti/GitHub/Mazzotta_RT1_Lab2/ros2_ws/install/rt1_assignment2/share/rt1_assignment2/srv/GetAvgVel.json
[0.537s] -- Up-to-date: /home/ertoto/Documenti/GitHub/Mazzotta_RT1_Lab2/ros2_ws/install/rt1_assignment2/include/rt1_assignment2/rt1_assignment2
[0.537s] -- Up-to-date: /home/ertoto/Documenti/GitHub/Mazzotta_RT1_Lab2/ros2_ws/install/rt1_assignment2/include/rt1_assignment2/rt1_assignment2/srv
[0.537s] -- Up-to-date: /home/ertoto/Documenti/GitHub/Mazzotta_RT1_Lab2/ros2_ws/install/rt1_assignment2/include/rt1_assignment2/rt1_assignment2/srv/detail
[0.537s] -- Up-to-date: /home/ertoto/Documenti/GitHub/Mazzotta_RT1_Lab2/ros2_ws/install/rt1_assignment2/include/rt1_assignment2/rt1_assignment2/srv/detail/set_threshold__struct.h
[0.537s] -- Up-to-date: /home/ertoto/Documenti/GitHub/Mazzotta_RT1_Lab2/ros2_ws/install/rt1_assignment2/include/rt1_assignment2/rt1_assignment2/srv/detail/set_threshold__description.c
[0.537s] -- Up-to-date: /home/ertoto/Documenti/GitHub/Mazzotta_RT1_Lab2/ros2_ws/install/rt1_assignment2/include/rt1_assignment2/rt1_assignment2/srv/detail/get_avg_vel__functions.h
[0.537s] -- Up-to-date: /home/ertoto/Documenti/GitHub/Mazzotta_RT1_Lab2/ros2_ws/install/rt1_assignment2/include/rt1_assignment2/rt1_assignment2/srv/detail/set_threshold__functions.c
[0.538s] -- Up-to-date: /home/ertoto/Documenti/GitHub/Mazzotta_RT1_Lab2/ros2_ws/install/rt1_assignment2/include/rt1_assignment2/rt1_assignment2/srv/detail/get_avg_vel__type_support.h
[0.538s] -- Up-to-date: /home/ertoto/Documenti/GitHub/Mazzotta_RT1_Lab2/ros2_ws/install/rt1_assignment2/include/rt1_assignment2/rt1_assignment2/srv/detail/get_avg_vel__description.c
[0.538s] -- Up-to-date: /home/ertoto/Documenti/GitHub/Mazzotta_RT1_Lab2/ros2_ws/install/rt1_assignment2/include/rt1_assignment2/rt1_assignment2/srv/detail/set_threshold__functions.h
[0.538s] -- Up-to-date: /home/ertoto/Documenti/GitHub/Mazzotta_RT1_Lab2/ros2_ws/install/rt1_assignment2/include/rt1_assignment2/rt1_assignment2/srv/detail/set_threshold__type_support.c
[0.538s] -- Up-to-date: /home/ertoto/Documenti/GitHub/Mazzotta_RT1_Lab2/ros2_ws/install/rt1_assignment2/include/rt1_assignment2/rt1_assignment2/srv/detail/get_avg_vel__struct.h
[0.538s] -- Up-to-date: /home/ertoto/Documenti/GitHub/Mazzotta_RT1_Lab2/ros2_ws/install/rt1_assignment2/include/rt1_assignment2/rt1_assignment2/srv/detail/get_avg_vel__functions.c
[0.538s] -- Up-to-date: /home/ertoto/Documenti/GitHub/Mazzotta_RT1_Lab2/ros2_ws/install/rt1_assignment2/include/rt1_assignment2/rt1_assignment2/srv/detail/get_avg_vel__type_support.c
[0.538s] -- Up-to-date: /home/ertoto/Documenti/GitHub/Mazzotta_RT1_Lab2/ros2_ws/install/rt1_assignment2/include/rt1_assignment2/rt1_assignment2/srv/detail/set_threshold__type_support.h
[0.538s] -- Up-to-date: /home/ertoto/Documenti/GitHub/Mazzotta_RT1_Lab2/ros2_ws/install/rt1_assignment2/include/rt1_assignment2/rt1_assignment2/srv/set_threshold.h
[0.539s] -- Up-to-date: /home/ertoto/Documenti/GitHub/Mazzotta_RT1_Lab2/ros2_ws/install/rt1_assignment2/include/rt1_assignment2/rt1_assignment2/srv/get_avg_vel.h
[0.539s] -- Up-to-date: /home/ertoto/Documenti/GitHub/Mazzotta_RT1_Lab2/ros2_ws/install/rt1_assignment2/include/rt1_assignment2/rt1_assignment2/msg
[0.539s] -- Up-to-date: /home/ertoto/Documenti/GitHub/Mazzotta_RT1_Lab2/ros2_ws/install/rt1_assignment2/include/rt1_assignment2/rt1_assignment2/msg/rosidl_generator_c__visibility_control.h
[0.539s] -- Up-to-date: /home/ertoto/Documenti/GitHub/Mazzotta_RT1_Lab2/ros2_ws/install/rt1_assignment2/include/rt1_assignment2/rt1_assignment2/msg/detail
[0.539s] -- Up-to-date: /home/ertoto/Documenti/GitHub/Mazzotta_RT1_Lab2/ros2_ws/install/rt1_assignment2/include/rt1_assignment2/rt1_assignment2/msg/detail/info__type_support.c
[0.539s] -- Up-to-date: /home/ertoto/Documenti/GitHub/Mazzotta_RT1_Lab2/ros2_ws/install/rt1_assignment2/include/rt1_assignment2/rt1_assignment2/msg/detail/info__functions.h
[0.539s] -- Up-to-date: /home/ertoto/Documenti/GitHub/Mazzotta_RT1_Lab2/ros2_ws/install/rt1_assignment2/include/rt1_assignment2/rt1_assignment2/msg/detail/info__type_support.h
[0.539s] -- Up-to-date: /home/ertoto/Documenti/GitHub/Mazzotta_RT1_Lab2/ros2_ws/install/rt1_assignment2/include/rt1_assignment2/rt1_assignment2/msg/detail/info__struct.h
[0.539s] -- Up-to-date: /home/ertoto/Documenti/GitHub/Mazzotta_RT1_Lab2/ros2_ws/install/rt1_assignment2/include/rt1_assignment2/rt1_assignment2/msg/detail/info__description.c
[0.539s] -- Up-to-date: /home/ertoto/Documenti/GitHub/Mazzotta_RT1_Lab2/ros2_ws/install/rt1_assignment2/include/rt1_assignment2/rt1_assignment2/msg/detail/info__functions.c
[0.539s] -- Up-to-date: /home/ertoto/Documenti/GitHub/Mazzotta_RT1_Lab2/ros2_ws/install/rt1_assignment2/include/rt1_assignment2/rt1_assignment2/msg/info.h
[0.540s] -- Up-to-date: /home/ertoto/Documenti/GitHub/Mazzotta_RT1_Lab2/ros2_ws/install/rt1_assignment2/share/rt1_assignment2/environment/library_path.sh
[0.540s] -- Up-to-date: /home/ertoto/Documenti/GitHub/Mazzotta_RT1_Lab2/ros2_ws/install/rt1_assignment2/share/rt1_assignment2/environment/library_path.dsv
[0.540s] -- Up-to-date: /home/ertoto/Documenti/GitHub/Mazzotta_RT1_Lab2/ros2_ws/install/rt1_assignment2/lib/librt1_assignment2__rosidl_generator_c.so
[0.540s] -- Up-to-date: /home/ertoto/Documenti/GitHub/Mazzotta_RT1_Lab2/ros2_ws/install/rt1_assignment2/include/rt1_assignment2/rt1_assignment2
[0.540s] -- Up-to-date: /home/ertoto/Documenti/GitHub/Mazzotta_RT1_Lab2/ros2_ws/install/rt1_assignment2/include/rt1_assignment2/rt1_assignment2/srv
[0.541s] -- Up-to-date: /home/ertoto/Documenti/GitHub/Mazzotta_RT1_Lab2/ros2_ws/install/rt1_assignment2/include/rt1_assignment2/rt1_assignment2/srv/detail
[0.541s] -- Up-to-date: /home/ertoto/Documenti/GitHub/Mazzotta_RT1_Lab2/ros2_ws/install/rt1_assignment2/include/rt1_assignment2/rt1_assignment2/srv/detail/get_avg_vel__rosidl_typesupport_fastrtps_c.h
[0.542s] -- Up-to-date: /home/ertoto/Documenti/GitHub/Mazzotta_RT1_Lab2/ros2_ws/install/rt1_assignment2/include/rt1_assignment2/rt1_assignment2/srv/detail/set_threshold__rosidl_typesupport_fastrtps_c.h
[0.542s] -- Up-to-date: /home/ertoto/Documenti/GitHub/Mazzotta_RT1_Lab2/ros2_ws/install/rt1_assignment2/include/rt1_assignment2/rt1_assignment2/msg
[0.542s] -- Up-to-date: /home/ertoto/Documenti/GitHub/Mazzotta_RT1_Lab2/ros2_ws/install/rt1_assignment2/include/rt1_assignment2/rt1_assignment2/msg/detail
[0.543s] -- Up-to-date: /home/ertoto/Documenti/GitHub/Mazzotta_RT1_Lab2/ros2_ws/install/rt1_assignment2/include/rt1_assignment2/rt1_assignment2/msg/detail/info__rosidl_typesupport_fastrtps_c.h
[0.543s] -- Up-to-date: /home/ertoto/Documenti/GitHub/Mazzotta_RT1_Lab2/ros2_ws/install/rt1_assignment2/include/rt1_assignment2/rt1_assignment2/msg/rosidl_typesupport_fastrtps_c__visibility_control.h
[0.543s] -- Up-to-date: /home/ertoto/Documenti/GitHub/Mazzotta_RT1_Lab2/ros2_ws/install/rt1_assignment2/lib/librt1_assignment2__rosidl_typesupport_fastrtps_c.so
[0.544s] -- Up-to-date: /home/ertoto/Documenti/GitHub/Mazzotta_RT1_Lab2/ros2_ws/install/rt1_assignment2/include/rt1_assignment2/rt1_assignment2
[0.544s] -- Up-to-date: /home/ertoto/Documenti/GitHub/Mazzotta_RT1_Lab2/ros2_ws/install/rt1_assignment2/include/rt1_assignment2/rt1_assignment2/srv
[0.544s] -- Up-to-date: /home/ertoto/Documenti/GitHub/Mazzotta_RT1_Lab2/ros2_ws/install/rt1_assignment2/include/rt1_assignment2/rt1_assignment2/srv/detail
[0.544s] -- Up-to-date: /home/ertoto/Documenti/GitHub/Mazzotta_RT1_Lab2/ros2_ws/install/rt1_assignment2/include/rt1_assignment2/rt1_assignment2/srv/detail/set_threshold__builder.hpp
[0.544s] -- Up-to-date: /home/ertoto/Documenti/GitHub/Mazzotta_RT1_Lab2/ros2_ws/install/rt1_assignment2/include/rt1_assignment2/rt1_assignment2/srv/detail/get_avg_vel__builder.hpp
[0.545s] -- Up-to-date: /home/ertoto/Documenti/GitHub/Mazzotta_RT1_Lab2/ros2_ws/install/rt1_assignment2/include/rt1_assignment2/rt1_assignment2/srv/detail/set_threshold__type_support.hpp
[0.545s] -- Up-to-date: /home/ertoto/Documenti/GitHub/Mazzotta_RT1_Lab2/ros2_ws/install/rt1_assignment2/include/rt1_assignment2/rt1_assignment2/srv/detail/set_threshold__struct.hpp
[0.545s] -- Up-to-date: /home/ertoto/Documenti/GitHub/Mazzotta_RT1_Lab2/ros2_ws/install/rt1_assignment2/include/rt1_assignment2/rt1_assignment2/srv/detail/get_avg_vel__type_support.hpp
[0.545s] -- Up-to-date: /home/ertoto/Documenti/GitHub/Mazzotta_RT1_Lab2/ros2_ws/install/rt1_assignment2/include/rt1_assignment2/rt1_assignment2/srv/detail/get_avg_vel__struct.hpp
[0.546s] -- Up-to-date: /home/ertoto/Documenti/GitHub/Mazzotta_RT1_Lab2/ros2_ws/install/rt1_assignment2/include/rt1_assignment2/rt1_assignment2/srv/detail/set_threshold__traits.hpp
[0.546s] -- Up-to-date: /home/ertoto/Documenti/GitHub/Mazzotta_RT1_Lab2/ros2_ws/install/rt1_assignment2/include/rt1_assignment2/rt1_assignment2/srv/detail/get_avg_vel__traits.hpp
[0.546s] -- Up-to-date: /home/ertoto/Documenti/GitHub/Mazzotta_RT1_Lab2/ros2_ws/install/rt1_assignment2/include/rt1_assignment2/rt1_assignment2/srv/get_avg_vel.hpp
[0.546s] -- Up-to-date: /home/ertoto/Documenti/GitHub/Mazzotta_RT1_Lab2/ros2_ws/install/rt1_assignment2/include/rt1_assignment2/rt1_assignment2/srv/set_threshold.hpp
[0.546s] -- Up-to-date: /home/ertoto/Documenti/GitHub/Mazzotta_RT1_Lab2/ros2_ws/install/rt1_assignment2/include/rt1_assignment2/rt1_assignment2/msg
[0.547s] -- Up-to-date: /home/ertoto/Documenti/GitHub/Mazzotta_RT1_Lab2/ros2_ws/install/rt1_assignment2/include/rt1_assignment2/rt1_assignment2/msg/rosidl_generator_cpp__visibility_control.hpp
[0.547s] -- Up-to-date: /home/ertoto/Documenti/GitHub/Mazzotta_RT1_Lab2/ros2_ws/install/rt1_assignment2/include/rt1_assignment2/rt1_assignment2/msg/detail
[0.547s] -- Up-to-date: /home/ertoto/Documenti/GitHub/Mazzotta_RT1_Lab2/ros2_ws/install/rt1_assignment2/include/rt1_assignment2/rt1_assignment2/msg/detail/info__type_support.hpp
[0.547s] -- Up-to-date: /home/ertoto/Documenti/GitHub/Mazzotta_RT1_Lab2/ros2_ws/install/rt1_assignment2/include/rt1_assignment2/rt1_assignment2/msg/detail/info__struct.hpp
[0.548s] -- Up-to-date: /home/ertoto/Documenti/GitHub/Mazzotta_RT1_Lab2/ros2_ws/install/rt1_assignment2/include/rt1_assignment2/rt1_assignment2/msg/detail/info__traits.hpp
[0.548s] -- Up-to-date: /home/ertoto/Documenti/GitHub/Mazzotta_RT1_Lab2/ros2_ws/install/rt1_assignment2/include/rt1_assignment2/rt1_assignment2/msg/detail/info__builder.hpp
[0.548s] -- Up-to-date: /home/ertoto/Documenti/GitHub/Mazzotta_RT1_Lab2/ros2_ws/install/rt1_assignment2/include/rt1_assignment2/rt1_assignment2/msg/info.hpp
[0.548s] -- Up-to-date: /home/ertoto/Documenti/GitHub/Mazzotta_RT1_Lab2/ros2_ws/install/rt1_assignment2/include/rt1_assignment2/rt1_assignment2
[0.548s] -- Up-to-date: /home/ertoto/Documenti/GitHub/Mazzotta_RT1_Lab2/ros2_ws/install/rt1_assignment2/include/rt1_assignment2/rt1_assignment2/srv
[0.549s] -- Up-to-date: /home/ertoto/Documenti/GitHub/Mazzotta_RT1_Lab2/ros2_ws/install/rt1_assignment2/include/rt1_assignment2/rt1_assignment2/srv/detail
[0.549s] -- Up-to-date: /home/ertoto/Documenti/GitHub/Mazzotta_RT1_Lab2/ros2_ws/install/rt1_assignment2/include/rt1_assignment2/rt1_assignment2/srv/detail/get_avg_vel__rosidl_typesupport_fastrtps_cpp.hpp
[0.549s] -- Up-to-date: /home/ertoto/Documenti/GitHub/Mazzotta_RT1_Lab2/ros2_ws/install/rt1_assignment2/include/rt1_assignment2/rt1_assignment2/srv/detail/dds_fastrtps
[0.549s] -- Up-to-date: /home/ertoto/Documenti/GitHub/Mazzotta_RT1_Lab2/ros2_ws/install/rt1_assignment2/include/rt1_assignment2/rt1_assignment2/srv/detail/set_threshold__rosidl_typesupport_fastrtps_cpp.hpp
[0.549s] -- Up-to-date: /home/ertoto/Documenti/GitHub/Mazzotta_RT1_Lab2/ros2_ws/install/rt1_assignment2/include/rt1_assignment2/rt1_assignment2/msg
[0.550s] -- Up-to-date: /home/ertoto/Documenti/GitHub/Mazzotta_RT1_Lab2/ros2_ws/install/rt1_assignment2/include/rt1_assignment2/rt1_assignment2/msg/detail
[0.550s] -- Up-to-date: /home/ertoto/Documenti/GitHub/Mazzotta_RT1_Lab2/ros2_ws/install/rt1_assignment2/include/rt1_assignment2/rt1_assignment2/msg/detail/info__rosidl_typesupport_fastrtps_cpp.hpp
[0.550s] -- Up-to-date: /home/ertoto/Documenti/GitHub/Mazzotta_RT1_Lab2/ros2_ws/install/rt1_assignment2/include/rt1_assignment2/rt1_assignment2/msg/detail/dds_fastrtps
[0.550s] -- Up-to-date: /home/ertoto/Documenti/GitHub/Mazzotta_RT1_Lab2/ros2_ws/install/rt1_assignment2/include/rt1_assignment2/rt1_assignment2/msg/rosidl_typesupport_fastrtps_cpp__visibility_control.h
[0.550s] -- Up-to-date: /home/ertoto/Documenti/GitHub/Mazzotta_RT1_Lab2/ros2_ws/install/rt1_assignment2/lib/librt1_assignment2__rosidl_typesupport_fastrtps_cpp.so
[0.551s] -- Up-to-date: /home/ertoto/Documenti/GitHub/Mazzotta_RT1_Lab2/ros2_ws/install/rt1_assignment2/include/rt1_assignment2/rt1_assignment2
[0.551s] -- Up-to-date: /home/ertoto/Documenti/GitHub/Mazzotta_RT1_Lab2/ros2_ws/install/rt1_assignment2/include/rt1_assignment2/rt1_assignment2/srv
[0.551s] -- Up-to-date: /home/ertoto/Documenti/GitHub/Mazzotta_RT1_Lab2/ros2_ws/install/rt1_assignment2/include/rt1_assignment2/rt1_assignment2/srv/detail
[0.551s] -- Up-to-date: /home/ertoto/Documenti/GitHub/Mazzotta_RT1_Lab2/ros2_ws/install/rt1_assignment2/include/rt1_assignment2/rt1_assignment2/srv/detail/get_avg_vel__rosidl_typesupport_introspection_c.h
[0.552s] -- Up-to-date: /home/ertoto/Documenti/GitHub/Mazzotta_RT1_Lab2/ros2_ws/install/rt1_assignment2/include/rt1_assignment2/rt1_assignment2/srv/detail/set_threshold__rosidl_typesupport_introspection_c.h
[0.552s] -- Up-to-date: /home/ertoto/Documenti/GitHub/Mazzotta_RT1_Lab2/ros2_ws/install/rt1_assignment2/include/rt1_assignment2/rt1_assignment2/srv/detail/set_threshold__type_support.c
[0.552s] -- Up-to-date: /home/ertoto/Documenti/GitHub/Mazzotta_RT1_Lab2/ros2_ws/install/rt1_assignment2/include/rt1_assignment2/rt1_assignment2/srv/detail/get_avg_vel__type_support.c
[0.552s] -- Up-to-date: /home/ertoto/Documenti/GitHub/Mazzotta_RT1_Lab2/ros2_ws/install/rt1_assignment2/include/rt1_assignment2/rt1_assignment2/msg
[0.552s] -- Up-to-date: /home/ertoto/Documenti/GitHub/Mazzotta_RT1_Lab2/ros2_ws/install/rt1_assignment2/include/rt1_assignment2/rt1_assignment2/msg/rosidl_typesupport_introspection_c__visibility_control.h
[0.553s] -- Up-to-date: /home/ertoto/Documenti/GitHub/Mazzotta_RT1_Lab2/ros2_ws/install/rt1_assignment2/include/rt1_assignment2/rt1_assignment2/msg/detail
[0.553s] -- Up-to-date: /home/ertoto/Documenti/GitHub/Mazzotta_RT1_Lab2/ros2_ws/install/rt1_assignment2/include/rt1_assignment2/rt1_assignment2/msg/detail/info__type_support.c
[0.553s] -- Up-to-date: /home/ertoto/Documenti/GitHub/Mazzotta_RT1_Lab2/ros2_ws/install/rt1_assignment2/include/rt1_assignment2/rt1_assignment2/msg/detail/info__rosidl_typesupport_introspection_c.h
[0.553s] -- Up-to-date: /home/ertoto/Documenti/GitHub/Mazzotta_RT1_Lab2/ros2_ws/install/rt1_assignment2/lib/librt1_assignment2__rosidl_typesupport_introspection_c.so
[0.553s] -- Up-to-date: /home/ertoto/Documenti/GitHub/Mazzotta_RT1_Lab2/ros2_ws/install/rt1_assignment2/lib/librt1_assignment2__rosidl_typesupport_c.so
[0.554s] -- Up-to-date: /home/ertoto/Documenti/GitHub/Mazzotta_RT1_Lab2/ros2_ws/install/rt1_assignment2/include/rt1_assignment2/rt1_assignment2
[0.554s] -- Up-to-date: /home/ertoto/Documenti/GitHub/Mazzotta_RT1_Lab2/ros2_ws/install/rt1_assignment2/include/rt1_assignment2/rt1_assignment2/srv
[0.554s] -- Up-to-date: /home/ertoto/Documenti/GitHub/Mazzotta_RT1_Lab2/ros2_ws/install/rt1_assignment2/include/rt1_assignment2/rt1_assignment2/srv/detail
[0.554s] -- Up-to-date: /home/ertoto/Documenti/GitHub/Mazzotta_RT1_Lab2/ros2_ws/install/rt1_assignment2/include/rt1_assignment2/rt1_assignment2/srv/detail/set_threshold__rosidl_typesupport_introspection_cpp.hpp
[0.554s] -- Up-to-date: /home/ertoto/Documenti/GitHub/Mazzotta_RT1_Lab2/ros2_ws/install/rt1_assignment2/include/rt1_assignment2/rt1_assignment2/srv/detail/set_threshold__type_support.cpp
[0.554s] -- Up-to-date: /home/ertoto/Documenti/GitHub/Mazzotta_RT1_Lab2/ros2_ws/install/rt1_assignment2/include/rt1_assignment2/rt1_assignment2/srv/detail/get_avg_vel__type_support.cpp
[0.554s] -- Up-to-date: /home/ertoto/Documenti/GitHub/Mazzotta_RT1_Lab2/ros2_ws/install/rt1_assignment2/include/rt1_assignment2/rt1_assignment2/srv/detail/get_avg_vel__rosidl_typesupport_introspection_cpp.hpp
[0.554s] -- Up-to-date: /home/ertoto/Documenti/GitHub/Mazzotta_RT1_Lab2/ros2_ws/install/rt1_assignment2/include/rt1_assignment2/rt1_assignment2/msg
[0.554s] -- Up-to-date: /home/ertoto/Documenti/GitHub/Mazzotta_RT1_Lab2/ros2_ws/install/rt1_assignment2/include/rt1_assignment2/rt1_assignment2/msg/detail
[0.554s] -- Up-to-date: /home/ertoto/Documenti/GitHub/Mazzotta_RT1_Lab2/ros2_ws/install/rt1_assignment2/include/rt1_assignment2/rt1_assignment2/msg/detail/info__rosidl_typesupport_introspection_cpp.hpp
[0.554s] -- Up-to-date: /home/ertoto/Documenti/GitHub/Mazzotta_RT1_Lab2/ros2_ws/install/rt1_assignment2/include/rt1_assignment2/rt1_assignment2/msg/detail/info__type_support.cpp
[0.554s] -- Up-to-date: /home/ertoto/Documenti/GitHub/Mazzotta_RT1_Lab2/ros2_ws/install/rt1_assignment2/lib/librt1_assignment2__rosidl_typesupport_introspection_cpp.so
[0.555s] -- Up-to-date: /home/ertoto/Documenti/GitHub/Mazzotta_RT1_Lab2/ros2_ws/install/rt1_assignment2/lib/librt1_assignment2__rosidl_typesupport_cpp.so
[0.555s] -- Up-to-date: /home/ertoto/Documenti/GitHub/Mazzotta_RT1_Lab2/ros2_ws/install/rt1_assignment2/share/rt1_assignment2/environment/pythonpath.sh
[0.555s] -- Up-to-date: /home/ertoto/Documenti/GitHub/Mazzotta_RT1_Lab2/ros2_ws/install/rt1_assignment2/share/rt1_assignment2/environment/pythonpath.dsv
[0.555s] -- Up-to-date: /home/ertoto/Documenti/GitHub/Mazzotta_RT1_Lab2/ros2_ws/install/rt1_assignment2/lib/python3.12/site-packages/rt1_assignment2-0.0.0-py3.12.egg-info
[0.555s] -- Installing: /home/ertoto/Documenti/GitHub/Mazzotta_RT1_Lab2/ros2_ws/install/rt1_assignment2/lib/python3.12/site-packages/rt1_assignment2-0.0.0-py3.12.egg-info/PKG-INFO
[0.555s] -- Installing: /home/ertoto/Documenti/GitHub/Mazzotta_RT1_Lab2/ros2_ws/install/rt1_assignment2/lib/python3.12/site-packages/rt1_assignment2-0.0.0-py3.12.egg-info/top_level.txt
[0.555s] -- Installing: /home/ertoto/Documenti/GitHub/Mazzotta_RT1_Lab2/ros2_ws/install/rt1_assignment2/lib/python3.12/site-packages/rt1_assignment2-0.0.0-py3.12.egg-info/SOURCES.txt
[0.555s] -- Installing: /home/ertoto/Documenti/GitHub/Mazzotta_RT1_Lab2/ros2_ws/install/rt1_assignment2/lib/python3.12/site-packages/rt1_assignment2-0.0.0-py3.12.egg-info/dependency_links.txt
[0.555s] -- Up-to-date: /home/ertoto/Documenti/GitHub/Mazzotta_RT1_Lab2/ros2_ws/install/rt1_assignment2/lib/python3.12/site-packages/rt1_assignment2
[0.555s] -- Up-to-date: /home/ertoto/Documenti/GitHub/Mazzotta_RT1_Lab2/ros2_ws/install/rt1_assignment2/lib/python3.12/site-packages/rt1_assignment2/rt1_assignment2_s__rosidl_typesupport_fastrtps_c.so
[0.555s] -- Up-to-date: /home/ertoto/Documenti/GitHub/Mazzotta_RT1_Lab2/ros2_ws/install/rt1_assignment2/lib/python3.12/site-packages/rt1_assignment2/_rt1_assignment2_s.ep.rosidl_typesupport_fastrtps_c.c
[0.555s] -- Up-to-date: /home/ertoto/Documenti/GitHub/Mazzotta_RT1_Lab2/ros2_ws/install/rt1_assignment2/lib/python3.12/site-packages/rt1_assignment2/rt1_assignment2_s__rosidl_typesupport_introspection_c.so
[0.555s] -- Up-to-date: /home/ertoto/Documenti/GitHub/Mazzotta_RT1_Lab2/ros2_ws/install/rt1_assignment2/lib/python3.12/site-packages/rt1_assignment2/__init__.py
[0.555s] -- Up-to-date: /home/ertoto/Documenti/GitHub/Mazzotta_RT1_Lab2/ros2_ws/install/rt1_assignment2/lib/python3.12/site-packages/rt1_assignment2/_rt1_assignment2_s.ep.rosidl_typesupport_introspection_c.c
[0.556s] -- Up-to-date: /home/ertoto/Documenti/GitHub/Mazzotta_RT1_Lab2/ros2_ws/install/rt1_assignment2/lib/python3.12/site-packages/rt1_assignment2/rt1_assignment2_s__rosidl_typesupport_c.so
[0.556s] -- Up-to-date: /home/ertoto/Documenti/GitHub/Mazzotta_RT1_Lab2/ros2_ws/install/rt1_assignment2/lib/python3.12/site-packages/rt1_assignment2/srv
[0.556s] -- Up-to-date: /home/ertoto/Documenti/GitHub/Mazzotta_RT1_Lab2/ros2_ws/install/rt1_assignment2/lib/python3.12/site-packages/rt1_assignment2/srv/__init__.py
[0.556s] -- Up-to-date: /home/ertoto/Documenti/GitHub/Mazzotta_RT1_Lab2/ros2_ws/install/rt1_assignment2/lib/python3.12/site-packages/rt1_assignment2/srv/_get_avg_vel.py
[0.556s] -- Up-to-date: /home/ertoto/Documenti/GitHub/Mazzotta_RT1_Lab2/ros2_ws/install/rt1_assignment2/lib/python3.12/site-packages/rt1_assignment2/srv/_set_threshold.py
[0.556s] -- Up-to-date: /home/ertoto/Documenti/GitHub/Mazzotta_RT1_Lab2/ros2_ws/install/rt1_assignment2/lib/python3.12/site-packages/rt1_assignment2/srv/_set_threshold_s.c
[0.556s] -- Up-to-date: /home/ertoto/Documenti/GitHub/Mazzotta_RT1_Lab2/ros2_ws/install/rt1_assignment2/lib/python3.12/site-packages/rt1_assignment2/srv/_get_avg_vel_s.c
[0.556s] -- Up-to-date: /home/ertoto/Documenti/GitHub/Mazzotta_RT1_Lab2/ros2_ws/install/rt1_assignment2/lib/python3.12/site-packages/rt1_assignment2/_rt1_assignment2_s.ep.rosidl_typesupport_c.c
[0.556s] -- Up-to-date: /home/ertoto/Documenti/GitHub/Mazzotta_RT1_Lab2/ros2_ws/install/rt1_assignment2/lib/python3.12/site-packages/rt1_assignment2/msg
[0.556s] -- Up-to-date: /home/ertoto/Documenti/GitHub/Mazzotta_RT1_Lab2/ros2_ws/install/rt1_assignment2/lib/python3.12/site-packages/rt1_assignment2/msg/__init__.py
[0.556s] -- Up-to-date: /home/ertoto/Documenti/GitHub/Mazzotta_RT1_Lab2/ros2_ws/install/rt1_assignment2/lib/python3.12/site-packages/rt1_assignment2/msg/_info_s.c
[0.556s] -- Up-to-date: /home/ertoto/Documenti/GitHub/Mazzotta_RT1_Lab2/ros2_ws/install/rt1_assignment2/lib/python3.12/site-packages/rt1_assignment2/msg/_info.py
[0.614s] Listing '/home/ertoto/Documenti/GitHub/Mazzotta_RT1_Lab2/ros2_ws/install/rt1_assignment2/lib/python3.12/site-packages/rt1_assignment2'...
[0.614s] Listing '/home/ertoto/Documenti/GitHub/Mazzotta_RT1_Lab2/ros2_ws/install/rt1_assignment2/lib/python3.12/site-packages/rt1_assignment2/msg'...
[0.614s] Listing '/home/ertoto/Documenti/GitHub/Mazzotta_RT1_Lab2/ros2_ws/install/rt1_assignment2/lib/python3.12/site-packages/rt1_assignment2/srv'...
[0.627s] -- Up-to-date: /home/ertoto/Documenti/GitHub/Mazzotta_RT1_Lab2/ros2_ws/install/rt1_assignment2/lib/python3.12/site-packages/rt1_assignment2/rt1_assignment2_s__rosidl_typesupport_fastrtps_c.so
[0.628s] -- Up-to-date: /home/ertoto/Documenti/GitHub/Mazzotta_RT1_Lab2/ros2_ws/install/rt1_assignment2/lib/python3.12/site-packages/rt1_assignment2/rt1_assignment2_s__rosidl_typesupport_introspection_c.so
[0.628s] -- Up-to-date: /home/ertoto/Documenti/GitHub/Mazzotta_RT1_Lab2/ros2_ws/install/rt1_assignment2/lib/python3.12/site-packages/rt1_assignment2/rt1_assignment2_s__rosidl_typesupport_c.so
[0.629s] -- Up-to-date: /home/ertoto/Documenti/GitHub/Mazzotta_RT1_Lab2/ros2_ws/install/rt1_assignment2/lib/librt1_assignment2__rosidl_generator_py.so
[0.629s] -- Up-to-date: /home/ertoto/Documenti/GitHub/Mazzotta_RT1_Lab2/ros2_ws/install/rt1_assignment2/share/rt1_assignment2/msg/Info.idl
[0.629s] -- Up-to-date: /home/ertoto/Documenti/GitHub/Mazzotta_RT1_Lab2/ros2_ws/install/rt1_assignment2/share/rt1_assignment2/srv/SetThreshold.idl
[0.629s] -- Up-to-date: /home/ertoto/Documenti/GitHub/Mazzotta_RT1_Lab2/ros2_ws/install/rt1_assignment2/share/rt1_assignment2/srv/GetAvgVel.idl
[0.629s] -- Up-to-date: /home/ertoto/Documenti/GitHub/Mazzotta_RT1_Lab2/ros2_ws/install/rt1_assignment2/share/rt1_assignment2/msg/Info.msg
[0.630s] -- Up-to-date: /home/ertoto/Documenti/GitHub/Mazzotta_RT1_Lab2/ros2_ws/install/rt1_assignment2/share/rt1_assignment2/srv/SetThreshold.srv
[0.630s] -- Up-to-date: /home/ertoto/Documenti/GitHub/Mazzotta_RT1_Lab2/ros2_ws/install/rt1_assignment2/share/rt1_assignment2/srv/GetAvgVel.srv
[0.630s] -- Up-to-date: /home/ertoto/Documenti/GitHub/Mazzotta_RT1_Lab2/ros2_ws/install/rt1_assignment2/share/ament_index/resource_index/package_run_dependencies/rt1_assignment2
[0.630s] -- Up-to-date: /home/ertoto/Documenti/GitHub/Mazzotta_RT1_Lab2/ros2_ws/install/rt1_assignment2/share/ament_index/resource_index/parent_prefix_path/rt1_assignment2
[0.630s] -- Up-to-date: /home/ertoto/Documenti/GitHub/Mazzotta_RT1_Lab2/ros2_ws/install/rt1_assignment2/share/rt1_assignment2/environment/ament_prefix_path.sh
[0.630s] -- Up-to-date: /home/ertoto/Documenti/GitHub/Mazzotta_RT1_Lab2/ros2_ws/install/rt1_assignment2/share/rt1_assignment2/environment/ament_prefix_path.dsv
[0.631s] -- Up-to-date: /home/ertoto/Documenti/GitHub/Mazzotta_RT1_Lab2/ros2_ws/install/rt1_assignment2/share/rt1_assignment2/environment/path.sh
[0.631s] -- Up-to-date: /home/ertoto/Documenti/GitHub/Mazzotta_RT1_Lab2/ros2_ws/install/rt1_assignment2/share/rt1_assignment2/environment/path.dsv
[0.631s] -- Up-to-date: /home/ertoto/Documenti/GitHub/Mazzotta_RT1_Lab2/ros2_ws/install/rt1_assignment2/share/rt1_assignment2/local_setup.bash
[0.631s] -- Up-to-date: /home/ertoto/Documenti/GitHub/Mazzotta_RT1_Lab2/ros2_ws/install/rt1_assignment2/share/rt1_assignment2/local_setup.sh
[0.631s] -- Up-to-date: /home/ertoto/Documenti/GitHub/Mazzotta_RT1_Lab2/ros2_ws/install/rt1_assignment2/share/rt1_assignment2/local_setup.zsh
[0.631s] -- Up-to-date: /home/ertoto/Documenti/GitHub/Mazzotta_RT1_Lab2/ros2_ws/install/rt1_assignment2/share/rt1_assignment2/local_setup.dsv
[0.631s] -- Installing: /home/ertoto/Documenti/GitHub/Mazzotta_RT1_Lab2/ros2_ws/install/rt1_assignment2/share/rt1_assignment2/package.dsv
[0.632s] -- Up-to-date: /home/ertoto/Documenti/GitHub/Mazzotta_RT1_Lab2/ros2_ws/install/rt1_assignment2/share/ament_index/resource_index/packages/rt1_assignment2
[0.632s] -- Up-to-date: /home/ertoto/Documenti/GitHub/Mazzotta_RT1_Lab2/ros2_ws/install/rt1_assignment2/share/rt1_assignment2/cmake/export_rt1_assignment2__rosidl_generator_cExport.cmake
[0.632s] -- Up-to-date: /home/ertoto/Documenti/GitHub/Mazzotta_RT1_Lab2/ros2_ws/install/rt1_assignment2/share/rt1_assignment2/cmake/export_rt1_assignment2__rosidl_generator_cExport-noconfig.cmake
[0.632s] -- Up-to-date: /home/ertoto/Documenti/GitHub/Mazzotta_RT1_Lab2/ros2_ws/install/rt1_assignment2/share/rt1_assignment2/cmake/export_rt1_assignment2__rosidl_typesupport_fastrtps_cExport.cmake
[0.632s] -- Up-to-date: /home/ertoto/Documenti/GitHub/Mazzotta_RT1_Lab2/ros2_ws/install/rt1_assignment2/share/rt1_assignment2/cmake/export_rt1_assignment2__rosidl_typesupport_fastrtps_cExport-noconfig.cmake
[0.633s] -- Up-to-date: /home/ertoto/Documenti/GitHub/Mazzotta_RT1_Lab2/ros2_ws/install/rt1_assignment2/share/rt1_assignment2/cmake/export_rt1_assignment2__rosidl_generator_cppExport.cmake
[0.633s] -- Up-to-date: /home/ertoto/Documenti/GitHub/Mazzotta_RT1_Lab2/ros2_ws/install/rt1_assignment2/share/rt1_assignment2/cmake/export_rt1_assignment2__rosidl_typesupport_fastrtps_cppExport.cmake
[0.633s] -- Up-to-date: /home/ertoto/Documenti/GitHub/Mazzotta_RT1_Lab2/ros2_ws/install/rt1_assignment2/share/rt1_assignment2/cmake/export_rt1_assignment2__rosidl_typesupport_fastrtps_cppExport-noconfig.cmake
[0.633s] -- Up-to-date: /home/ertoto/Documenti/GitHub/Mazzotta_RT1_Lab2/ros2_ws/install/rt1_assignment2/share/rt1_assignment2/cmake/rt1_assignment2__rosidl_typesupport_introspection_cExport.cmake
[0.633s] -- Up-to-date: /home/ertoto/Documenti/GitHub/Mazzotta_RT1_Lab2/ros2_ws/install/rt1_assignment2/share/rt1_assignment2/cmake/rt1_assignment2__rosidl_typesupport_introspection_cExport-noconfig.cmake
[0.633s] -- Up-to-date: /home/ertoto/Documenti/GitHub/Mazzotta_RT1_Lab2/ros2_ws/install/rt1_assignment2/share/rt1_assignment2/cmake/rt1_assignment2__rosidl_typesupport_cExport.cmake
[0.633s] -- Up-to-date: /home/ertoto/Documenti/GitHub/Mazzotta_RT1_Lab2/ros2_ws/install/rt1_assignment2/share/rt1_assignment2/cmake/rt1_assignment2__rosidl_typesupport_cExport-noconfig.cmake
[0.634s] -- Up-to-date: /home/ertoto/Documenti/GitHub/Mazzotta_RT1_Lab2/ros2_ws/install/rt1_assignment2/share/rt1_assignment2/cmake/rt1_assignment2__rosidl_typesupport_introspection_cppExport.cmake
[0.634s] -- Up-to-date: /home/ertoto/Documenti/GitHub/Mazzotta_RT1_Lab2/ros2_ws/install/rt1_assignment2/share/rt1_assignment2/cmake/rt1_assignment2__rosidl_typesupport_introspection_cppExport-noconfig.cmake
[0.634s] -- Up-to-date: /home/ertoto/Documenti/GitHub/Mazzotta_RT1_Lab2/ros2_ws/install/rt1_assignment2/share/rt1_assignment2/cmake/rt1_assignment2__rosidl_typesupport_cppExport.cmake
[0.634s] -- Up-to-date: /home/ertoto/Documenti/GitHub/Mazzotta_RT1_Lab2/ros2_ws/install/rt1_assignment2/share/rt1_assignment2/cmake/rt1_assignment2__rosidl_typesupport_cppExport-noconfig.cmake
[0.634s] -- Up-to-date: /home/ertoto/Documenti/GitHub/Mazzotta_RT1_Lab2/ros2_ws/install/rt1_assignment2/share/rt1_assignment2/cmake/export_rt1_assignment2__rosidl_generator_pyExport.cmake
[0.634s] -- Up-to-date: /home/ertoto/Documenti/GitHub/Mazzotta_RT1_Lab2/ros2_ws/install/rt1_assignment2/share/rt1_assignment2/cmake/export_rt1_assignment2__rosidl_generator_pyExport-noconfig.cmake
[0.635s] -- Up-to-date: /home/ertoto/Documenti/GitHub/Mazzotta_RT1_Lab2/ros2_ws/install/rt1_assignment2/share/rt1_assignment2/cmake/rosidl_cmake-extras.cmake
[0.635s] -- Up-to-date: /home/ertoto/Documenti/GitHub/Mazzotta_RT1_Lab2/ros2_ws/install/rt1_assignment2/share/rt1_assignment2/cmake/ament_cmake_export_dependencies-extras.cmake
[0.635s] -- Up-to-date: /home/ertoto/Documenti/GitHub/Mazzotta_RT1_Lab2/ros2_ws/install/rt1_assignment2/share/rt1_assignment2/cmake/ament_cmake_export_include_directories-extras.cmake
[0.635s] -- Up-to-date: /home/ertoto/Documenti/GitHub/Mazzotta_RT1_Lab2/ros2_ws/install/rt1_assignment2/share/rt1_assignment2/cmake/ament_cmake_export_libraries-extras.cmake
[0.635s] -- Up-to-date: /home/ertoto/Documenti/GitHub/Mazzotta_RT1_Lab2/ros2_ws/install/rt1_assignment2/share/rt1_assignment2/cmake/ament_cmake_export_targets-extras.cmake
[0.636s] -- Up-to-date: /home/ertoto/Documenti/GitHub/Mazzotta_RT1_Lab2/ros2_ws/install/rt1_assignment2/share/rt1_assignment2/cmake/rosidl_cmake_export_typesupport_targets-extras.cmake
[0.636s] -- Up-to-date: /home/ertoto/Documenti/GitHub/Mazzotta_RT1_Lab2/ros2_ws/install/rt1_assignment2/share/rt1_assignment2/cmake/rosidl_cmake_export_typesupport_libraries-extras.cmake
[0.636s] -- Up-to-date: /home/ertoto/Documenti/GitHub/Mazzotta_RT1_Lab2/ros2_ws/install/rt1_assignment2/share/rt1_assignment2/cmake/rt1_assignment2Config.cmake
[0.636s] -- Up-to-date: /home/ertoto/Documenti/GitHub/Mazzotta_RT1_Lab2/ros2_ws/install/rt1_assignment2/share/rt1_assignment2/cmake/rt1_assignment2Config-version.cmake
[0.636s] -- Up-to-date: /home/ertoto/Documenti/GitHub/Mazzotta_RT1_Lab2/ros2_ws/install/rt1_assignment2/share/rt1_assignment2/package.xml
[0.636s] -- Up-to-date: /home/ertoto/Documenti/GitHub/Mazzotta_RT1_Lab2/ros2_ws/install/rt1_assignment2/lib/rt1_assignment2/safety_controller
[0.637s] -- Up-to-date: /home/ertoto/Documenti/GitHub/Mazzotta_RT1_Lab2/ros2_ws/install/rt1_assignment2/lib/rt1_assignment2/user_interface
[0.637s] -- Up-to-date: /home/ertoto/Documenti/GitHub/Mazzotta_RT1_Lab2/ros2_ws/install/rt1_assignment2/share/rt1_assignment2//launch
[0.637s] -- Installing: /home/ertoto/Documenti/GitHub/Mazzotta_RT1_Lab2/ros2_ws/install/rt1_assignment2/share/rt1_assignment2//launch/assignment2.launch.py
[0.641s] Invoked command in '/home/ertoto/Documenti/GitHub/Mazzotta_RT1_Lab2/ros2_ws/build/rt1_assignment2' returned '0': CMAKE_PREFIX_PATH=${CMAKE_PREFIX_PATH}:/opt/ros/jazzy DEBUGINFOD_URLS=https://debuginfod.ubuntu.com /usr/bin/cmake --install /home/ertoto/Documenti/GitHub/Mazzotta_RT1_Lab2/ros2_ws/build/rt1_assignment2
