[0.006s] Invoking command in '/home/ertoto/Documenti/GitHub/Mazzotta_RT1_Lab2/ros2_ws/build/rt1_assignment2': CMAKE_PREFIX_PATH=${CMAKE_PREFIX_PATH}:/opt/ros/jazzy DEBUGINFOD_URLS=https://debuginfod.ubuntu.com /usr/bin/cmake --build /home/ertoto/Documenti/GitHub/Mazzotta_RT1_Lab2/ros2_ws/build/rt1_assignment2 -- -j32 -l32
[0.144s] [  1%] Built target rt1_assignment2__rosidl_generator_type_description
[0.174s] [  1%] Built target ament_cmake_python_copy_rt1_assignment2
[0.208s] [  3%] Built target rt1_assignment2__cpp
[0.220s] [ 23%] Built target rt1_assignment2__rosidl_generator_c
[0.295s] [ 33%] Built target rt1_assignment2__rosidl_typesupport_fastrtps_c
[0.296s] [ 41%] Built target rt1_assignment2__rosidl_typesupport_c
[0.296s] [ 53%] Built target rt1_assignment2__rosidl_typesupport_introspection_c
[0.297s] [ 58%] Built target rt1_assignment2__rosidl_typesupport_fastrtps_cpp
[0.297s] [ 67%] Built target rt1_assignment2__rosidl_typesupport_cpp
[0.299s] [ 76%] Built target rt1_assignment2__rosidl_typesupport_introspection_cpp
[0.357s] [ 76%] Built target rt1_assignment2
[0.405s] [ 78%] Built target rt1_assignment2__py
[0.436s] [ 80%] [32mBuilding CXX object CMakeFiles/safety_controller.dir/src/safety_controller.cpp.o[0m
[0.477s] [ 87%] Built target rt1_assignment2__rosidl_generator_py
[0.543s] [ 91%] Built target rt1_assignment2_s__rosidl_typesupport_fastrtps_c
[0.543s] [ 94%] Built target rt1_assignment2_s__rosidl_typesupport_introspection_c
[0.544s] [ 98%] Built target rt1_assignment2_s__rosidl_typesupport_c
[0.591s] running egg_info
[0.599s] writing rt1_assignment2.egg-info/PKG-INFO
[0.599s] writing dependency_links to rt1_assignment2.egg-info/dependency_links.txt
[0.599s] writing top-level names to rt1_assignment2.egg-info/top_level.txt
[0.622s] reading manifest file 'rt1_assignment2.egg-info/SOURCES.txt'
[0.622s] writing manifest file 'rt1_assignment2.egg-info/SOURCES.txt'
[0.638s] [ 98%] Built target ament_cmake_python_build_rt1_assignment2_egg
[1.570s] [01m[K/home/ertoto/Documenti/GitHub/Mazzotta_RT1_Lab2/ros2_ws/src/rt1_assignment2/src/safety_controller.cpp:[m[K In member function ‘[01m[Kvoid SafetyController::[01;32m[Kscan_callback[m[K(sensor_msgs::msg::LaserScan_<std::allocator<void> >::SharedPtr)[m[K’:
[1.570s] [01m[K/home/ertoto/Documenti/GitHub/Mazzotta_RT1_Lab2/ros2_ws/src/rt1_assignment2/src/safety_controller.cpp:89:26:[m[K [01;35m[Kwarning: [m[Kcomparison of integer expressions of different signedness: ‘[01m[Ksize_t[m[K’ {aka ‘[01m[Klong unsigned int[m[K’} and ‘[01m[Kint[m[K’ [[01;35m[K]8;;https://gcc.gnu.org/onlinedocs/gcc/Warning-Options.html#index-Wsign-compare-Wsign-compare]8;;[m[K]
[1.570s]    89 |     for (size_t i = 0; [01;35m[Ki < n_ranges[m[K; ++i) {
[1.570s]       |                        [01;35m[K~~^~~~~~~~~~[m[K
[7.652s] [100%] [32m[1mLinking CXX executable safety_controller[0m
[8.000s] [100%] Built target safety_controller
[8.015s] Invoked command in '/home/ertoto/Documenti/GitHub/Mazzotta_RT1_Lab2/ros2_ws/build/rt1_assignment2' returned '0': CMAKE_PREFIX_PATH=${CMAKE_PREFIX_PATH}:/opt/ros/jazzy DEBUGINFOD_URLS=https://debuginfod.ubuntu.com /usr/bin/cmake --build /home/ertoto/Documenti/GitHub/Mazzotta_RT1_Lab2/ros2_ws/build/rt1_assignment2 -- -j32 -l32
[8.041s] Invoking command in '/home/ertoto/Documenti/GitHub/Mazzotta_RT1_Lab2/ros2_ws/build/rt1_assignment2': CMAKE_PREFIX_PATH=${CMAKE_PREFIX_PATH}:/opt/ros/jazzy DEBUGINFOD_URLS=https://debuginfod.ubuntu.com /usr/bin/cmake --install /home/ertoto/Documenti/GitHub/Mazzotta_RT1_Lab2/ros2_ws/build/rt1_assignment2
[8.061s] -- Install configuration: ""
[8.062s] -- Up-to-date: /home/ertoto/Documenti/GitHub/Mazzotta_RT1_Lab2/ros2_ws/install/rt1_assignment2/share/ament_index/resource_index/rosidl_interfaces/rt1_assignment2
[8.062s] -- Up-to-date: /home/ertoto/Documenti/GitHub/Mazzotta_RT1_Lab2/ros2_ws/install/rt1_assignment2/share/rt1_assignment2/msg/Info.json
[8.063s] -- Up-to-date: /home/ertoto/Documenti/GitHub/Mazzotta_RT1_Lab2/ros2_ws/install/rt1_assignment2/share/rt1_assignment2/srv/SetThreshold.json
[8.063s] -- Up-to-date: /home/ertoto/Documenti/GitHub/Mazzotta_RT1_Lab2/ros2_ws/install/rt1_assignment2/share/rt1_assignment2/srv/GetAvgVel.json
[8.063s] -- Up-to-date: /home/ertoto/Documenti/GitHub/Mazzotta_RT1_Lab2/ros2_ws/install/rt1_assignment2/include/rt1_assignment2/rt1_assignment2
[8.063s] -- Up-to-date: /home/ertoto/Documenti/GitHub/Mazzotta_RT1_Lab2/ros2_ws/install/rt1_assignment2/include/rt1_assignment2/rt1_assignment2/srv
[8.064s] -- Up-to-date: /home/ertoto/Documenti/GitHub/Mazzotta_RT1_Lab2/ros2_ws/install/rt1_assignment2/include/rt1_assignment2/rt1_assignment2/srv/detail
[8.064s] -- Up-to-date: /home/ertoto/Documenti/GitHub/Mazzotta_RT1_Lab2/ros2_ws/install/rt1_assignment2/include/rt1_assignment2/rt1_assignment2/srv/detail/set_threshold__struct.h
[8.064s] -- Up-to-date: /home/ertoto/Documenti/GitHub/Mazzotta_RT1_Lab2/ros2_ws/install/rt1_assignment2/include/rt1_assignment2/rt1_assignment2/srv/detail/set_threshold__description.c
[8.064s] -- Up-to-date: /home/ertoto/Documenti/GitHub/Mazzotta_RT1_Lab2/ros2_ws/install/rt1_assignment2/include/rt1_assignment2/rt1_assignment2/srv/detail/get_avg_vel__functions.h
[8.064s] -- Up-to-date: /home/ertoto/Documenti/GitHub/Mazzotta_RT1_Lab2/ros2_ws/install/rt1_assignment2/include/rt1_assignment2/rt1_assignment2/srv/detail/set_threshold__functions.c
[8.064s] -- Up-to-date: /home/ertoto/Documenti/GitHub/Mazzotta_RT1_Lab2/ros2_ws/install/rt1_assignment2/include/rt1_assignment2/rt1_assignment2/srv/detail/get_avg_vel__type_support.h
[8.065s] -- Up-to-date: /home/ertoto/Documenti/GitHub/Mazzotta_RT1_Lab2/ros2_ws/install/rt1_assignment2/include/rt1_assignment2/rt1_assignment2/srv/detail/get_avg_vel__description.c
[8.065s] -- Up-to-date: /home/ertoto/Documenti/GitHub/Mazzotta_RT1_Lab2/ros2_ws/install/rt1_assignment2/include/rt1_assignment2/rt1_assignment2/srv/detail/set_threshold__functions.h
[8.065s] -- Up-to-date: /home/ertoto/Documenti/GitHub/Mazzotta_RT1_Lab2/ros2_ws/install/rt1_assignment2/include/rt1_assignment2/rt1_assignment2/srv/detail/set_threshold__type_support.c
[8.065s] -- Up-to-date: /home/ertoto/Documenti/GitHub/Mazzotta_RT1_Lab2/ros2_ws/install/rt1_assignment2/include/rt1_assignment2/rt1_assignment2/srv/detail/get_avg_vel__struct.h
[8.065s] -- Up-to-date: /home/ertoto/Documenti/GitHub/Mazzotta_RT1_Lab2/ros2_ws/install/rt1_assignment2/include/rt1_assignment2/rt1_assignment2/srv/detail/get_avg_vel__functions.c
[8.066s] -- Up-to-date: /home/ertoto/Documenti/GitHub/Mazzotta_RT1_Lab2/ros2_ws/install/rt1_assignment2/include/rt1_assignment2/rt1_assignment2/srv/detail/get_avg_vel__type_support.c
[8.066s] -- Up-to-date: /home/ertoto/Documenti/GitHub/Mazzotta_RT1_Lab2/ros2_ws/install/rt1_assignment2/include/rt1_assignment2/rt1_assignment2/srv/detail/set_threshold__type_support.h
[8.066s] -- Up-to-date: /home/ertoto/Documenti/GitHub/Mazzotta_RT1_Lab2/ros2_ws/install/rt1_assignment2/include/rt1_assignment2/rt1_assignment2/srv/set_threshold.h
[8.066s] -- Up-to-date: /home/ertoto/Documenti/GitHub/Mazzotta_RT1_Lab2/ros2_ws/install/rt1_assignment2/include/rt1_assignment2/rt1_assignment2/srv/get_avg_vel.h
[8.066s] -- Up-to-date: /home/ertoto/Documenti/GitHub/Mazzotta_RT1_Lab2/ros2_ws/install/rt1_assignment2/include/rt1_assignment2/rt1_assignment2/msg
[8.066s] -- Up-to-date: /home/ertoto/Documenti/GitHub/Mazzotta_RT1_Lab2/ros2_ws/install/rt1_assignment2/include/rt1_assignment2/rt1_assignment2/msg/rosidl_generator_c__visibility_control.h
[8.067s] -- Up-to-date: /home/ertoto/Documenti/GitHub/Mazzotta_RT1_Lab2/ros2_ws/install/rt1_assignment2/include/rt1_assignment2/rt1_assignment2/msg/detail
[8.067s] -- Up-to-date: /home/ertoto/Documenti/GitHub/Mazzotta_RT1_Lab2/ros2_ws/install/rt1_assignment2/include/rt1_assignment2/rt1_assignment2/msg/detail/info__type_support.c
[8.067s] -- Up-to-date: /home/ertoto/Documenti/GitHub/Mazzotta_RT1_Lab2/ros2_ws/install/rt1_assignment2/include/rt1_assignment2/rt1_assignment2/msg/detail/info__functions.h
[8.067s] -- Up-to-date: /home/ertoto/Documenti/GitHub/Mazzotta_RT1_Lab2/ros2_ws/install/rt1_assignment2/include/rt1_assignment2/rt1_assignment2/msg/detail/info__type_support.h
[8.067s] -- Up-to-date: /home/ertoto/Documenti/GitHub/Mazzotta_RT1_Lab2/ros2_ws/install/rt1_assignment2/include/rt1_assignment2/rt1_assignment2/msg/detail/info__struct.h
[8.068s] -- Up-to-date: /home/ertoto/Documenti/GitHub/Mazzotta_RT1_Lab2/ros2_ws/install/rt1_assignment2/include/rt1_assignment2/rt1_assignment2/msg/detail/info__description.c
[8.068s] -- Up-to-date: /home/ertoto/Documenti/GitHub/Mazzotta_RT1_Lab2/ros2_ws/install/rt1_assignment2/include/rt1_assignment2/rt1_assignment2/msg/detail/info__functions.c
[8.068s] -- Up-to-date: /home/ertoto/Documenti/GitHub/Mazzotta_RT1_Lab2/ros2_ws/install/rt1_assignment2/include/rt1_assignment2/rt1_assignment2/msg/info.h
[8.068s] -- Up-to-date: /home/ertoto/Documenti/GitHub/Mazzotta_RT1_Lab2/ros2_ws/install/rt1_assignment2/share/rt1_assignment2/environment/library_path.sh
[8.068s] -- Up-to-date: /home/ertoto/Documenti/GitHub/Mazzotta_RT1_Lab2/ros2_ws/install/rt1_assignment2/share/rt1_assignment2/environment/library_path.dsv
[8.068s] -- Up-to-date: /home/ertoto/Documenti/GitHub/Mazzotta_RT1_Lab2/ros2_ws/install/rt1_assignment2/lib/librt1_assignment2__rosidl_generator_c.so
[8.069s] -- Up-to-date: /home/ertoto/Documenti/GitHub/Mazzotta_RT1_Lab2/ros2_ws/install/rt1_assignment2/include/rt1_assignment2/rt1_assignment2
[8.069s] -- Up-to-date: /home/ertoto/Documenti/GitHub/Mazzotta_RT1_Lab2/ros2_ws/install/rt1_assignment2/include/rt1_assignment2/rt1_assignment2/srv
[8.069s] -- Up-to-date: /home/ertoto/Documenti/GitHub/Mazzotta_RT1_Lab2/ros2_ws/install/rt1_assignment2/include/rt1_assignment2/rt1_assignment2/srv/detail
[8.069s] -- Up-to-date: /home/ertoto/Documenti/GitHub/Mazzotta_RT1_Lab2/ros2_ws/install/rt1_assignment2/include/rt1_assignment2/rt1_assignment2/srv/detail/get_avg_vel__rosidl_typesupport_fastrtps_c.h
[8.069s] -- Up-to-date: /home/ertoto/Documenti/GitHub/Mazzotta_RT1_Lab2/ros2_ws/install/rt1_assignment2/include/rt1_assignment2/rt1_assignment2/srv/detail/set_threshold__rosidl_typesupport_fastrtps_c.h
[8.069s] -- Up-to-date: /home/ertoto/Documenti/GitHub/Mazzotta_RT1_Lab2/ros2_ws/install/rt1_assignment2/include/rt1_assignment2/rt1_assignment2/msg
[8.069s] -- Up-to-date: /home/ertoto/Documenti/GitHub/Mazzotta_RT1_Lab2/ros2_ws/install/rt1_assignment2/include/rt1_assignment2/rt1_assignment2/msg/detail
[8.070s] -- Up-to-date: /home/ertoto/Documenti/GitHub/Mazzotta_RT1_Lab2/ros2_ws/install/rt1_assignment2/include/rt1_assignment2/rt1_assignment2/msg/detail/info__rosidl_typesupport_fastrtps_c.h
[8.070s] -- Up-to-date: /home/ertoto/Documenti/GitHub/Mazzotta_RT1_Lab2/ros2_ws/install/rt1_assignment2/include/rt1_assignment2/rt1_assignment2/msg/rosidl_typesupport_fastrtps_c__visibility_control.h
[8.070s] -- Up-to-date: /home/ertoto/Documenti/GitHub/Mazzotta_RT1_Lab2/ros2_ws/install/rt1_assignment2/lib/librt1_assignment2__rosidl_typesupport_fastrtps_c.so
[8.070s] -- Up-to-date: /home/ertoto/Documenti/GitHub/Mazzotta_RT1_Lab2/ros2_ws/install/rt1_assignment2/include/rt1_assignment2/rt1_assignment2
[8.070s] -- Up-to-date: /home/ertoto/Documenti/GitHub/Mazzotta_RT1_Lab2/ros2_ws/install/rt1_assignment2/include/rt1_assignment2/rt1_assignment2/srv
[8.071s] -- Up-to-date: /home/ertoto/Documenti/GitHub/Mazzotta_RT1_Lab2/ros2_ws/install/rt1_assignment2/include/rt1_assignment2/rt1_assignment2/srv/detail
[8.071s] -- Up-to-date: /home/ertoto/Documenti/GitHub/Mazzotta_RT1_Lab2/ros2_ws/install/rt1_assignment2/include/rt1_assignment2/rt1_assignment2/srv/detail/set_threshold__builder.hpp
[8.071s] -- Up-to-date: /home/ertoto/Documenti/GitHub/Mazzotta_RT1_Lab2/ros2_ws/install/rt1_assignment2/include/rt1_assignment2/rt1_assignment2/srv/detail/get_avg_vel__builder.hpp
[8.071s] -- Up-to-date: /home/ertoto/Documenti/GitHub/Mazzotta_RT1_Lab2/ros2_ws/install/rt1_assignment2/include/rt1_assignment2/rt1_assignment2/srv/detail/set_threshold__type_support.hpp
[8.071s] -- Up-to-date: /home/ertoto/Documenti/GitHub/Mazzotta_RT1_Lab2/ros2_ws/install/rt1_assignment2/include/rt1_assignment2/rt1_assignment2/srv/detail/set_threshold__struct.hpp
[8.072s] -- Up-to-date: /home/ertoto/Documenti/GitHub/Mazzotta_RT1_Lab2/ros2_ws/install/rt1_assignment2/include/rt1_assignment2/rt1_assignment2/srv/detail/get_avg_vel__type_support.hpp
[8.072s] -- Up-to-date: /home/ertoto/Documenti/GitHub/Mazzotta_RT1_Lab2/ros2_ws/install/rt1_assignment2/include/rt1_assignment2/rt1_assignment2/srv/detail/get_avg_vel__struct.hpp
[8.072s] -- Up-to-date: /home/ertoto/Documenti/GitHub/Mazzotta_RT1_Lab2/ros2_ws/install/rt1_assignment2/include/rt1_assignment2/rt1_assignment2/srv/detail/set_threshold__traits.hpp
[8.072s] -- Up-to-date: /home/ertoto/Documenti/GitHub/Mazzotta_RT1_Lab2/ros2_ws/install/rt1_assignment2/include/rt1_assignment2/rt1_assignment2/srv/detail/get_avg_vel__traits.hpp
[8.073s] -- Up-to-date: /home/ertoto/Documenti/GitHub/Mazzotta_RT1_Lab2/ros2_ws/install/rt1_assignment2/include/rt1_assignment2/rt1_assignment2/srv/get_avg_vel.hpp
[8.074s] -- Up-to-date: /home/ertoto/Documenti/GitHub/Mazzotta_RT1_Lab2/ros2_ws/install/rt1_assignment2/include/rt1_assignment2/rt1_assignment2/srv/set_threshold.hpp
[8.074s] -- Up-to-date: /home/ertoto/Documenti/GitHub/Mazzotta_RT1_Lab2/ros2_ws/install/rt1_assignment2/include/rt1_assignment2/rt1_assignment2/msg
[8.074s] -- Up-to-date: /home/ertoto/Documenti/GitHub/Mazzotta_RT1_Lab2/ros2_ws/install/rt1_assignment2/include/rt1_assignment2/rt1_assignment2/msg/rosidl_generator_cpp__visibility_control.hpp
[8.074s] -- Up-to-date: /home/ertoto/Documenti/GitHub/Mazzotta_RT1_Lab2/ros2_ws/install/rt1_assignment2/include/rt1_assignment2/rt1_assignment2/msg/detail
[8.074s] -- Up-to-date: /home/ertoto/Documenti/GitHub/Mazzotta_RT1_Lab2/ros2_ws/install/rt1_assignment2/include/rt1_assignment2/rt1_assignment2/msg/detail/info__type_support.hpp
[8.075s] -- Up-to-date: /home/ertoto/Documenti/GitHub/Mazzotta_RT1_Lab2/ros2_ws/install/rt1_assignment2/include/rt1_assignment2/rt1_assignment2/msg/detail/info__struct.hpp
[8.075s] -- Up-to-date: /home/ertoto/Documenti/GitHub/Mazzotta_RT1_Lab2/ros2_ws/install/rt1_assignment2/include/rt1_assignment2/rt1_assignment2/msg/detail/info__traits.hpp
[8.075s] -- Up-to-date: /home/ertoto/Documenti/GitHub/Mazzotta_RT1_Lab2/ros2_ws/install/rt1_assignment2/include/rt1_assignment2/rt1_assignment2/msg/detail/info__builder.hpp
[8.075s] -- Up-to-date: /home/ertoto/Documenti/GitHub/Mazzotta_RT1_Lab2/ros2_ws/install/rt1_assignment2/include/rt1_assignment2/rt1_assignment2/msg/info.hpp
[8.075s] -- Up-to-date: /home/ertoto/Documenti/GitHub/Mazzotta_RT1_Lab2/ros2_ws/install/rt1_assignment2/include/rt1_assignment2/rt1_assignment2
[8.075s] -- Up-to-date: /home/ertoto/Documenti/GitHub/Mazzotta_RT1_Lab2/ros2_ws/install/rt1_assignment2/include/rt1_assignment2/rt1_assignment2/srv
[8.075s] -- Up-to-date: /home/ertoto/Documenti/GitHub/Mazzotta_RT1_Lab2/ros2_ws/install/rt1_assignment2/include/rt1_assignment2/rt1_assignment2/srv/detail
[8.076s] -- Up-to-date: /home/ertoto/Documenti/GitHub/Mazzotta_RT1_Lab2/ros2_ws/install/rt1_assignment2/include/rt1_assignment2/rt1_assignment2/srv/detail/get_avg_vel__rosidl_typesupport_fastrtps_cpp.hpp
[8.076s] -- Up-to-date: /home/ertoto/Documenti/GitHub/Mazzotta_RT1_Lab2/ros2_ws/install/rt1_assignment2/include/rt1_assignment2/rt1_assignment2/srv/detail/dds_fastrtps
[8.076s] -- Up-to-date: /home/ertoto/Documenti/GitHub/Mazzotta_RT1_Lab2/ros2_ws/install/rt1_assignment2/include/rt1_assignment2/rt1_assignment2/srv/detail/set_threshold__rosidl_typesupport_fastrtps_cpp.hpp
[8.076s] -- Up-to-date: /home/ertoto/Documenti/GitHub/Mazzotta_RT1_Lab2/ros2_ws/install/rt1_assignment2/include/rt1_assignment2/rt1_assignment2/msg
[8.076s] -- Up-to-date: /home/ertoto/Documenti/GitHub/Mazzotta_RT1_Lab2/ros2_ws/install/rt1_assignment2/include/rt1_assignment2/rt1_assignment2/msg/detail
[8.076s] -- Up-to-date: /home/ertoto/Documenti/GitHub/Mazzotta_RT1_Lab2/ros2_ws/install/rt1_assignment2/include/rt1_assignment2/rt1_assignment2/msg/detail/info__rosidl_typesupport_fastrtps_cpp.hpp
[8.076s] -- Up-to-date: /home/ertoto/Documenti/GitHub/Mazzotta_RT1_Lab2/ros2_ws/install/rt1_assignment2/include/rt1_assignment2/rt1_assignment2/msg/detail/dds_fastrtps
[8.077s] -- Up-to-date: /home/ertoto/Documenti/GitHub/Mazzotta_RT1_Lab2/ros2_ws/install/rt1_assignment2/include/rt1_assignment2/rt1_assignment2/msg/rosidl_typesupport_fastrtps_cpp__visibility_control.h
[8.077s] -- Up-to-date: /home/ertoto/Documenti/GitHub/Mazzotta_RT1_Lab2/ros2_ws/install/rt1_assignment2/lib/librt1_assignment2__rosidl_typesupport_fastrtps_cpp.so
[8.077s] -- Up-to-date: /home/ertoto/Documenti/GitHub/Mazzotta_RT1_Lab2/ros2_ws/install/rt1_assignment2/include/rt1_assignment2/rt1_assignment2
[8.077s] -- Up-to-date: /home/ertoto/Documenti/GitHub/Mazzotta_RT1_Lab2/ros2_ws/install/rt1_assignment2/include/rt1_assignment2/rt1_assignment2/srv
[8.077s] -- Up-to-date: /home/ertoto/Documenti/GitHub/Mazzotta_RT1_Lab2/ros2_ws/install/rt1_assignment2/include/rt1_assignment2/rt1_assignment2/srv/detail
[8.077s] -- Up-to-date: /home/ertoto/Documenti/GitHub/Mazzotta_RT1_Lab2/ros2_ws/install/rt1_assignment2/include/rt1_assignment2/rt1_assignment2/srv/detail/get_avg_vel__rosidl_typesupport_introspection_c.h
[8.077s] -- Up-to-date: /home/ertoto/Documenti/GitHub/Mazzotta_RT1_Lab2/ros2_ws/install/rt1_assignment2/include/rt1_assignment2/rt1_assignment2/srv/detail/set_threshold__rosidl_typesupport_introspection_c.h
[8.078s] -- Up-to-date: /home/ertoto/Documenti/GitHub/Mazzotta_RT1_Lab2/ros2_ws/install/rt1_assignment2/include/rt1_assignment2/rt1_assignment2/srv/detail/set_threshold__type_support.c
[8.078s] -- Up-to-date: /home/ertoto/Documenti/GitHub/Mazzotta_RT1_Lab2/ros2_ws/install/rt1_assignment2/include/rt1_assignment2/rt1_assignment2/srv/detail/get_avg_vel__type_support.c
[8.078s] -- Up-to-date: /home/ertoto/Documenti/GitHub/Mazzotta_RT1_Lab2/ros2_ws/install/rt1_assignment2/include/rt1_assignment2/rt1_assignment2/msg
[8.078s] -- Up-to-date: /home/ertoto/Documenti/GitHub/Mazzotta_RT1_Lab2/ros2_ws/install/rt1_assignment2/include/rt1_assignment2/rt1_assignment2/msg/rosidl_typesupport_introspection_c__visibility_control.h
[8.078s] -- Up-to-date: /home/ertoto/Documenti/GitHub/Mazzotta_RT1_Lab2/ros2_ws/install/rt1_assignment2/include/rt1_assignment2/rt1_assignment2/msg/detail
[8.078s] -- Up-to-date: /home/ertoto/Documenti/GitHub/Mazzotta_RT1_Lab2/ros2_ws/install/rt1_assignment2/include/rt1_assignment2/rt1_assignment2/msg/detail/info__type_support.c
[8.078s] -- Up-to-date: /home/ertoto/Documenti/GitHub/Mazzotta_RT1_Lab2/ros2_ws/install/rt1_assignment2/include/rt1_assignment2/rt1_assignment2/msg/detail/info__rosidl_typesupport_introspection_c.h
[8.079s] -- Up-to-date: /home/ertoto/Documenti/GitHub/Mazzotta_RT1_Lab2/ros2_ws/install/rt1_assignment2/lib/librt1_assignment2__rosidl_typesupport_introspection_c.so
[8.079s] -- Up-to-date: /home/ertoto/Documenti/GitHub/Mazzotta_RT1_Lab2/ros2_ws/install/rt1_assignment2/lib/librt1_assignment2__rosidl_typesupport_c.so
[8.079s] -- Up-to-date: /home/ertoto/Documenti/GitHub/Mazzotta_RT1_Lab2/ros2_ws/install/rt1_assignment2/include/rt1_assignment2/rt1_assignment2
[8.079s] -- Up-to-date: /home/ertoto/Documenti/GitHub/Mazzotta_RT1_Lab2/ros2_ws/install/rt1_assignment2/include/rt1_assignment2/rt1_assignment2/srv
[8.079s] -- Up-to-date: /home/ertoto/Documenti/GitHub/Mazzotta_RT1_Lab2/ros2_ws/install/rt1_assignment2/include/rt1_assignment2/rt1_assignment2/srv/detail
[8.079s] -- Up-to-date: /home/ertoto/Documenti/GitHub/Mazzotta_RT1_Lab2/ros2_ws/install/rt1_assignment2/include/rt1_assignment2/rt1_assignment2/srv/detail/set_threshold__rosidl_typesupport_introspection_cpp.hpp
[8.079s] -- Up-to-date: /home/ertoto/Documenti/GitHub/Mazzotta_RT1_Lab2/ros2_ws/install/rt1_assignment2/include/rt1_assignment2/rt1_assignment2/srv/detail/set_threshold__type_support.cpp
[8.080s] -- Up-to-date: /home/ertoto/Documenti/GitHub/Mazzotta_RT1_Lab2/ros2_ws/install/rt1_assignment2/include/rt1_assignment2/rt1_assignment2/srv/detail/get_avg_vel__type_support.cpp
[8.080s] -- Up-to-date: /home/ertoto/Documenti/GitHub/Mazzotta_RT1_Lab2/ros2_ws/install/rt1_assignment2/include/rt1_assignment2/rt1_assignment2/srv/detail/get_avg_vel__rosidl_typesupport_introspection_cpp.hpp
[8.080s] -- Up-to-date: /home/ertoto/Documenti/GitHub/Mazzotta_RT1_Lab2/ros2_ws/install/rt1_assignment2/include/rt1_assignment2/rt1_assignment2/msg
[8.080s] -- Up-to-date: /home/ertoto/Documenti/GitHub/Mazzotta_RT1_Lab2/ros2_ws/install/rt1_assignment2/include/rt1_assignment2/rt1_assignment2/msg/detail
[8.080s] -- Up-to-date: /home/ertoto/Documenti/GitHub/Mazzotta_RT1_Lab2/ros2_ws/install/rt1_assignment2/include/rt1_assignment2/rt1_assignment2/msg/detail/info__rosidl_typesupport_introspection_cpp.hpp
[8.080s] -- Up-to-date: /home/ertoto/Documenti/GitHub/Mazzotta_RT1_Lab2/ros2_ws/install/rt1_assignment2/include/rt1_assignment2/rt1_assignment2/msg/detail/info__type_support.cpp
[8.080s] -- Up-to-date: /home/ertoto/Documenti/GitHub/Mazzotta_RT1_Lab2/ros2_ws/install/rt1_assignment2/lib/librt1_assignment2__rosidl_typesupport_introspection_cpp.so
[8.081s] -- Up-to-date: /home/ertoto/Documenti/GitHub/Mazzotta_RT1_Lab2/ros2_ws/install/rt1_assignment2/lib/librt1_assignment2__rosidl_typesupport_cpp.so
[8.081s] -- Up-to-date: /home/ertoto/Documenti/GitHub/Mazzotta_RT1_Lab2/ros2_ws/install/rt1_assignment2/share/rt1_assignment2/environment/pythonpath.sh
[8.081s] -- Up-to-date: /home/ertoto/Documenti/GitHub/Mazzotta_RT1_Lab2/ros2_ws/install/rt1_assignment2/share/rt1_assignment2/environment/pythonpath.dsv
[8.081s] -- Up-to-date: /home/ertoto/Documenti/GitHub/Mazzotta_RT1_Lab2/ros2_ws/install/rt1_assignment2/lib/python3.12/site-packages/rt1_assignment2-0.0.0-py3.12.egg-info
[8.081s] -- Installing: /home/ertoto/Documenti/GitHub/Mazzotta_RT1_Lab2/ros2_ws/install/rt1_assignment2/lib/python3.12/site-packages/rt1_assignment2-0.0.0-py3.12.egg-info/PKG-INFO
[8.081s] -- Installing: /home/ertoto/Documenti/GitHub/Mazzotta_RT1_Lab2/ros2_ws/install/rt1_assignment2/lib/python3.12/site-packages/rt1_assignment2-0.0.0-py3.12.egg-info/top_level.txt
[8.081s] -- Installing: /home/ertoto/Documenti/GitHub/Mazzotta_RT1_Lab2/ros2_ws/install/rt1_assignment2/lib/python3.12/site-packages/rt1_assignment2-0.0.0-py3.12.egg-info/SOURCES.txt
[8.082s] -- Installing: /home/ertoto/Documenti/GitHub/Mazzotta_RT1_Lab2/ros2_ws/install/rt1_assignment2/lib/python3.12/site-packages/rt1_assignment2-0.0.0-py3.12.egg-info/dependency_links.txt
[8.082s] -- Up-to-date: /home/ertoto/Documenti/GitHub/Mazzotta_RT1_Lab2/ros2_ws/install/rt1_assignment2/lib/python3.12/site-packages/rt1_assignment2
[8.082s] -- Up-to-date: /home/ertoto/Documenti/GitHub/Mazzotta_RT1_Lab2/ros2_ws/install/rt1_assignment2/lib/python3.12/site-packages/rt1_assignment2/rt1_assignment2_s__rosidl_typesupport_fastrtps_c.so
[8.082s] -- Up-to-date: /home/ertoto/Documenti/GitHub/Mazzotta_RT1_Lab2/ros2_ws/install/rt1_assignment2/lib/python3.12/site-packages/rt1_assignment2/_rt1_assignment2_s.ep.rosidl_typesupport_fastrtps_c.c
[8.082s] -- Up-to-date: /home/ertoto/Documenti/GitHub/Mazzotta_RT1_Lab2/ros2_ws/install/rt1_assignment2/lib/python3.12/site-packages/rt1_assignment2/rt1_assignment2_s__rosidl_typesupport_introspection_c.so
[8.082s] -- Up-to-date: /home/ertoto/Documenti/GitHub/Mazzotta_RT1_Lab2/ros2_ws/install/rt1_assignment2/lib/python3.12/site-packages/rt1_assignment2/__init__.py
[8.082s] -- Up-to-date: /home/ertoto/Documenti/GitHub/Mazzotta_RT1_Lab2/ros2_ws/install/rt1_assignment2/lib/python3.12/site-packages/rt1_assignment2/_rt1_assignment2_s.ep.rosidl_typesupport_introspection_c.c
[8.083s] -- Up-to-date: /home/ertoto/Documenti/GitHub/Mazzotta_RT1_Lab2/ros2_ws/install/rt1_assignment2/lib/python3.12/site-packages/rt1_assignment2/rt1_assignment2_s__rosidl_typesupport_c.so
[8.083s] -- Up-to-date: /home/ertoto/Documenti/GitHub/Mazzotta_RT1_Lab2/ros2_ws/install/rt1_assignment2/lib/python3.12/site-packages/rt1_assignment2/srv
[8.083s] -- Up-to-date: /home/ertoto/Documenti/GitHub/Mazzotta_RT1_Lab2/ros2_ws/install/rt1_assignment2/lib/python3.12/site-packages/rt1_assignment2/srv/__init__.py
[8.083s] -- Up-to-date: /home/ertoto/Documenti/GitHub/Mazzotta_RT1_Lab2/ros2_ws/install/rt1_assignment2/lib/python3.12/site-packages/rt1_assignment2/srv/_get_avg_vel.py
[8.083s] -- Up-to-date: /home/ertoto/Documenti/GitHub/Mazzotta_RT1_Lab2/ros2_ws/install/rt1_assignment2/lib/python3.12/site-packages/rt1_assignment2/srv/_set_threshold.py
[8.083s] -- Up-to-date: /home/ertoto/Documenti/GitHub/Mazzotta_RT1_Lab2/ros2_ws/install/rt1_assignment2/lib/python3.12/site-packages/rt1_assignment2/srv/_set_threshold_s.c
[8.083s] -- Up-to-date: /home/ertoto/Documenti/GitHub/Mazzotta_RT1_Lab2/ros2_ws/install/rt1_assignment2/lib/python3.12/site-packages/rt1_assignment2/srv/_get_avg_vel_s.c
[8.084s] -- Up-to-date: /home/ertoto/Documenti/GitHub/Mazzotta_RT1_Lab2/ros2_ws/install/rt1_assignment2/lib/python3.12/site-packages/rt1_assignment2/_rt1_assignment2_s.ep.rosidl_typesupport_c.c
[8.084s] -- Up-to-date: /home/ertoto/Documenti/GitHub/Mazzotta_RT1_Lab2/ros2_ws/install/rt1_assignment2/lib/python3.12/site-packages/rt1_assignment2/msg
[8.084s] -- Up-to-date: /home/ertoto/Documenti/GitHub/Mazzotta_RT1_Lab2/ros2_ws/install/rt1_assignment2/lib/python3.12/site-packages/rt1_assignment2/msg/__init__.py
[8.084s] -- Up-to-date: /home/ertoto/Documenti/GitHub/Mazzotta_RT1_Lab2/ros2_ws/install/rt1_assignment2/lib/python3.12/site-packages/rt1_assignment2/msg/_info_s.c
[8.084s] -- Up-to-date: /home/ertoto/Documenti/GitHub/Mazzotta_RT1_Lab2/ros2_ws/install/rt1_assignment2/lib/python3.12/site-packages/rt1_assignment2/msg/_info.py
[8.175s] Listing '/home/ertoto/Documenti/GitHub/Mazzotta_RT1_Lab2/ros2_ws/install/rt1_assignment2/lib/python3.12/site-packages/rt1_assignment2'...
[8.175s] Listing '/home/ertoto/Documenti/GitHub/Mazzotta_RT1_Lab2/ros2_ws/install/rt1_assignment2/lib/python3.12/site-packages/rt1_assignment2/msg'...
[8.175s] Listing '/home/ertoto/Documenti/GitHub/Mazzotta_RT1_Lab2/ros2_ws/install/rt1_assignment2/lib/python3.12/site-packages/rt1_assignment2/srv'...
[8.191s] -- Up-to-date: /home/ertoto/Documenti/GitHub/Mazzotta_RT1_Lab2/ros2_ws/install/rt1_assignment2/lib/python3.12/site-packages/rt1_assignment2/rt1_assignment2_s__rosidl_typesupport_fastrtps_c.so
[8.192s] -- Up-to-date: /home/ertoto/Documenti/GitHub/Mazzotta_RT1_Lab2/ros2_ws/install/rt1_assignment2/lib/python3.12/site-packages/rt1_assignment2/rt1_assignment2_s__rosidl_typesupport_introspection_c.so
[8.192s] -- Up-to-date: /home/ertoto/Documenti/GitHub/Mazzotta_RT1_Lab2/ros2_ws/install/rt1_assignment2/lib/python3.12/site-packages/rt1_assignment2/rt1_assignment2_s__rosidl_typesupport_c.so
[8.193s] -- Up-to-date: /home/ertoto/Documenti/GitHub/Mazzotta_RT1_Lab2/ros2_ws/install/rt1_assignment2/lib/librt1_assignment2__rosidl_generator_py.so
[8.193s] -- Up-to-date: /home/ertoto/Documenti/GitHub/Mazzotta_RT1_Lab2/ros2_ws/install/rt1_assignment2/share/rt1_assignment2/msg/Info.idl
[8.194s] -- Up-to-date: /home/ertoto/Documenti/GitHub/Mazzotta_RT1_Lab2/ros2_ws/install/rt1_assignment2/share/rt1_assignment2/srv/SetThreshold.idl
[8.194s] -- Up-to-date: /home/ertoto/Documenti/GitHub/Mazzotta_RT1_Lab2/ros2_ws/install/rt1_assignment2/share/rt1_assignment2/srv/GetAvgVel.idl
[8.195s] -- Up-to-date: /home/ertoto/Documenti/GitHub/Mazzotta_RT1_Lab2/ros2_ws/install/rt1_assignment2/share/rt1_assignment2/msg/Info.msg
[8.195s] -- Up-to-date: /home/ertoto/Documenti/GitHub/Mazzotta_RT1_Lab2/ros2_ws/install/rt1_assignment2/share/rt1_assignment2/srv/SetThreshold.srv
[8.196s] -- Up-to-date: /home/ertoto/Documenti/GitHub/Mazzotta_RT1_Lab2/ros2_ws/install/rt1_assignment2/share/rt1_assignment2/srv/GetAvgVel.srv
[8.196s] -- Up-to-date: /home/ertoto/Documenti/GitHub/Mazzotta_RT1_Lab2/ros2_ws/install/rt1_assignment2/share/ament_index/resource_index/package_run_dependencies/rt1_assignment2
[8.197s] -- Up-to-date: /home/ertoto/Documenti/GitHub/Mazzotta_RT1_Lab2/ros2_ws/install/rt1_assignment2/share/ament_index/resource_index/parent_prefix_path/rt1_assignment2
[8.197s] -- Up-to-date: /home/ertoto/Documenti/GitHub/Mazzotta_RT1_Lab2/ros2_ws/install/rt1_assignment2/share/rt1_assignment2/environment/ament_prefix_path.sh
[8.198s] -- Up-to-date: /home/ertoto/Documenti/GitHub/Mazzotta_RT1_Lab2/ros2_ws/install/rt1_assignment2/share/rt1_assignment2/environment/ament_prefix_path.dsv
[8.198s] -- Up-to-date: /home/ertoto/Documenti/GitHub/Mazzotta_RT1_Lab2/ros2_ws/install/rt1_assignment2/share/rt1_assignment2/environment/path.sh
[8.198s] -- Up-to-date: /home/ertoto/Documenti/GitHub/Mazzotta_RT1_Lab2/ros2_ws/install/rt1_assignment2/share/rt1_assignment2/environment/path.dsv
[8.199s] -- Up-to-date: /home/ertoto/Documenti/GitHub/Mazzotta_RT1_Lab2/ros2_ws/install/rt1_assignment2/share/rt1_assignment2/local_setup.bash
[8.199s] -- Up-to-date: /home/ertoto/Documenti/GitHub/Mazzotta_RT1_Lab2/ros2_ws/install/rt1_assignment2/share/rt1_assignment2/local_setup.sh
[8.199s] -- Up-to-date: /home/ertoto/Documenti/GitHub/Mazzotta_RT1_Lab2/ros2_ws/install/rt1_assignment2/share/rt1_assignment2/local_setup.zsh
[8.200s] -- Up-to-date: /home/ertoto/Documenti/GitHub/Mazzotta_RT1_Lab2/ros2_ws/install/rt1_assignment2/share/rt1_assignment2/local_setup.dsv
[8.200s] -- Installing: /home/ertoto/Documenti/GitHub/Mazzotta_RT1_Lab2/ros2_ws/install/rt1_assignment2/share/rt1_assignment2/package.dsv
[8.200s] -- Up-to-date: /home/ertoto/Documenti/GitHub/Mazzotta_RT1_Lab2/ros2_ws/install/rt1_assignment2/share/ament_index/resource_index/packages/rt1_assignment2
[8.201s] -- Up-to-date: /home/ertoto/Documenti/GitHub/Mazzotta_RT1_Lab2/ros2_ws/install/rt1_assignment2/share/rt1_assignment2/cmake/export_rt1_assignment2__rosidl_generator_cExport.cmake
[8.201s] -- Up-to-date: /home/ertoto/Documenti/GitHub/Mazzotta_RT1_Lab2/ros2_ws/install/rt1_assignment2/share/rt1_assignment2/cmake/export_rt1_assignment2__rosidl_generator_cExport-noconfig.cmake
[8.201s] -- Up-to-date: /home/ertoto/Documenti/GitHub/Mazzotta_RT1_Lab2/ros2_ws/install/rt1_assignment2/share/rt1_assignment2/cmake/export_rt1_assignment2__rosidl_typesupport_fastrtps_cExport.cmake
[8.201s] -- Up-to-date: /home/ertoto/Documenti/GitHub/Mazzotta_RT1_Lab2/ros2_ws/install/rt1_assignment2/share/rt1_assignment2/cmake/export_rt1_assignment2__rosidl_typesupport_fastrtps_cExport-noconfig.cmake
[8.202s] -- Up-to-date: /home/ertoto/Documenti/GitHub/Mazzotta_RT1_Lab2/ros2_ws/install/rt1_assignment2/share/rt1_assignment2/cmake/export_rt1_assignment2__rosidl_generator_cppExport.cmake
[8.202s] -- Up-to-date: /home/ertoto/Documenti/GitHub/Mazzotta_RT1_Lab2/ros2_ws/install/rt1_assignment2/share/rt1_assignment2/cmake/export_rt1_assignment2__rosidl_typesupport_fastrtps_cppExport.cmake
[8.202s] -- Up-to-date: /home/ertoto/Documenti/GitHub/Mazzotta_RT1_Lab2/ros2_ws/install/rt1_assignment2/share/rt1_assignment2/cmake/export_rt1_assignment2__rosidl_typesupport_fastrtps_cppExport-noconfig.cmake
[8.203s] -- Up-to-date: /home/ertoto/Documenti/GitHub/Mazzotta_RT1_Lab2/ros2_ws/install/rt1_assignment2/share/rt1_assignment2/cmake/rt1_assignment2__rosidl_typesupport_introspection_cExport.cmake
[8.203s] -- Up-to-date: /home/ertoto/Documenti/GitHub/Mazzotta_RT1_Lab2/ros2_ws/install/rt1_assignment2/share/rt1_assignment2/cmake/rt1_assignment2__rosidl_typesupport_introspection_cExport-noconfig.cmake
[8.204s] -- Up-to-date: /home/ertoto/Documenti/GitHub/Mazzotta_RT1_Lab2/ros2_ws/install/rt1_assignment2/share/rt1_assignment2/cmake/rt1_assignment2__rosidl_typesupport_cExport.cmake
[8.204s] -- Up-to-date: /home/ertoto/Documenti/GitHub/Mazzotta_RT1_Lab2/ros2_ws/install/rt1_assignment2/share/rt1_assignment2/cmake/rt1_assignment2__rosidl_typesupport_cExport-noconfig.cmake
[8.204s] -- Up-to-date: /home/ertoto/Documenti/GitHub/Mazzotta_RT1_Lab2/ros2_ws/install/rt1_assignment2/share/rt1_assignment2/cmake/rt1_assignment2__rosidl_typesupport_introspection_cppExport.cmake
[8.205s] -- Up-to-date: /home/ertoto/Documenti/GitHub/Mazzotta_RT1_Lab2/ros2_ws/install/rt1_assignment2/share/rt1_assignment2/cmake/rt1_assignment2__rosidl_typesupport_introspection_cppExport-noconfig.cmake
[8.205s] -- Up-to-date: /home/ertoto/Documenti/GitHub/Mazzotta_RT1_Lab2/ros2_ws/install/rt1_assignment2/share/rt1_assignment2/cmake/rt1_assignment2__rosidl_typesupport_cppExport.cmake
[8.205s] -- Up-to-date: /home/ertoto/Documenti/GitHub/Mazzotta_RT1_Lab2/ros2_ws/install/rt1_assignment2/share/rt1_assignment2/cmake/rt1_assignment2__rosidl_typesupport_cppExport-noconfig.cmake
[8.206s] -- Up-to-date: /home/ertoto/Documenti/GitHub/Mazzotta_RT1_Lab2/ros2_ws/install/rt1_assignment2/share/rt1_assignment2/cmake/export_rt1_assignment2__rosidl_generator_pyExport.cmake
[8.206s] -- Up-to-date: /home/ertoto/Documenti/GitHub/Mazzotta_RT1_Lab2/ros2_ws/install/rt1_assignment2/share/rt1_assignment2/cmake/export_rt1_assignment2__rosidl_generator_pyExport-noconfig.cmake
[8.206s] -- Up-to-date: /home/ertoto/Documenti/GitHub/Mazzotta_RT1_Lab2/ros2_ws/install/rt1_assignment2/share/rt1_assignment2/cmake/rosidl_cmake-extras.cmake
[8.206s] -- Up-to-date: /home/ertoto/Documenti/GitHub/Mazzotta_RT1_Lab2/ros2_ws/install/rt1_assignment2/share/rt1_assignment2/cmake/ament_cmake_export_dependencies-extras.cmake
[8.207s] -- Up-to-date: /home/ertoto/Documenti/GitHub/Mazzotta_RT1_Lab2/ros2_ws/install/rt1_assignment2/share/rt1_assignment2/cmake/ament_cmake_export_include_directories-extras.cmake
[8.207s] -- Up-to-date: /home/ertoto/Documenti/GitHub/Mazzotta_RT1_Lab2/ros2_ws/install/rt1_assignment2/share/rt1_assignment2/cmake/ament_cmake_export_libraries-extras.cmake
[8.207s] -- Up-to-date: /home/ertoto/Documenti/GitHub/Mazzotta_RT1_Lab2/ros2_ws/install/rt1_assignment2/share/rt1_assignment2/cmake/ament_cmake_export_targets-extras.cmake
[8.208s] -- Up-to-date: /home/ertoto/Documenti/GitHub/Mazzotta_RT1_Lab2/ros2_ws/install/rt1_assignment2/share/rt1_assignment2/cmake/rosidl_cmake_export_typesupport_targets-extras.cmake
[8.208s] -- Up-to-date: /home/ertoto/Documenti/GitHub/Mazzotta_RT1_Lab2/ros2_ws/install/rt1_assignment2/share/rt1_assignment2/cmake/rosidl_cmake_export_typesupport_libraries-extras.cmake
[8.208s] -- Up-to-date: /home/ertoto/Documenti/GitHub/Mazzotta_RT1_Lab2/ros2_ws/install/rt1_assignment2/share/rt1_assignment2/cmake/rt1_assignment2Config.cmake
[8.208s] -- Up-to-date: /home/ertoto/Documenti/GitHub/Mazzotta_RT1_Lab2/ros2_ws/install/rt1_assignment2/share/rt1_assignment2/cmake/rt1_assignment2Config-version.cmake
[8.209s] -- Up-to-date: /home/ertoto/Documenti/GitHub/Mazzotta_RT1_Lab2/ros2_ws/install/rt1_assignment2/share/rt1_assignment2/package.xml
[8.209s] -- Installing: /home/ertoto/Documenti/GitHub/Mazzotta_RT1_Lab2/ros2_ws/install/rt1_assignment2/lib/rt1_assignment2/safety_controller
[8.221s] -- Set non-toolchain portion of runtime path of "/home/ertoto/Documenti/GitHub/Mazzotta_RT1_Lab2/ros2_ws/install/rt1_assignment2/lib/rt1_assignment2/safety_controller" to ""
[8.221s] -- Up-to-date: /home/ertoto/Documenti/GitHub/Mazzotta_RT1_Lab2/ros2_ws/install/rt1_assignment2/lib/rt1_assignment2/user_interface
[8.222s] -- Up-to-date: /home/ertoto/Documenti/GitHub/Mazzotta_RT1_Lab2/ros2_ws/install/rt1_assignment2/share/rt1_assignment2//launch
[8.222s] -- Up-to-date: /home/ertoto/Documenti/GitHub/Mazzotta_RT1_Lab2/ros2_ws/install/rt1_assignment2/share/rt1_assignment2//launch/launcher.py
[8.227s] Invoked command in '/home/ertoto/Documenti/GitHub/Mazzotta_RT1_Lab2/ros2_ws/build/rt1_assignment2' returned '0': CMAKE_PREFIX_PATH=${CMAKE_PREFIX_PATH}:/opt/ros/jazzy DEBUGINFOD_URLS=https://debuginfod.ubuntu.com /usr/bin/cmake --install /home/ertoto/Documenti/GitHub/Mazzotta_RT1_Lab2/ros2_ws/build/rt1_assignment2
