[0.005s] Invoking command in '/home/ertoto/Documenti/GitHub/Mazzotta_RT1_Lab2/build/rt1_assignment2': CMAKE_PREFIX_PATH=${CMAKE_PREFIX_PATH}:/opt/ros/jazzy DEBUGINFOD_URLS=https://debuginfod.ubuntu.com /usr/bin/cmake --build /home/ertoto/Documenti/GitHub/Mazzotta_RT1_Lab2/build/rt1_assignment2 -- -j32 -l32
[0.038s] [  1%] Built target rt1_assignment2__rosidl_generator_type_description
[0.045s] [  1%] Built target ament_cmake_python_copy_rt1_assignment2
[0.051s] [  3%] Built target rt1_assignment2__cpp
[0.053s] [ 23%] Built target rt1_assignment2__rosidl_generator_c
[0.068s] [ 41%] Built target rt1_assignment2__rosidl_typesupport_introspection_c
[0.068s] [ 41%] Built target rt1_assignment2__rosidl_typesupport_cpp
[0.068s] [ 50%] Built target rt1_assignment2__rosidl_typesupport_fastrtps_c
[0.070s] [ 64%] Built target rt1_assignment2__rosidl_typesupport_c
[0.070s] [ 67%] Built target rt1_assignment2__rosidl_typesupport_fastrtps_cpp
[0.070s] [ 76%] Built target rt1_assignment2__rosidl_typesupport_introspection_cpp
[0.084s] [ 76%] Built target rt1_assignment2
[0.098s] [ 78%] Built target rt1_assignment2__py
[0.104s] [ 82%] Built target safety_controller
[0.114s] [ 89%] Built target rt1_assignment2__rosidl_generator_py
[0.131s] [ 94%] Built target rt1_assignment2_s__rosidl_typesupport_fastrtps_c
[0.131s] [ 96%] Built target rt1_assignment2_s__rosidl_typesupport_c
[0.131s] [100%] Built target rt1_assignment2_s__rosidl_typesupport_introspection_c
[0.144s] running egg_info
[0.152s] writing rt1_assignment2.egg-info/PKG-INFO
[0.152s] writing dependency_links to rt1_assignment2.egg-info/dependency_links.txt
[0.152s] writing top-level names to rt1_assignment2.egg-info/top_level.txt
[0.174s] reading manifest file 'rt1_assignment2.egg-info/SOURCES.txt'
[0.174s] writing manifest file 'rt1_assignment2.egg-info/SOURCES.txt'
[0.189s] [100%] Built target ament_cmake_python_build_rt1_assignment2_egg
[0.198s] Invoked command in '/home/ertoto/Documenti/GitHub/Mazzotta_RT1_Lab2/build/rt1_assignment2' returned '0': CMAKE_PREFIX_PATH=${CMAKE_PREFIX_PATH}:/opt/ros/jazzy DEBUGINFOD_URLS=https://debuginfod.ubuntu.com /usr/bin/cmake --build /home/ertoto/Documenti/GitHub/Mazzotta_RT1_Lab2/build/rt1_assignment2 -- -j32 -l32
[0.198s] Invoking command in '/home/ertoto/Documenti/GitHub/Mazzotta_RT1_Lab2/build/rt1_assignment2': CMAKE_PREFIX_PATH=${CMAKE_PREFIX_PATH}:/opt/ros/jazzy DEBUGINFOD_URLS=https://debuginfod.ubuntu.com /usr/bin/cmake --install /home/ertoto/Documenti/GitHub/Mazzotta_RT1_Lab2/build/rt1_assignment2
[0.205s] -- Install configuration: ""
[0.206s] -- Up-to-date: /home/ertoto/Documenti/GitHub/Mazzotta_RT1_Lab2/install/rt1_assignment2/share/ament_index/resource_index/rosidl_interfaces/rt1_assignment2
[0.206s] -- Up-to-date: /home/ertoto/Documenti/GitHub/Mazzotta_RT1_Lab2/install/rt1_assignment2/share/rt1_assignment2/msg/Info.json
[0.206s] -- Up-to-date: /home/ertoto/Documenti/GitHub/Mazzotta_RT1_Lab2/install/rt1_assignment2/share/rt1_assignment2/srv/SetThreshold.json
[0.206s] -- Up-to-date: /home/ertoto/Documenti/GitHub/Mazzotta_RT1_Lab2/install/rt1_assignment2/share/rt1_assignment2/srv/GetAvgVel.json
[0.206s] -- Up-to-date: /home/ertoto/Documenti/GitHub/Mazzotta_RT1_Lab2/install/rt1_assignment2/include/rt1_assignment2/rt1_assignment2
[0.206s] -- Up-to-date: /home/ertoto/Documenti/GitHub/Mazzotta_RT1_Lab2/install/rt1_assignment2/include/rt1_assignment2/rt1_assignment2/srv
[0.206s] -- Up-to-date: /home/ertoto/Documenti/GitHub/Mazzotta_RT1_Lab2/install/rt1_assignment2/include/rt1_assignment2/rt1_assignment2/srv/detail
[0.207s] -- Up-to-date: /home/ertoto/Documenti/GitHub/Mazzotta_RT1_Lab2/install/rt1_assignment2/include/rt1_assignment2/rt1_assignment2/srv/detail/set_threshold__struct.h
[0.207s] -- Up-to-date: /home/ertoto/Documenti/GitHub/Mazzotta_RT1_Lab2/install/rt1_assignment2/include/rt1_assignment2/rt1_assignment2/srv/detail/set_threshold__description.c
[0.207s] -- Up-to-date: /home/ertoto/Documenti/GitHub/Mazzotta_RT1_Lab2/install/rt1_assignment2/include/rt1_assignment2/rt1_assignment2/srv/detail/get_avg_vel__functions.h
[0.207s] -- Up-to-date: /home/ertoto/Documenti/GitHub/Mazzotta_RT1_Lab2/install/rt1_assignment2/include/rt1_assignment2/rt1_assignment2/srv/detail/set_threshold__functions.c
[0.207s] -- Up-to-date: /home/ertoto/Documenti/GitHub/Mazzotta_RT1_Lab2/install/rt1_assignment2/include/rt1_assignment2/rt1_assignment2/srv/detail/get_avg_vel__type_support.h
[0.207s] -- Up-to-date: /home/ertoto/Documenti/GitHub/Mazzotta_RT1_Lab2/install/rt1_assignment2/include/rt1_assignment2/rt1_assignment2/srv/detail/get_avg_vel__description.c
[0.207s] -- Up-to-date: /home/ertoto/Documenti/GitHub/Mazzotta_RT1_Lab2/install/rt1_assignment2/include/rt1_assignment2/rt1_assignment2/srv/detail/set_threshold__functions.h
[0.207s] -- Up-to-date: /home/ertoto/Documenti/GitHub/Mazzotta_RT1_Lab2/install/rt1_assignment2/include/rt1_assignment2/rt1_assignment2/srv/detail/set_threshold__type_support.c
[0.207s] -- Up-to-date: /home/ertoto/Documenti/GitHub/Mazzotta_RT1_Lab2/install/rt1_assignment2/include/rt1_assignment2/rt1_assignment2/srv/detail/get_avg_vel__struct.h
[0.207s] -- Up-to-date: /home/ertoto/Documenti/GitHub/Mazzotta_RT1_Lab2/install/rt1_assignment2/include/rt1_assignment2/rt1_assignment2/srv/detail/get_avg_vel__functions.c
[0.207s] -- Up-to-date: /home/ertoto/Documenti/GitHub/Mazzotta_RT1_Lab2/install/rt1_assignment2/include/rt1_assignment2/rt1_assignment2/srv/detail/get_avg_vel__type_support.c
[0.208s] -- Up-to-date: /home/ertoto/Documenti/GitHub/Mazzotta_RT1_Lab2/install/rt1_assignment2/include/rt1_assignment2/rt1_assignment2/srv/detail/set_threshold__type_support.h
[0.208s] -- Up-to-date: /home/ertoto/Documenti/GitHub/Mazzotta_RT1_Lab2/install/rt1_assignment2/include/rt1_assignment2/rt1_assignment2/srv/set_threshold.h
[0.208s] -- Up-to-date: /home/ertoto/Documenti/GitHub/Mazzotta_RT1_Lab2/install/rt1_assignment2/include/rt1_assignment2/rt1_assignment2/srv/get_avg_vel.h
[0.208s] -- Up-to-date: /home/ertoto/Documenti/GitHub/Mazzotta_RT1_Lab2/install/rt1_assignment2/include/rt1_assignment2/rt1_assignment2/msg
[0.208s] -- Up-to-date: /home/ertoto/Documenti/GitHub/Mazzotta_RT1_Lab2/install/rt1_assignment2/include/rt1_assignment2/rt1_assignment2/msg/rosidl_generator_c__visibility_control.h
[0.208s] -- Up-to-date: /home/ertoto/Documenti/GitHub/Mazzotta_RT1_Lab2/install/rt1_assignment2/include/rt1_assignment2/rt1_assignment2/msg/detail
[0.208s] -- Up-to-date: /home/ertoto/Documenti/GitHub/Mazzotta_RT1_Lab2/install/rt1_assignment2/include/rt1_assignment2/rt1_assignment2/msg/detail/info__type_support.c
[0.208s] -- Up-to-date: /home/ertoto/Documenti/GitHub/Mazzotta_RT1_Lab2/install/rt1_assignment2/include/rt1_assignment2/rt1_assignment2/msg/detail/info__functions.h
[0.208s] -- Up-to-date: /home/ertoto/Documenti/GitHub/Mazzotta_RT1_Lab2/install/rt1_assignment2/include/rt1_assignment2/rt1_assignment2/msg/detail/info__type_support.h
[0.208s] -- Up-to-date: /home/ertoto/Documenti/GitHub/Mazzotta_RT1_Lab2/install/rt1_assignment2/include/rt1_assignment2/rt1_assignment2/msg/detail/info__struct.h
[0.208s] -- Up-to-date: /home/ertoto/Documenti/GitHub/Mazzotta_RT1_Lab2/install/rt1_assignment2/include/rt1_assignment2/rt1_assignment2/msg/detail/info__description.c
[0.208s] -- Up-to-date: /home/ertoto/Documenti/GitHub/Mazzotta_RT1_Lab2/install/rt1_assignment2/include/rt1_assignment2/rt1_assignment2/msg/detail/info__functions.c
[0.208s] -- Up-to-date: /home/ertoto/Documenti/GitHub/Mazzotta_RT1_Lab2/install/rt1_assignment2/include/rt1_assignment2/rt1_assignment2/msg/info.h
[0.208s] -- Up-to-date: /home/ertoto/Documenti/GitHub/Mazzotta_RT1_Lab2/install/rt1_assignment2/share/rt1_assignment2/environment/library_path.sh
[0.208s] -- Up-to-date: /home/ertoto/Documenti/GitHub/Mazzotta_RT1_Lab2/install/rt1_assignment2/share/rt1_assignment2/environment/library_path.dsv
[0.209s] -- Up-to-date: /home/ertoto/Documenti/GitHub/Mazzotta_RT1_Lab2/install/rt1_assignment2/lib/librt1_assignment2__rosidl_generator_c.so
[0.209s] -- Up-to-date: /home/ertoto/Documenti/GitHub/Mazzotta_RT1_Lab2/install/rt1_assignment2/include/rt1_assignment2/rt1_assignment2
[0.209s] -- Up-to-date: /home/ertoto/Documenti/GitHub/Mazzotta_RT1_Lab2/install/rt1_assignment2/include/rt1_assignment2/rt1_assignment2/srv
[0.209s] -- Up-to-date: /home/ertoto/Documenti/GitHub/Mazzotta_RT1_Lab2/install/rt1_assignment2/include/rt1_assignment2/rt1_assignment2/srv/detail
[0.209s] -- Up-to-date: /home/ertoto/Documenti/GitHub/Mazzotta_RT1_Lab2/install/rt1_assignment2/include/rt1_assignment2/rt1_assignment2/srv/detail/get_avg_vel__rosidl_typesupport_fastrtps_c.h
[0.209s] -- Up-to-date: /home/ertoto/Documenti/GitHub/Mazzotta_RT1_Lab2/install/rt1_assignment2/include/rt1_assignment2/rt1_assignment2/srv/detail/set_threshold__rosidl_typesupport_fastrtps_c.h
[0.209s] -- Up-to-date: /home/ertoto/Documenti/GitHub/Mazzotta_RT1_Lab2/install/rt1_assignment2/include/rt1_assignment2/rt1_assignment2/msg
[0.209s] -- Up-to-date: /home/ertoto/Documenti/GitHub/Mazzotta_RT1_Lab2/install/rt1_assignment2/include/rt1_assignment2/rt1_assignment2/msg/detail
[0.209s] -- Up-to-date: /home/ertoto/Documenti/GitHub/Mazzotta_RT1_Lab2/install/rt1_assignment2/include/rt1_assignment2/rt1_assignment2/msg/detail/info__rosidl_typesupport_fastrtps_c.h
[0.209s] -- Up-to-date: /home/ertoto/Documenti/GitHub/Mazzotta_RT1_Lab2/install/rt1_assignment2/include/rt1_assignment2/rt1_assignment2/msg/rosidl_typesupport_fastrtps_c__visibility_control.h
[0.209s] -- Up-to-date: /home/ertoto/Documenti/GitHub/Mazzotta_RT1_Lab2/install/rt1_assignment2/lib/librt1_assignment2__rosidl_typesupport_fastrtps_c.so
[0.210s] -- Up-to-date: /home/ertoto/Documenti/GitHub/Mazzotta_RT1_Lab2/install/rt1_assignment2/include/rt1_assignment2/rt1_assignment2
[0.210s] -- Up-to-date: /home/ertoto/Documenti/GitHub/Mazzotta_RT1_Lab2/install/rt1_assignment2/include/rt1_assignment2/rt1_assignment2/srv
[0.210s] -- Up-to-date: /home/ertoto/Documenti/GitHub/Mazzotta_RT1_Lab2/install/rt1_assignment2/include/rt1_assignment2/rt1_assignment2/srv/detail
[0.210s] -- Up-to-date: /home/ertoto/Documenti/GitHub/Mazzotta_RT1_Lab2/install/rt1_assignment2/include/rt1_assignment2/rt1_assignment2/srv/detail/set_threshold__builder.hpp
[0.210s] -- Up-to-date: /home/ertoto/Documenti/GitHub/Mazzotta_RT1_Lab2/install/rt1_assignment2/include/rt1_assignment2/rt1_assignment2/srv/detail/get_avg_vel__builder.hpp
[0.210s] -- Up-to-date: /home/ertoto/Documenti/GitHub/Mazzotta_RT1_Lab2/install/rt1_assignment2/include/rt1_assignment2/rt1_assignment2/srv/detail/set_threshold__type_support.hpp
[0.210s] -- Up-to-date: /home/ertoto/Documenti/GitHub/Mazzotta_RT1_Lab2/install/rt1_assignment2/include/rt1_assignment2/rt1_assignment2/srv/detail/set_threshold__struct.hpp
[0.210s] -- Up-to-date: /home/ertoto/Documenti/GitHub/Mazzotta_RT1_Lab2/install/rt1_assignment2/include/rt1_assignment2/rt1_assignment2/srv/detail/get_avg_vel__type_support.hpp
[0.210s] -- Up-to-date: /home/ertoto/Documenti/GitHub/Mazzotta_RT1_Lab2/install/rt1_assignment2/include/rt1_assignment2/rt1_assignment2/srv/detail/get_avg_vel__struct.hpp
[0.210s] -- Up-to-date: /home/ertoto/Documenti/GitHub/Mazzotta_RT1_Lab2/install/rt1_assignment2/include/rt1_assignment2/rt1_assignment2/srv/detail/set_threshold__traits.hpp
[0.210s] -- Up-to-date: /home/ertoto/Documenti/GitHub/Mazzotta_RT1_Lab2/install/rt1_assignment2/include/rt1_assignment2/rt1_assignment2/srv/detail/get_avg_vel__traits.hpp
[0.210s] -- Up-to-date: /home/ertoto/Documenti/GitHub/Mazzotta_RT1_Lab2/install/rt1_assignment2/include/rt1_assignment2/rt1_assignment2/srv/get_avg_vel.hpp
[0.211s] -- Up-to-date: /home/ertoto/Documenti/GitHub/Mazzotta_RT1_Lab2/install/rt1_assignment2/include/rt1_assignment2/rt1_assignment2/srv/set_threshold.hpp
[0.211s] -- Up-to-date: /home/ertoto/Documenti/GitHub/Mazzotta_RT1_Lab2/install/rt1_assignment2/include/rt1_assignment2/rt1_assignment2/msg
[0.211s] -- Up-to-date: /home/ertoto/Documenti/GitHub/Mazzotta_RT1_Lab2/install/rt1_assignment2/include/rt1_assignment2/rt1_assignment2/msg/rosidl_generator_cpp__visibility_control.hpp
[0.211s] -- Up-to-date: /home/ertoto/Documenti/GitHub/Mazzotta_RT1_Lab2/install/rt1_assignment2/include/rt1_assignment2/rt1_assignment2/msg/detail
[0.211s] -- Up-to-date: /home/ertoto/Documenti/GitHub/Mazzotta_RT1_Lab2/install/rt1_assignment2/include/rt1_assignment2/rt1_assignment2/msg/detail/info__type_support.hpp
[0.211s] -- Up-to-date: /home/ertoto/Documenti/GitHub/Mazzotta_RT1_Lab2/install/rt1_assignment2/include/rt1_assignment2/rt1_assignment2/msg/detail/info__struct.hpp
[0.211s] -- Up-to-date: /home/ertoto/Documenti/GitHub/Mazzotta_RT1_Lab2/install/rt1_assignment2/include/rt1_assignment2/rt1_assignment2/msg/detail/info__traits.hpp
[0.211s] -- Up-to-date: /home/ertoto/Documenti/GitHub/Mazzotta_RT1_Lab2/install/rt1_assignment2/include/rt1_assignment2/rt1_assignment2/msg/detail/info__builder.hpp
[0.211s] -- Up-to-date: /home/ertoto/Documenti/GitHub/Mazzotta_RT1_Lab2/install/rt1_assignment2/include/rt1_assignment2/rt1_assignment2/msg/info.hpp
[0.211s] -- Up-to-date: /home/ertoto/Documenti/GitHub/Mazzotta_RT1_Lab2/install/rt1_assignment2/include/rt1_assignment2/rt1_assignment2
[0.211s] -- Up-to-date: /home/ertoto/Documenti/GitHub/Mazzotta_RT1_Lab2/install/rt1_assignment2/include/rt1_assignment2/rt1_assignment2/srv
[0.212s] -- Up-to-date: /home/ertoto/Documenti/GitHub/Mazzotta_RT1_Lab2/install/rt1_assignment2/include/rt1_assignment2/rt1_assignment2/srv/detail
[0.212s] -- Up-to-date: /home/ertoto/Documenti/GitHub/Mazzotta_RT1_Lab2/install/rt1_assignment2/include/rt1_assignment2/rt1_assignment2/srv/detail/get_avg_vel__rosidl_typesupport_fastrtps_cpp.hpp
[0.212s] -- Up-to-date: /home/ertoto/Documenti/GitHub/Mazzotta_RT1_Lab2/install/rt1_assignment2/include/rt1_assignment2/rt1_assignment2/srv/detail/dds_fastrtps
[0.212s] -- Up-to-date: /home/ertoto/Documenti/GitHub/Mazzotta_RT1_Lab2/install/rt1_assignment2/include/rt1_assignment2/rt1_assignment2/srv/detail/set_threshold__rosidl_typesupport_fastrtps_cpp.hpp
[0.212s] -- Up-to-date: /home/ertoto/Documenti/GitHub/Mazzotta_RT1_Lab2/install/rt1_assignment2/include/rt1_assignment2/rt1_assignment2/msg
[0.212s] -- Up-to-date: /home/ertoto/Documenti/GitHub/Mazzotta_RT1_Lab2/install/rt1_assignment2/include/rt1_assignment2/rt1_assignment2/msg/detail
[0.212s] -- Up-to-date: /home/ertoto/Documenti/GitHub/Mazzotta_RT1_Lab2/install/rt1_assignment2/include/rt1_assignment2/rt1_assignment2/msg/detail/info__rosidl_typesupport_fastrtps_cpp.hpp
[0.212s] -- Up-to-date: /home/ertoto/Documenti/GitHub/Mazzotta_RT1_Lab2/install/rt1_assignment2/include/rt1_assignment2/rt1_assignment2/msg/detail/dds_fastrtps
[0.212s] -- Up-to-date: /home/ertoto/Documenti/GitHub/Mazzotta_RT1_Lab2/install/rt1_assignment2/include/rt1_assignment2/rt1_assignment2/msg/rosidl_typesupport_fastrtps_cpp__visibility_control.h
[0.212s] -- Up-to-date: /home/ertoto/Documenti/GitHub/Mazzotta_RT1_Lab2/install/rt1_assignment2/lib/librt1_assignment2__rosidl_typesupport_fastrtps_cpp.so
[0.212s] -- Up-to-date: /home/ertoto/Documenti/GitHub/Mazzotta_RT1_Lab2/install/rt1_assignment2/include/rt1_assignment2/rt1_assignment2
[0.213s] -- Up-to-date: /home/ertoto/Documenti/GitHub/Mazzotta_RT1_Lab2/install/rt1_assignment2/include/rt1_assignment2/rt1_assignment2/srv
[0.213s] -- Up-to-date: /home/ertoto/Documenti/GitHub/Mazzotta_RT1_Lab2/install/rt1_assignment2/include/rt1_assignment2/rt1_assignment2/srv/detail
[0.213s] -- Up-to-date: /home/ertoto/Documenti/GitHub/Mazzotta_RT1_Lab2/install/rt1_assignment2/include/rt1_assignment2/rt1_assignment2/srv/detail/get_avg_vel__rosidl_typesupport_introspection_c.h
[0.213s] -- Up-to-date: /home/ertoto/Documenti/GitHub/Mazzotta_RT1_Lab2/install/rt1_assignment2/include/rt1_assignment2/rt1_assignment2/srv/detail/set_threshold__rosidl_typesupport_introspection_c.h
[0.213s] -- Up-to-date: /home/ertoto/Documenti/GitHub/Mazzotta_RT1_Lab2/install/rt1_assignment2/include/rt1_assignment2/rt1_assignment2/srv/detail/set_threshold__type_support.c
[0.213s] -- Up-to-date: /home/ertoto/Documenti/GitHub/Mazzotta_RT1_Lab2/install/rt1_assignment2/include/rt1_assignment2/rt1_assignment2/srv/detail/get_avg_vel__type_support.c
[0.213s] -- Up-to-date: /home/ertoto/Documenti/GitHub/Mazzotta_RT1_Lab2/install/rt1_assignment2/include/rt1_assignment2/rt1_assignment2/msg
[0.213s] -- Up-to-date: /home/ertoto/Documenti/GitHub/Mazzotta_RT1_Lab2/install/rt1_assignment2/include/rt1_assignment2/rt1_assignment2/msg/rosidl_typesupport_introspection_c__visibility_control.h
[0.213s] -- Up-to-date: /home/ertoto/Documenti/GitHub/Mazzotta_RT1_Lab2/install/rt1_assignment2/include/rt1_assignment2/rt1_assignment2/msg/detail
[0.213s] -- Up-to-date: /home/ertoto/Documenti/GitHub/Mazzotta_RT1_Lab2/install/rt1_assignment2/include/rt1_assignment2/rt1_assignment2/msg/detail/info__type_support.c
[0.213s] -- Up-to-date: /home/ertoto/Documenti/GitHub/Mazzotta_RT1_Lab2/install/rt1_assignment2/include/rt1_assignment2/rt1_assignment2/msg/detail/info__rosidl_typesupport_introspection_c.h
[0.213s] -- Up-to-date: /home/ertoto/Documenti/GitHub/Mazzotta_RT1_Lab2/install/rt1_assignment2/lib/librt1_assignment2__rosidl_typesupport_introspection_c.so
[0.214s] -- Up-to-date: /home/ertoto/Documenti/GitHub/Mazzotta_RT1_Lab2/install/rt1_assignment2/lib/librt1_assignment2__rosidl_typesupport_c.so
[0.214s] -- Up-to-date: /home/ertoto/Documenti/GitHub/Mazzotta_RT1_Lab2/install/rt1_assignment2/include/rt1_assignment2/rt1_assignment2
[0.214s] -- Up-to-date: /home/ertoto/Documenti/GitHub/Mazzotta_RT1_Lab2/install/rt1_assignment2/include/rt1_assignment2/rt1_assignment2/srv
[0.214s] -- Up-to-date: /home/ertoto/Documenti/GitHub/Mazzotta_RT1_Lab2/install/rt1_assignment2/include/rt1_assignment2/rt1_assignment2/srv/detail
[0.214s] -- Up-to-date: /home/ertoto/Documenti/GitHub/Mazzotta_RT1_Lab2/install/rt1_assignment2/include/rt1_assignment2/rt1_assignment2/srv/detail/set_threshold__rosidl_typesupport_introspection_cpp.hpp
[0.214s] -- Up-to-date: /home/ertoto/Documenti/GitHub/Mazzotta_RT1_Lab2/install/rt1_assignment2/include/rt1_assignment2/rt1_assignment2/srv/detail/set_threshold__type_support.cpp
[0.214s] -- Up-to-date: /home/ertoto/Documenti/GitHub/Mazzotta_RT1_Lab2/install/rt1_assignment2/include/rt1_assignment2/rt1_assignment2/srv/detail/get_avg_vel__type_support.cpp
[0.214s] -- Up-to-date: /home/ertoto/Documenti/GitHub/Mazzotta_RT1_Lab2/install/rt1_assignment2/include/rt1_assignment2/rt1_assignment2/srv/detail/get_avg_vel__rosidl_typesupport_introspection_cpp.hpp
[0.214s] -- Up-to-date: /home/ertoto/Documenti/GitHub/Mazzotta_RT1_Lab2/install/rt1_assignment2/include/rt1_assignment2/rt1_assignment2/msg
[0.214s] -- Up-to-date: /home/ertoto/Documenti/GitHub/Mazzotta_RT1_Lab2/install/rt1_assignment2/include/rt1_assignment2/rt1_assignment2/msg/detail
[0.214s] -- Up-to-date: /home/ertoto/Documenti/GitHub/Mazzotta_RT1_Lab2/install/rt1_assignment2/include/rt1_assignment2/rt1_assignment2/msg/detail/info__rosidl_typesupport_introspection_cpp.hpp
[0.214s] -- Up-to-date: /home/ertoto/Documenti/GitHub/Mazzotta_RT1_Lab2/install/rt1_assignment2/include/rt1_assignment2/rt1_assignment2/msg/detail/info__type_support.cpp
[0.214s] -- Up-to-date: /home/ertoto/Documenti/GitHub/Mazzotta_RT1_Lab2/install/rt1_assignment2/lib/librt1_assignment2__rosidl_typesupport_introspection_cpp.so
[0.215s] -- Up-to-date: /home/ertoto/Documenti/GitHub/Mazzotta_RT1_Lab2/install/rt1_assignment2/lib/librt1_assignment2__rosidl_typesupport_cpp.so
[0.215s] -- Up-to-date: /home/ertoto/Documenti/GitHub/Mazzotta_RT1_Lab2/install/rt1_assignment2/share/rt1_assignment2/environment/pythonpath.sh
[0.215s] -- Up-to-date: /home/ertoto/Documenti/GitHub/Mazzotta_RT1_Lab2/install/rt1_assignment2/share/rt1_assignment2/environment/pythonpath.dsv
[0.215s] -- Up-to-date: /home/ertoto/Documenti/GitHub/Mazzotta_RT1_Lab2/install/rt1_assignment2/lib/python3.12/site-packages/rt1_assignment2-0.0.0-py3.12.egg-info
[0.215s] -- Installing: /home/ertoto/Documenti/GitHub/Mazzotta_RT1_Lab2/install/rt1_assignment2/lib/python3.12/site-packages/rt1_assignment2-0.0.0-py3.12.egg-info/PKG-INFO
[0.215s] -- Installing: /home/ertoto/Documenti/GitHub/Mazzotta_RT1_Lab2/install/rt1_assignment2/lib/python3.12/site-packages/rt1_assignment2-0.0.0-py3.12.egg-info/top_level.txt
[0.215s] -- Installing: /home/ertoto/Documenti/GitHub/Mazzotta_RT1_Lab2/install/rt1_assignment2/lib/python3.12/site-packages/rt1_assignment2-0.0.0-py3.12.egg-info/SOURCES.txt
[0.215s] -- Installing: /home/ertoto/Documenti/GitHub/Mazzotta_RT1_Lab2/install/rt1_assignment2/lib/python3.12/site-packages/rt1_assignment2-0.0.0-py3.12.egg-info/dependency_links.txt
[0.215s] -- Up-to-date: /home/ertoto/Documenti/GitHub/Mazzotta_RT1_Lab2/install/rt1_assignment2/lib/python3.12/site-packages/rt1_assignment2
[0.215s] -- Up-to-date: /home/ertoto/Documenti/GitHub/Mazzotta_RT1_Lab2/install/rt1_assignment2/lib/python3.12/site-packages/rt1_assignment2/rt1_assignment2_s__rosidl_typesupport_fastrtps_c.so
[0.215s] -- Up-to-date: /home/ertoto/Documenti/GitHub/Mazzotta_RT1_Lab2/install/rt1_assignment2/lib/python3.12/site-packages/rt1_assignment2/_rt1_assignment2_s.ep.rosidl_typesupport_fastrtps_c.c
[0.215s] -- Up-to-date: /home/ertoto/Documenti/GitHub/Mazzotta_RT1_Lab2/install/rt1_assignment2/lib/python3.12/site-packages/rt1_assignment2/rt1_assignment2_s__rosidl_typesupport_introspection_c.so
[0.215s] -- Up-to-date: /home/ertoto/Documenti/GitHub/Mazzotta_RT1_Lab2/install/rt1_assignment2/lib/python3.12/site-packages/rt1_assignment2/__init__.py
[0.216s] -- Up-to-date: /home/ertoto/Documenti/GitHub/Mazzotta_RT1_Lab2/install/rt1_assignment2/lib/python3.12/site-packages/rt1_assignment2/_rt1_assignment2_s.ep.rosidl_typesupport_introspection_c.c
[0.216s] -- Up-to-date: /home/ertoto/Documenti/GitHub/Mazzotta_RT1_Lab2/install/rt1_assignment2/lib/python3.12/site-packages/rt1_assignment2/rt1_assignment2_s__rosidl_typesupport_c.so
[0.216s] -- Up-to-date: /home/ertoto/Documenti/GitHub/Mazzotta_RT1_Lab2/install/rt1_assignment2/lib/python3.12/site-packages/rt1_assignment2/srv
[0.216s] -- Up-to-date: /home/ertoto/Documenti/GitHub/Mazzotta_RT1_Lab2/install/rt1_assignment2/lib/python3.12/site-packages/rt1_assignment2/srv/__init__.py
[0.216s] -- Up-to-date: /home/ertoto/Documenti/GitHub/Mazzotta_RT1_Lab2/install/rt1_assignment2/lib/python3.12/site-packages/rt1_assignment2/srv/_get_avg_vel.py
[0.216s] -- Up-to-date: /home/ertoto/Documenti/GitHub/Mazzotta_RT1_Lab2/install/rt1_assignment2/lib/python3.12/site-packages/rt1_assignment2/srv/_set_threshold.py
[0.216s] -- Up-to-date: /home/ertoto/Documenti/GitHub/Mazzotta_RT1_Lab2/install/rt1_assignment2/lib/python3.12/site-packages/rt1_assignment2/srv/_set_threshold_s.c
[0.216s] -- Up-to-date: /home/ertoto/Documenti/GitHub/Mazzotta_RT1_Lab2/install/rt1_assignment2/lib/python3.12/site-packages/rt1_assignment2/srv/_get_avg_vel_s.c
[0.216s] -- Up-to-date: /home/ertoto/Documenti/GitHub/Mazzotta_RT1_Lab2/install/rt1_assignment2/lib/python3.12/site-packages/rt1_assignment2/_rt1_assignment2_s.ep.rosidl_typesupport_c.c
[0.216s] -- Up-to-date: /home/ertoto/Documenti/GitHub/Mazzotta_RT1_Lab2/install/rt1_assignment2/lib/python3.12/site-packages/rt1_assignment2/msg
[0.216s] -- Up-to-date: /home/ertoto/Documenti/GitHub/Mazzotta_RT1_Lab2/install/rt1_assignment2/lib/python3.12/site-packages/rt1_assignment2/msg/__init__.py
[0.216s] -- Up-to-date: /home/ertoto/Documenti/GitHub/Mazzotta_RT1_Lab2/install/rt1_assignment2/lib/python3.12/site-packages/rt1_assignment2/msg/_info_s.c
[0.216s] -- Up-to-date: /home/ertoto/Documenti/GitHub/Mazzotta_RT1_Lab2/install/rt1_assignment2/lib/python3.12/site-packages/rt1_assignment2/msg/_info.py
[0.266s] Listing '/home/ertoto/Documenti/GitHub/Mazzotta_RT1_Lab2/install/rt1_assignment2/lib/python3.12/site-packages/rt1_assignment2'...
[0.266s] Listing '/home/ertoto/Documenti/GitHub/Mazzotta_RT1_Lab2/install/rt1_assignment2/lib/python3.12/site-packages/rt1_assignment2/msg'...
[0.266s] Listing '/home/ertoto/Documenti/GitHub/Mazzotta_RT1_Lab2/install/rt1_assignment2/lib/python3.12/site-packages/rt1_assignment2/srv'...
[0.271s] -- Up-to-date: /home/ertoto/Documenti/GitHub/Mazzotta_RT1_Lab2/install/rt1_assignment2/lib/python3.12/site-packages/rt1_assignment2/rt1_assignment2_s__rosidl_typesupport_fastrtps_c.so
[0.271s] -- Up-to-date: /home/ertoto/Documenti/GitHub/Mazzotta_RT1_Lab2/install/rt1_assignment2/lib/python3.12/site-packages/rt1_assignment2/rt1_assignment2_s__rosidl_typesupport_introspection_c.so
[0.272s] -- Up-to-date: /home/ertoto/Documenti/GitHub/Mazzotta_RT1_Lab2/install/rt1_assignment2/lib/python3.12/site-packages/rt1_assignment2/rt1_assignment2_s__rosidl_typesupport_c.so
[0.272s] -- Up-to-date: /home/ertoto/Documenti/GitHub/Mazzotta_RT1_Lab2/install/rt1_assignment2/lib/librt1_assignment2__rosidl_generator_py.so
[0.272s] -- Up-to-date: /home/ertoto/Documenti/GitHub/Mazzotta_RT1_Lab2/install/rt1_assignment2/share/rt1_assignment2/msg/Info.idl
[0.272s] -- Up-to-date: /home/ertoto/Documenti/GitHub/Mazzotta_RT1_Lab2/install/rt1_assignment2/share/rt1_assignment2/srv/SetThreshold.idl
[0.272s] -- Up-to-date: /home/ertoto/Documenti/GitHub/Mazzotta_RT1_Lab2/install/rt1_assignment2/share/rt1_assignment2/srv/GetAvgVel.idl
[0.272s] -- Up-to-date: /home/ertoto/Documenti/GitHub/Mazzotta_RT1_Lab2/install/rt1_assignment2/share/rt1_assignment2/msg/Info.msg
[0.272s] -- Up-to-date: /home/ertoto/Documenti/GitHub/Mazzotta_RT1_Lab2/install/rt1_assignment2/share/rt1_assignment2/srv/SetThreshold.srv
[0.272s] -- Up-to-date: /home/ertoto/Documenti/GitHub/Mazzotta_RT1_Lab2/install/rt1_assignment2/share/rt1_assignment2/srv/GetAvgVel.srv
[0.272s] -- Up-to-date: /home/ertoto/Documenti/GitHub/Mazzotta_RT1_Lab2/install/rt1_assignment2/share/ament_index/resource_index/package_run_dependencies/rt1_assignment2
[0.272s] -- Up-to-date: /home/ertoto/Documenti/GitHub/Mazzotta_RT1_Lab2/install/rt1_assignment2/share/ament_index/resource_index/parent_prefix_path/rt1_assignment2
[0.273s] -- Up-to-date: /home/ertoto/Documenti/GitHub/Mazzotta_RT1_Lab2/install/rt1_assignment2/share/rt1_assignment2/environment/ament_prefix_path.sh
[0.273s] -- Up-to-date: /home/ertoto/Documenti/GitHub/Mazzotta_RT1_Lab2/install/rt1_assignment2/share/rt1_assignment2/environment/ament_prefix_path.dsv
[0.273s] -- Up-to-date: /home/ertoto/Documenti/GitHub/Mazzotta_RT1_Lab2/install/rt1_assignment2/share/rt1_assignment2/environment/path.sh
[0.273s] -- Up-to-date: /home/ertoto/Documenti/GitHub/Mazzotta_RT1_Lab2/install/rt1_assignment2/share/rt1_assignment2/environment/path.dsv
[0.273s] -- Up-to-date: /home/ertoto/Documenti/GitHub/Mazzotta_RT1_Lab2/install/rt1_assignment2/share/rt1_assignment2/local_setup.bash
[0.273s] -- Up-to-date: /home/ertoto/Documenti/GitHub/Mazzotta_RT1_Lab2/install/rt1_assignment2/share/rt1_assignment2/local_setup.sh
[0.273s] -- Up-to-date: /home/ertoto/Documenti/GitHub/Mazzotta_RT1_Lab2/install/rt1_assignment2/share/rt1_assignment2/local_setup.zsh
[0.273s] -- Up-to-date: /home/ertoto/Documenti/GitHub/Mazzotta_RT1_Lab2/install/rt1_assignment2/share/rt1_assignment2/local_setup.dsv
[0.273s] -- Installing: /home/ertoto/Documenti/GitHub/Mazzotta_RT1_Lab2/install/rt1_assignment2/share/rt1_assignment2/package.dsv
[0.273s] -- Up-to-date: /home/ertoto/Documenti/GitHub/Mazzotta_RT1_Lab2/install/rt1_assignment2/share/ament_index/resource_index/packages/rt1_assignment2
[0.273s] -- Up-to-date: /home/ertoto/Documenti/GitHub/Mazzotta_RT1_Lab2/install/rt1_assignment2/share/rt1_assignment2/cmake/export_rt1_assignment2__rosidl_generator_cExport.cmake
[0.274s] -- Up-to-date: /home/ertoto/Documenti/GitHub/Mazzotta_RT1_Lab2/install/rt1_assignment2/share/rt1_assignment2/cmake/export_rt1_assignment2__rosidl_generator_cExport-noconfig.cmake
[0.274s] -- Up-to-date: /home/ertoto/Documenti/GitHub/Mazzotta_RT1_Lab2/install/rt1_assignment2/share/rt1_assignment2/cmake/export_rt1_assignment2__rosidl_typesupport_fastrtps_cExport.cmake
[0.274s] -- Up-to-date: /home/ertoto/Documenti/GitHub/Mazzotta_RT1_Lab2/install/rt1_assignment2/share/rt1_assignment2/cmake/export_rt1_assignment2__rosidl_typesupport_fastrtps_cExport-noconfig.cmake
[0.274s] -- Up-to-date: /home/ertoto/Documenti/GitHub/Mazzotta_RT1_Lab2/install/rt1_assignment2/share/rt1_assignment2/cmake/export_rt1_assignment2__rosidl_generator_cppExport.cmake
[0.274s] -- Up-to-date: /home/ertoto/Documenti/GitHub/Mazzotta_RT1_Lab2/install/rt1_assignment2/share/rt1_assignment2/cmake/export_rt1_assignment2__rosidl_typesupport_fastrtps_cppExport.cmake
[0.274s] -- Up-to-date: /home/ertoto/Documenti/GitHub/Mazzotta_RT1_Lab2/install/rt1_assignment2/share/rt1_assignment2/cmake/export_rt1_assignment2__rosidl_typesupport_fastrtps_cppExport-noconfig.cmake
[0.274s] -- Up-to-date: /home/ertoto/Documenti/GitHub/Mazzotta_RT1_Lab2/install/rt1_assignment2/share/rt1_assignment2/cmake/rt1_assignment2__rosidl_typesupport_introspection_cExport.cmake
[0.274s] -- Up-to-date: /home/ertoto/Documenti/GitHub/Mazzotta_RT1_Lab2/install/rt1_assignment2/share/rt1_assignment2/cmake/rt1_assignment2__rosidl_typesupport_introspection_cExport-noconfig.cmake
[0.274s] -- Up-to-date: /home/ertoto/Documenti/GitHub/Mazzotta_RT1_Lab2/install/rt1_assignment2/share/rt1_assignment2/cmake/rt1_assignment2__rosidl_typesupport_cExport.cmake
[0.274s] -- Up-to-date: /home/ertoto/Documenti/GitHub/Mazzotta_RT1_Lab2/install/rt1_assignment2/share/rt1_assignment2/cmake/rt1_assignment2__rosidl_typesupport_cExport-noconfig.cmake
[0.274s] -- Up-to-date: /home/ertoto/Documenti/GitHub/Mazzotta_RT1_Lab2/install/rt1_assignment2/share/rt1_assignment2/cmake/rt1_assignment2__rosidl_typesupport_introspection_cppExport.cmake
[0.274s] -- Up-to-date: /home/ertoto/Documenti/GitHub/Mazzotta_RT1_Lab2/install/rt1_assignment2/share/rt1_assignment2/cmake/rt1_assignment2__rosidl_typesupport_introspection_cppExport-noconfig.cmake
[0.274s] -- Up-to-date: /home/ertoto/Documenti/GitHub/Mazzotta_RT1_Lab2/install/rt1_assignment2/share/rt1_assignment2/cmake/rt1_assignment2__rosidl_typesupport_cppExport.cmake
[0.274s] -- Up-to-date: /home/ertoto/Documenti/GitHub/Mazzotta_RT1_Lab2/install/rt1_assignment2/share/rt1_assignment2/cmake/rt1_assignment2__rosidl_typesupport_cppExport-noconfig.cmake
[0.274s] -- Up-to-date: /home/ertoto/Documenti/GitHub/Mazzotta_RT1_Lab2/install/rt1_assignment2/share/rt1_assignment2/cmake/export_rt1_assignment2__rosidl_generator_pyExport.cmake
[0.274s] -- Up-to-date: /home/ertoto/Documenti/GitHub/Mazzotta_RT1_Lab2/install/rt1_assignment2/share/rt1_assignment2/cmake/export_rt1_assignment2__rosidl_generator_pyExport-noconfig.cmake
[0.274s] -- Up-to-date: /home/ertoto/Documenti/GitHub/Mazzotta_RT1_Lab2/install/rt1_assignment2/share/rt1_assignment2/cmake/rosidl_cmake-extras.cmake
[0.274s] -- Up-to-date: /home/ertoto/Documenti/GitHub/Mazzotta_RT1_Lab2/install/rt1_assignment2/share/rt1_assignment2/cmake/ament_cmake_export_dependencies-extras.cmake
[0.275s] -- Up-to-date: /home/ertoto/Documenti/GitHub/Mazzotta_RT1_Lab2/install/rt1_assignment2/share/rt1_assignment2/cmake/ament_cmake_export_include_directories-extras.cmake
[0.275s] -- Up-to-date: /home/ertoto/Documenti/GitHub/Mazzotta_RT1_Lab2/install/rt1_assignment2/share/rt1_assignment2/cmake/ament_cmake_export_libraries-extras.cmake
[0.275s] -- Up-to-date: /home/ertoto/Documenti/GitHub/Mazzotta_RT1_Lab2/install/rt1_assignment2/share/rt1_assignment2/cmake/ament_cmake_export_targets-extras.cmake
[0.275s] -- Up-to-date: /home/ertoto/Documenti/GitHub/Mazzotta_RT1_Lab2/install/rt1_assignment2/share/rt1_assignment2/cmake/rosidl_cmake_export_typesupport_targets-extras.cmake
[0.275s] -- Up-to-date: /home/ertoto/Documenti/GitHub/Mazzotta_RT1_Lab2/install/rt1_assignment2/share/rt1_assignment2/cmake/rosidl_cmake_export_typesupport_libraries-extras.cmake
[0.275s] -- Up-to-date: /home/ertoto/Documenti/GitHub/Mazzotta_RT1_Lab2/install/rt1_assignment2/share/rt1_assignment2/cmake/rt1_assignment2Config.cmake
[0.275s] -- Up-to-date: /home/ertoto/Documenti/GitHub/Mazzotta_RT1_Lab2/install/rt1_assignment2/share/rt1_assignment2/cmake/rt1_assignment2Config-version.cmake
[0.275s] -- Up-to-date: /home/ertoto/Documenti/GitHub/Mazzotta_RT1_Lab2/install/rt1_assignment2/share/rt1_assignment2/package.xml
[0.275s] -- Up-to-date: /home/ertoto/Documenti/GitHub/Mazzotta_RT1_Lab2/install/rt1_assignment2/lib/rt1_assignment2/safety_controller
[0.275s] -- Installing: /home/ertoto/Documenti/GitHub/Mazzotta_RT1_Lab2/install/rt1_assignment2/lib/rt1_assignment2/user_interface
[0.275s] -- Up-to-date: /home/ertoto/Documenti/GitHub/Mazzotta_RT1_Lab2/install/rt1_assignment2/share/rt1_assignment2//launch
[0.275s] -- Up-to-date: /home/ertoto/Documenti/GitHub/Mazzotta_RT1_Lab2/install/rt1_assignment2/share/rt1_assignment2//launch/assignment2.launch.py
[0.277s] Invoked command in '/home/ertoto/Documenti/GitHub/Mazzotta_RT1_Lab2/build/rt1_assignment2' returned '0': CMAKE_PREFIX_PATH=${CMAKE_PREFIX_PATH}:/opt/ros/jazzy DEBUGINFOD_URLS=https://debuginfod.ubuntu.com /usr/bin/cmake --install /home/ertoto/Documenti/GitHub/Mazzotta_RT1_Lab2/build/rt1_assignment2
