[0.008s] Invoking command in '/home/ertoto/Documenti/GitHub/Mazzotta_RT1_Lab2/build/rt1_assignment2': CMAKE_PREFIX_PATH=${CMAKE_PREFIX_PATH}:/opt/ros/jazzy DEBUGINFOD_URLS=https://debuginfod.ubuntu.com /usr/bin/cmake /home/ertoto/Documenti/GitHub/Mazzotta_RT1_Lab2/ros2_ws/src/rt1_assignment2 -DCMAKE_INSTALL_PREFIX=/home/ertoto/Documenti/GitHub/Mazzotta_RT1_Lab2/install/rt1_assignment2
[0.229s] -- The C compiler identification is GNU 13.3.0
[0.434s] -- The CXX compiler identification is GNU 13.3.0
[0.492s] -- Detecting C compiler ABI info
[0.753s] -- Detecting C compiler ABI info - done
[0.780s] -- Check for working C compiler: /usr/bin/cc - skipped
[0.790s] -- Detecting C compile features
[0.792s] -- Detecting C compile features - done
[0.823s] -- Detecting CXX compiler ABI info
[1.105s] -- Detecting CXX compiler ABI info - done
[1.133s] -- Check for working CXX compiler: /usr/bin/c++ - skipped
[1.134s] -- Detecting CXX compile features
[1.135s] -- Detecting CXX compile features - done
[1.150s] -- Found ament_cmake: 2.5.4 (/opt/ros/jazzy/share/ament_cmake/cmake)
[1.561s] -- Found Python3: /usr/bin/python3 (found version "3.12.3") found components: Interpreter 
[1.841s] -- Found rclcpp: 28.1.13 (/opt/ros/jazzy/share/rclcpp/cmake)
[1.996s] -- Found rosidl_generator_c: 4.6.6 (/opt/ros/jazzy/share/rosidl_generator_c/cmake)
[2.015s] -- Found rosidl_generator_cpp: 4.6.6 (/opt/ros/jazzy/share/rosidl_generator_cpp/cmake)
[2.043s] -- Using all available rosidl_typesupport_c: rosidl_typesupport_fastrtps_c;rosidl_typesupport_introspection_c
[2.103s] -- Using all available rosidl_typesupport_cpp: rosidl_typesupport_fastrtps_cpp;rosidl_typesupport_introspection_cpp
[2.406s] -- Found rmw_implementation_cmake: 7.3.2 (/opt/ros/jazzy/share/rmw_implementation_cmake/cmake)
[2.419s] -- Found rmw_fastrtps_cpp: 8.4.3 (/opt/ros/jazzy/share/rmw_fastrtps_cpp/cmake)
[2.722s] -- Found OpenSSL: /usr/lib/x86_64-linux-gnu/libcrypto.so (found version "3.0.13")  
[2.791s] -- Found FastRTPS: /opt/ros/jazzy/include (Required is at least version "2.13") 
[2.867s] -- Using RMW implementation 'rmw_fastrtps_cpp' as default
[3.093s] -- Found std_msgs: 5.3.6 (/opt/ros/jazzy/share/std_msgs/cmake)
[3.122s] -- Found geometry_msgs: 5.3.6 (/opt/ros/jazzy/share/geometry_msgs/cmake)
[3.155s] -- Found sensor_msgs: 5.3.6 (/opt/ros/jazzy/share/sensor_msgs/cmake)
[3.199s] -- Found rosidl_default_generators: 1.6.0 (/opt/ros/jazzy/share/rosidl_default_generators/cmake)
[3.228s] -- Found rosidl_adapter: 4.6.6 (/opt/ros/jazzy/share/rosidl_adapter/cmake)
[5.026s] -- Found ament_cmake_ros: 0.12.0 (/opt/ros/jazzy/share/ament_cmake_ros/cmake)
[7.504s] -- Using all available rosidl_typesupport_c: rosidl_typesupport_fastrtps_c;rosidl_typesupport_introspection_c
[8.512s] -- Using all available rosidl_typesupport_cpp: rosidl_typesupport_fastrtps_cpp;rosidl_typesupport_introspection_cpp
[8.533s] -- Found python_cmake_module: 0.11.1 (/opt/ros/jazzy/share/python_cmake_module/cmake)
[8.951s] -- Found PythonExtra: /usr/bin/python3  
[10.167s] -- Found Python3: /usr/bin/python3 (found version "3.12.3") found components: Interpreter Development NumPy Development.Module Development.Embed 
[10.292s] -- Found ament_lint_auto: 0.17.3 (/opt/ros/jazzy/share/ament_lint_auto/cmake)
[10.366s] -- Added test 'cppcheck' to perform static code analysis on C / C++ code
[10.368s] -- Configured cppcheck include dirs: 
[10.368s] -- Configured cppcheck exclude dirs and/or files: 
[10.370s] -- Added test 'flake8' to check Python code syntax and style conventions
[10.371s] -- Configured 'flake8' exclude dirs and/or files: 
[10.373s] -- Added test 'lint_cmake' to check CMake code style
[10.375s] -- Added test 'pep257' to check Python code against some of the docstring style conventions in PEP 257
[10.378s] -- Added test 'uncrustify' to check C / C++ code style
[10.378s] -- Configured uncrustify additional arguments: 
[10.380s] -- Added test 'xmllint' to check XML markup files
[10.391s] [0mCMake Deprecation Warning at /opt/ros/jazzy/share/rosidl_cmake/cmake/rosidl_target_interfaces.cmake:32 (message):
[10.391s]   Use rosidl_get_typesupport_target() and target_link_libraries() instead of
[10.392s]   rosidl_target_interfaces().  i.e:
[10.392s] 
[10.392s]     rosidl_get_typesupport_target(cpp_typesupport_target "${PROJECT_NAME}" "rosidl_typesupport_cpp")
[10.392s]     target_link_libraries(${PROJECT_NAME}_node "${cpp_typesupport_target}")
[10.393s] 
[10.393s] Call Stack (most recent call first):
[10.393s]   CMakeLists.txt:34 (rosidl_target_interfaces)
[10.393s] 
[10.393s] [0m
[10.393s] -- Configuring done (10.4s)
[10.446s] -- Generating done (0.0s)
[10.453s] -- Build files have been written to: /home/ertoto/Documenti/GitHub/Mazzotta_RT1_Lab2/build/rt1_assignment2
[10.461s] Invoked command in '/home/ertoto/Documenti/GitHub/Mazzotta_RT1_Lab2/build/rt1_assignment2' returned '0': CMAKE_PREFIX_PATH=${CMAKE_PREFIX_PATH}:/opt/ros/jazzy DEBUGINFOD_URLS=https://debuginfod.ubuntu.com /usr/bin/cmake /home/ertoto/Documenti/GitHub/Mazzotta_RT1_Lab2/ros2_ws/src/rt1_assignment2 -DCMAKE_INSTALL_PREFIX=/home/ertoto/Documenti/GitHub/Mazzotta_RT1_Lab2/install/rt1_assignment2
[10.461s] Invoking command in '/home/ertoto/Documenti/GitHub/Mazzotta_RT1_Lab2/build/rt1_assignment2': CMAKE_PREFIX_PATH=${CMAKE_PREFIX_PATH}:/opt/ros/jazzy DEBUGINFOD_URLS=https://debuginfod.ubuntu.com /usr/bin/cmake --build /home/ertoto/Documenti/GitHub/Mazzotta_RT1_Lab2/build/rt1_assignment2 -- -j32 -l32
[10.605s] [  1%] [34m[1mGenerating type hashes for ROS interfaces[0m
[10.632s] [  1%] Built target ament_cmake_python_copy_rt1_assignment2
[10.879s] running egg_info
[10.879s] creating rt1_assignment2.egg-info
[10.886s] [  1%] Built target rt1_assignment2__rosidl_generator_type_description
[10.887s] writing rt1_assignment2.egg-info/PKG-INFO
[10.887s] writing dependency_links to rt1_assignment2.egg-info/dependency_links.txt
[10.887s] writing top-level names to rt1_assignment2.egg-info/top_level.txt
[10.887s] writing manifest file 'rt1_assignment2.egg-info/SOURCES.txt'
[10.898s] [  3%] [34m[1mGenerating C code for ROS interfaces[0m
[10.926s] [  5%] [34m[1mGenerating C++ code for ROS interfaces[0m
[10.979s] reading manifest file 'rt1_assignment2.egg-info/SOURCES.txt'
[10.980s] writing manifest file 'rt1_assignment2.egg-info/SOURCES.txt'
[11.013s] [  5%] Built target ament_cmake_python_build_rt1_assignment2_egg
[11.176s] [  5%] Built target rt1_assignment2__cpp
[11.205s] [  7%] [32mBuilding C object CMakeFiles/rt1_assignment2__rosidl_generator_c.dir/rosidl_generator_c/rt1_assignment2/srv/detail/set_threshold__description.c.o[0m
[11.205s] [  8%] [32mBuilding C object CMakeFiles/rt1_assignment2__rosidl_generator_c.dir/rosidl_generator_c/rt1_assignment2/srv/detail/get_avg_vel__description.c.o[0m
[11.207s] [ 10%] [32mBuilding C object CMakeFiles/rt1_assignment2__rosidl_generator_c.dir/rosidl_generator_c/rt1_assignment2/msg/detail/info__type_support.c.o[0m
[11.208s] [ 12%] [32mBuilding C object CMakeFiles/rt1_assignment2__rosidl_generator_c.dir/rosidl_generator_c/rt1_assignment2/srv/detail/get_avg_vel__functions.c.o[0m
[11.209s] [ 14%] [32mBuilding C object CMakeFiles/rt1_assignment2__rosidl_generator_c.dir/rosidl_generator_c/rt1_assignment2/srv/detail/set_threshold__type_support.c.o[0m
[11.211s] [ 16%] [32mBuilding C object CMakeFiles/rt1_assignment2__rosidl_generator_c.dir/rosidl_generator_c/rt1_assignment2/msg/detail/info__description.c.o[0m
[11.211s] [ 17%] [32mBuilding C object CMakeFiles/rt1_assignment2__rosidl_generator_c.dir/rosidl_generator_c/rt1_assignment2/msg/detail/info__functions.c.o[0m
[11.214s] [ 19%] [32mBuilding C object CMakeFiles/rt1_assignment2__rosidl_generator_c.dir/rosidl_generator_c/rt1_assignment2/srv/detail/set_threshold__functions.c.o[0m
[11.218s] [ 21%] [32mBuilding C object CMakeFiles/rt1_assignment2__rosidl_generator_c.dir/rosidl_generator_c/rt1_assignment2/srv/detail/get_avg_vel__type_support.c.o[0m
[11.369s] [ 23%] [32m[1mLinking C shared library librt1_assignment2__rosidl_generator_c.so[0m
[11.486s] [ 23%] Built target rt1_assignment2__rosidl_generator_c
[11.520s] [ 25%] [34m[1mGenerating C++ type support for eProsima Fast-RTPS[0m
[11.523s] [ 26%] [34m[1mGenerating C type support for eProsima Fast-RTPS[0m
[11.523s] [ 30%] [34m[1mGenerating C++ type support dispatch for ROS interfaces[0m
[11.523s] [ 30%] [34m[1mGenerating C++ introspection for ROS interfaces[0m
[11.524s] [ 32%] [34m[1mGenerating C introspection for ROS interfaces[0m
[11.524s] [ 33%] [34m[1mGenerating C type support dispatch for ROS interfaces[0m
[11.796s] [ 35%] [32mBuilding CXX object CMakeFiles/rt1_assignment2__rosidl_typesupport_c.dir/rosidl_typesupport_c/rt1_assignment2/msg/info__type_support.cpp.o[0m
[11.798s] [ 37%] [32mBuilding CXX object CMakeFiles/rt1_assignment2__rosidl_typesupport_c.dir/rosidl_typesupport_c/rt1_assignment2/srv/set_threshold__type_support.cpp.o[0m
[11.798s] [ 39%] [32mBuilding CXX object CMakeFiles/rt1_assignment2__rosidl_typesupport_c.dir/rosidl_typesupport_c/rt1_assignment2/srv/get_avg_vel__type_support.cpp.o[0m
[11.798s] [ 41%] [32mBuilding CXX object CMakeFiles/rt1_assignment2__rosidl_typesupport_cpp.dir/rosidl_typesupport_cpp/rt1_assignment2/srv/get_avg_vel__type_support.cpp.o[0m
[11.799s] [ 42%] [32mBuilding CXX object CMakeFiles/rt1_assignment2__rosidl_typesupport_cpp.dir/rosidl_typesupport_cpp/rt1_assignment2/msg/info__type_support.cpp.o[0m
[11.799s] [ 44%] [32mBuilding CXX object CMakeFiles/rt1_assignment2__rosidl_typesupport_cpp.dir/rosidl_typesupport_cpp/rt1_assignment2/srv/set_threshold__type_support.cpp.o[0m
[11.815s] [ 48%] [32mBuilding CXX object CMakeFiles/rt1_assignment2__rosidl_typesupport_introspection_cpp.dir/rosidl_typesupport_introspection_cpp/rt1_assignment2/srv/detail/set_threshold__type_support.cpp.o[0m
[11.815s] [ 48%] [32mBuilding CXX object CMakeFiles/rt1_assignment2__rosidl_typesupport_introspection_cpp.dir/rosidl_typesupport_introspection_cpp/rt1_assignment2/msg/detail/info__type_support.cpp.o[0m
[11.815s] [ 50%] [32mBuilding CXX object CMakeFiles/rt1_assignment2__rosidl_typesupport_introspection_cpp.dir/rosidl_typesupport_introspection_cpp/rt1_assignment2/srv/detail/get_avg_vel__type_support.cpp.o[0m
[11.820s] [ 51%] [32mBuilding C object CMakeFiles/rt1_assignment2__rosidl_typesupport_introspection_c.dir/rosidl_typesupport_introspection_c/rt1_assignment2/srv/detail/get_avg_vel__type_support.c.o[0m
[11.820s] [ 53%] [32mBuilding C object CMakeFiles/rt1_assignment2__rosidl_typesupport_introspection_c.dir/rosidl_typesupport_introspection_c/rt1_assignment2/msg/detail/info__type_support.c.o[0m
[11.821s] [ 55%] [32mBuilding C object CMakeFiles/rt1_assignment2__rosidl_typesupport_introspection_c.dir/rosidl_typesupport_introspection_c/rt1_assignment2/srv/detail/set_threshold__type_support.c.o[0m
[11.831s] [ 57%] [32m[1mLinking CXX shared library librt1_assignment2__rosidl_typesupport_c.so[0m
[11.850s] [ 58%] [32m[1mLinking C shared library librt1_assignment2__rosidl_typesupport_introspection_c.so[0m
[11.862s] [ 60%] [32mBuilding CXX object CMakeFiles/rt1_assignment2__rosidl_typesupport_fastrtps_cpp.dir/rosidl_typesupport_fastrtps_cpp/rt1_assignment2/msg/detail/dds_fastrtps/info__type_support.cpp.o[0m
[11.864s] [ 62%] [32mBuilding CXX object CMakeFiles/rt1_assignment2__rosidl_typesupport_fastrtps_cpp.dir/rosidl_typesupport_fastrtps_cpp/rt1_assignment2/srv/detail/dds_fastrtps/get_avg_vel__type_support.cpp.o[0m
[11.865s] [ 64%] [32mBuilding CXX object CMakeFiles/rt1_assignment2__rosidl_typesupport_fastrtps_cpp.dir/rosidl_typesupport_fastrtps_cpp/rt1_assignment2/srv/detail/dds_fastrtps/set_threshold__type_support.cpp.o[0m
[11.867s] [ 64%] Built target rt1_assignment2__rosidl_typesupport_c
[11.879s] [ 66%] [32mBuilding CXX object CMakeFiles/rt1_assignment2__rosidl_typesupport_fastrtps_c.dir/rosidl_typesupport_fastrtps_c/rt1_assignment2/srv/detail/get_avg_vel__type_support_c.cpp.o[0m
[11.881s] [ 69%] [32mBuilding CXX object CMakeFiles/rt1_assignment2__rosidl_typesupport_fastrtps_c.dir/rosidl_typesupport_fastrtps_c/rt1_assignment2/msg/detail/info__type_support_c.cpp.o[0m
[11.881s] [ 69%] [32mBuilding CXX object CMakeFiles/rt1_assignment2__rosidl_typesupport_fastrtps_c.dir/rosidl_typesupport_fastrtps_c/rt1_assignment2/srv/detail/set_threshold__type_support_c.cpp.o[0m
[11.886s] [ 69%] Built target rt1_assignment2__rosidl_typesupport_introspection_c
[12.033s] [ 71%] [32m[1mLinking CXX shared library librt1_assignment2__rosidl_typesupport_introspection_cpp.so[0m
[12.059s] [ 73%] [32m[1mLinking CXX shared library librt1_assignment2__rosidl_typesupport_cpp.so[0m
[12.081s] [ 73%] Built target rt1_assignment2__rosidl_typesupport_introspection_cpp
[12.106s] [ 73%] Built target rt1_assignment2__rosidl_typesupport_cpp
[12.132s] [ 75%] [32m[1mLinking CXX shared library librt1_assignment2__rosidl_typesupport_fastrtps_c.so[0m
[12.202s] [ 75%] Built target rt1_assignment2__rosidl_typesupport_fastrtps_c
[12.284s] [ 76%] [32m[1mLinking CXX shared library librt1_assignment2__rosidl_typesupport_fastrtps_cpp.so[0m
[12.504s] [ 76%] Built target rt1_assignment2__rosidl_typesupport_fastrtps_cpp
[12.563s] [ 76%] Built target rt1_assignment2
[12.622s] [ 78%] [32mBuilding CXX object CMakeFiles/safety_controller.dir/src/safety_controller.cpp.o[0m
[12.623s] [ 80%] [34m[1mGenerating Python code for ROS interfaces[0m
[13.002s] [ 80%] Built target rt1_assignment2__py
[13.019s] [ 82%] [32mBuilding C object CMakeFiles/rt1_assignment2__rosidl_generator_py.dir/rosidl_generator_py/rt1_assignment2/srv/_set_threshold_s.c.o[0m
[13.020s] [ 83%] [32mBuilding C object CMakeFiles/rt1_assignment2__rosidl_generator_py.dir/rosidl_generator_py/rt1_assignment2/msg/_info_s.c.o[0m
[13.020s] [ 85%] [32mBuilding C object CMakeFiles/rt1_assignment2__rosidl_generator_py.dir/rosidl_generator_py/rt1_assignment2/srv/_get_avg_vel_s.c.o[0m
[13.114s] [ 87%] [32m[1mLinking C shared library librt1_assignment2__rosidl_generator_py.so[0m
[13.148s] [ 87%] Built target rt1_assignment2__rosidl_generator_py
[13.162s] [ 89%] [32mBuilding C object CMakeFiles/rt1_assignment2_s__rosidl_typesupport_c.dir/rosidl_generator_py/rt1_assignment2/_rt1_assignment2_s.ep.rosidl_typesupport_c.c.o[0m
[13.163s] [ 91%] [32mBuilding C object CMakeFiles/rt1_assignment2_s__rosidl_typesupport_fastrtps_c.dir/rosidl_generator_py/rt1_assignment2/_rt1_assignment2_s.ep.rosidl_typesupport_fastrtps_c.c.o[0m
[13.163s] [ 92%] [32mBuilding C object CMakeFiles/rt1_assignment2_s__rosidl_typesupport_introspection_c.dir/rosidl_generator_py/rt1_assignment2/_rt1_assignment2_s.ep.rosidl_typesupport_introspection_c.c.o[0m
[13.223s] [ 94%] [32m[1mLinking C shared module rosidl_generator_py/rt1_assignment2/rt1_assignment2_s__rosidl_typesupport_introspection_c.so[0m
[13.229s] [ 96%] [32m[1mLinking C shared module rosidl_generator_py/rt1_assignment2/rt1_assignment2_s__rosidl_typesupport_c.so[0m
[13.231s] [ 98%] [32m[1mLinking C shared module rosidl_generator_py/rt1_assignment2/rt1_assignment2_s__rosidl_typesupport_fastrtps_c.so[0m
[13.247s] [ 98%] Built target rt1_assignment2_s__rosidl_typesupport_introspection_c
[13.252s] [ 98%] Built target rt1_assignment2_s__rosidl_typesupport_c
[13.253s] [ 98%] Built target rt1_assignment2_s__rosidl_typesupport_fastrtps_c
[18.859s] [100%] [32m[1mLinking CXX executable safety_controller[0m
[19.554s] [100%] Built target safety_controller
[19.573s] Invoked command in '/home/ertoto/Documenti/GitHub/Mazzotta_RT1_Lab2/build/rt1_assignment2' returned '0': CMAKE_PREFIX_PATH=${CMAKE_PREFIX_PATH}:/opt/ros/jazzy DEBUGINFOD_URLS=https://debuginfod.ubuntu.com /usr/bin/cmake --build /home/ertoto/Documenti/GitHub/Mazzotta_RT1_Lab2/build/rt1_assignment2 -- -j32 -l32
[19.577s] Invoking command in '/home/ertoto/Documenti/GitHub/Mazzotta_RT1_Lab2/build/rt1_assignment2': CMAKE_PREFIX_PATH=${CMAKE_PREFIX_PATH}:/opt/ros/jazzy DEBUGINFOD_URLS=https://debuginfod.ubuntu.com /usr/bin/cmake --install /home/ertoto/Documenti/GitHub/Mazzotta_RT1_Lab2/build/rt1_assignment2
[19.602s] -- Install configuration: ""
[19.603s] -- Installing: /home/ertoto/Documenti/GitHub/Mazzotta_RT1_Lab2/install/rt1_assignment2/share/ament_index/resource_index/rosidl_interfaces/rt1_assignment2
[19.604s] -- Installing: /home/ertoto/Documenti/GitHub/Mazzotta_RT1_Lab2/install/rt1_assignment2/share/rt1_assignment2/msg/Info.json
[19.604s] -- Installing: /home/ertoto/Documenti/GitHub/Mazzotta_RT1_Lab2/install/rt1_assignment2/share/rt1_assignment2/srv/SetThreshold.json
[19.604s] -- Installing: /home/ertoto/Documenti/GitHub/Mazzotta_RT1_Lab2/install/rt1_assignment2/share/rt1_assignment2/srv/GetAvgVel.json
[19.605s] -- Installing: /home/ertoto/Documenti/GitHub/Mazzotta_RT1_Lab2/install/rt1_assignment2/include/rt1_assignment2/rt1_assignment2
[19.605s] -- Installing: /home/ertoto/Documenti/GitHub/Mazzotta_RT1_Lab2/install/rt1_assignment2/include/rt1_assignment2/rt1_assignment2/srv
[19.605s] -- Installing: /home/ertoto/Documenti/GitHub/Mazzotta_RT1_Lab2/install/rt1_assignment2/include/rt1_assignment2/rt1_assignment2/srv/detail
[19.606s] -- Installing: /home/ertoto/Documenti/GitHub/Mazzotta_RT1_Lab2/install/rt1_assignment2/include/rt1_assignment2/rt1_assignment2/srv/detail/set_threshold__struct.h
[19.606s] -- Installing: /home/ertoto/Documenti/GitHub/Mazzotta_RT1_Lab2/install/rt1_assignment2/include/rt1_assignment2/rt1_assignment2/srv/detail/set_threshold__description.c
[19.606s] -- Installing: /home/ertoto/Documenti/GitHub/Mazzotta_RT1_Lab2/install/rt1_assignment2/include/rt1_assignment2/rt1_assignment2/srv/detail/get_avg_vel__functions.h
[19.606s] -- Installing: /home/ertoto/Documenti/GitHub/Mazzotta_RT1_Lab2/install/rt1_assignment2/include/rt1_assignment2/rt1_assignment2/srv/detail/set_threshold__functions.c
[19.606s] -- Installing: /home/ertoto/Documenti/GitHub/Mazzotta_RT1_Lab2/install/rt1_assignment2/include/rt1_assignment2/rt1_assignment2/srv/detail/get_avg_vel__type_support.h
[19.607s] -- Installing: /home/ertoto/Documenti/GitHub/Mazzotta_RT1_Lab2/install/rt1_assignment2/include/rt1_assignment2/rt1_assignment2/srv/detail/get_avg_vel__description.c
[19.607s] -- Installing: /home/ertoto/Documenti/GitHub/Mazzotta_RT1_Lab2/install/rt1_assignment2/include/rt1_assignment2/rt1_assignment2/srv/detail/set_threshold__functions.h
[19.608s] -- Installing: /home/ertoto/Documenti/GitHub/Mazzotta_RT1_Lab2/install/rt1_assignment2/include/rt1_assignment2/rt1_assignment2/srv/detail/set_threshold__type_support.c
[19.608s] -- Installing: /home/ertoto/Documenti/GitHub/Mazzotta_RT1_Lab2/install/rt1_assignment2/include/rt1_assignment2/rt1_assignment2/srv/detail/get_avg_vel__struct.h
[19.608s] -- Installing: /home/ertoto/Documenti/GitHub/Mazzotta_RT1_Lab2/install/rt1_assignment2/include/rt1_assignment2/rt1_assignment2/srv/detail/get_avg_vel__functions.c
[19.608s] -- Installing: /home/ertoto/Documenti/GitHub/Mazzotta_RT1_Lab2/install/rt1_assignment2/include/rt1_assignment2/rt1_assignment2/srv/detail/get_avg_vel__type_support.c
[19.608s] -- Installing: /home/ertoto/Documenti/GitHub/Mazzotta_RT1_Lab2/install/rt1_assignment2/include/rt1_assignment2/rt1_assignment2/srv/detail/set_threshold__type_support.h
[19.609s] -- Installing: /home/ertoto/Documenti/GitHub/Mazzotta_RT1_Lab2/install/rt1_assignment2/include/rt1_assignment2/rt1_assignment2/srv/set_threshold.h
[19.609s] -- Installing: /home/ertoto/Documenti/GitHub/Mazzotta_RT1_Lab2/install/rt1_assignment2/include/rt1_assignment2/rt1_assignment2/srv/get_avg_vel.h
[19.609s] -- Installing: /home/ertoto/Documenti/GitHub/Mazzotta_RT1_Lab2/install/rt1_assignment2/include/rt1_assignment2/rt1_assignment2/msg
[19.610s] -- Installing: /home/ertoto/Documenti/GitHub/Mazzotta_RT1_Lab2/install/rt1_assignment2/include/rt1_assignment2/rt1_assignment2/msg/rosidl_generator_c__visibility_control.h
[19.610s] -- Installing: /home/ertoto/Documenti/GitHub/Mazzotta_RT1_Lab2/install/rt1_assignment2/include/rt1_assignment2/rt1_assignment2/msg/detail
[19.610s] -- Installing: /home/ertoto/Documenti/GitHub/Mazzotta_RT1_Lab2/install/rt1_assignment2/include/rt1_assignment2/rt1_assignment2/msg/detail/info__type_support.c
[19.610s] -- Installing: /home/ertoto/Documenti/GitHub/Mazzotta_RT1_Lab2/install/rt1_assignment2/include/rt1_assignment2/rt1_assignment2/msg/detail/info__functions.h
[19.611s] -- Installing: /home/ertoto/Documenti/GitHub/Mazzotta_RT1_Lab2/install/rt1_assignment2/include/rt1_assignment2/rt1_assignment2/msg/detail/info__type_support.h
[19.611s] -- Installing: /home/ertoto/Documenti/GitHub/Mazzotta_RT1_Lab2/install/rt1_assignment2/include/rt1_assignment2/rt1_assignment2/msg/detail/info__struct.h
[19.611s] -- Installing: /home/ertoto/Documenti/GitHub/Mazzotta_RT1_Lab2/install/rt1_assignment2/include/rt1_assignment2/rt1_assignment2/msg/detail/info__description.c
[19.611s] -- Installing: /home/ertoto/Documenti/GitHub/Mazzotta_RT1_Lab2/install/rt1_assignment2/include/rt1_assignment2/rt1_assignment2/msg/detail/info__functions.c
[19.611s] -- Installing: /home/ertoto/Documenti/GitHub/Mazzotta_RT1_Lab2/install/rt1_assignment2/include/rt1_assignment2/rt1_assignment2/msg/info.h
[19.611s] -- Installing: /home/ertoto/Documenti/GitHub/Mazzotta_RT1_Lab2/install/rt1_assignment2/share/rt1_assignment2/environment/library_path.sh
[19.612s] -- Installing: /home/ertoto/Documenti/GitHub/Mazzotta_RT1_Lab2/install/rt1_assignment2/share/rt1_assignment2/environment/library_path.dsv
[19.612s] -- Installing: /home/ertoto/Documenti/GitHub/Mazzotta_RT1_Lab2/install/rt1_assignment2/lib/librt1_assignment2__rosidl_generator_c.so
[19.612s] -- Set non-toolchain portion of runtime path of "/home/ertoto/Documenti/GitHub/Mazzotta_RT1_Lab2/install/rt1_assignment2/lib/librt1_assignment2__rosidl_generator_c.so" to ""
[19.612s] -- Up-to-date: /home/ertoto/Documenti/GitHub/Mazzotta_RT1_Lab2/install/rt1_assignment2/include/rt1_assignment2/rt1_assignment2
[19.612s] -- Up-to-date: /home/ertoto/Documenti/GitHub/Mazzotta_RT1_Lab2/install/rt1_assignment2/include/rt1_assignment2/rt1_assignment2/srv
[19.612s] -- Up-to-date: /home/ertoto/Documenti/GitHub/Mazzotta_RT1_Lab2/install/rt1_assignment2/include/rt1_assignment2/rt1_assignment2/srv/detail
[19.613s] -- Installing: /home/ertoto/Documenti/GitHub/Mazzotta_RT1_Lab2/install/rt1_assignment2/include/rt1_assignment2/rt1_assignment2/srv/detail/get_avg_vel__rosidl_typesupport_fastrtps_c.h
[19.613s] -- Installing: /home/ertoto/Documenti/GitHub/Mazzotta_RT1_Lab2/install/rt1_assignment2/include/rt1_assignment2/rt1_assignment2/srv/detail/set_threshold__rosidl_typesupport_fastrtps_c.h
[19.613s] -- Up-to-date: /home/ertoto/Documenti/GitHub/Mazzotta_RT1_Lab2/install/rt1_assignment2/include/rt1_assignment2/rt1_assignment2/msg
[19.613s] -- Up-to-date: /home/ertoto/Documenti/GitHub/Mazzotta_RT1_Lab2/install/rt1_assignment2/include/rt1_assignment2/rt1_assignment2/msg/detail
[19.613s] -- Installing: /home/ertoto/Documenti/GitHub/Mazzotta_RT1_Lab2/install/rt1_assignment2/include/rt1_assignment2/rt1_assignment2/msg/detail/info__rosidl_typesupport_fastrtps_c.h
[19.613s] -- Installing: /home/ertoto/Documenti/GitHub/Mazzotta_RT1_Lab2/install/rt1_assignment2/include/rt1_assignment2/rt1_assignment2/msg/rosidl_typesupport_fastrtps_c__visibility_control.h
[19.614s] -- Installing: /home/ertoto/Documenti/GitHub/Mazzotta_RT1_Lab2/install/rt1_assignment2/lib/librt1_assignment2__rosidl_typesupport_fastrtps_c.so
[19.614s] -- Set non-toolchain portion of runtime path of "/home/ertoto/Documenti/GitHub/Mazzotta_RT1_Lab2/install/rt1_assignment2/lib/librt1_assignment2__rosidl_typesupport_fastrtps_c.so" to ""
[19.614s] -- Up-to-date: /home/ertoto/Documenti/GitHub/Mazzotta_RT1_Lab2/install/rt1_assignment2/include/rt1_assignment2/rt1_assignment2
[19.614s] -- Up-to-date: /home/ertoto/Documenti/GitHub/Mazzotta_RT1_Lab2/install/rt1_assignment2/include/rt1_assignment2/rt1_assignment2/srv
[19.614s] -- Up-to-date: /home/ertoto/Documenti/GitHub/Mazzotta_RT1_Lab2/install/rt1_assignment2/include/rt1_assignment2/rt1_assignment2/srv/detail
[19.614s] -- Installing: /home/ertoto/Documenti/GitHub/Mazzotta_RT1_Lab2/install/rt1_assignment2/include/rt1_assignment2/rt1_assignment2/srv/detail/set_threshold__builder.hpp
[19.615s] -- Installing: /home/ertoto/Documenti/GitHub/Mazzotta_RT1_Lab2/install/rt1_assignment2/include/rt1_assignment2/rt1_assignment2/srv/detail/get_avg_vel__builder.hpp
[19.615s] -- Installing: /home/ertoto/Documenti/GitHub/Mazzotta_RT1_Lab2/install/rt1_assignment2/include/rt1_assignment2/rt1_assignment2/srv/detail/set_threshold__type_support.hpp
[19.615s] -- Installing: /home/ertoto/Documenti/GitHub/Mazzotta_RT1_Lab2/install/rt1_assignment2/include/rt1_assignment2/rt1_assignment2/srv/detail/set_threshold__struct.hpp
[19.615s] -- Installing: /home/ertoto/Documenti/GitHub/Mazzotta_RT1_Lab2/install/rt1_assignment2/include/rt1_assignment2/rt1_assignment2/srv/detail/get_avg_vel__type_support.hpp
[19.615s] -- Installing: /home/ertoto/Documenti/GitHub/Mazzotta_RT1_Lab2/install/rt1_assignment2/include/rt1_assignment2/rt1_assignment2/srv/detail/get_avg_vel__struct.hpp
[19.616s] -- Installing: /home/ertoto/Documenti/GitHub/Mazzotta_RT1_Lab2/install/rt1_assignment2/include/rt1_assignment2/rt1_assignment2/srv/detail/set_threshold__traits.hpp
[19.616s] -- Installing: /home/ertoto/Documenti/GitHub/Mazzotta_RT1_Lab2/install/rt1_assignment2/include/rt1_assignment2/rt1_assignment2/srv/detail/get_avg_vel__traits.hpp
[19.616s] -- Installing: /home/ertoto/Documenti/GitHub/Mazzotta_RT1_Lab2/install/rt1_assignment2/include/rt1_assignment2/rt1_assignment2/srv/get_avg_vel.hpp
[19.616s] -- Installing: /home/ertoto/Documenti/GitHub/Mazzotta_RT1_Lab2/install/rt1_assignment2/include/rt1_assignment2/rt1_assignment2/srv/set_threshold.hpp
[19.616s] -- Up-to-date: /home/ertoto/Documenti/GitHub/Mazzotta_RT1_Lab2/install/rt1_assignment2/include/rt1_assignment2/rt1_assignment2/msg
[19.616s] -- Installing: /home/ertoto/Documenti/GitHub/Mazzotta_RT1_Lab2/install/rt1_assignment2/include/rt1_assignment2/rt1_assignment2/msg/rosidl_generator_cpp__visibility_control.hpp
[19.616s] -- Up-to-date: /home/ertoto/Documenti/GitHub/Mazzotta_RT1_Lab2/install/rt1_assignment2/include/rt1_assignment2/rt1_assignment2/msg/detail
[19.617s] -- Installing: /home/ertoto/Documenti/GitHub/Mazzotta_RT1_Lab2/install/rt1_assignment2/include/rt1_assignment2/rt1_assignment2/msg/detail/info__type_support.hpp
[19.617s] -- Installing: /home/ertoto/Documenti/GitHub/Mazzotta_RT1_Lab2/install/rt1_assignment2/include/rt1_assignment2/rt1_assignment2/msg/detail/info__struct.hpp
[19.617s] -- Installing: /home/ertoto/Documenti/GitHub/Mazzotta_RT1_Lab2/install/rt1_assignment2/include/rt1_assignment2/rt1_assignment2/msg/detail/info__traits.hpp
[19.617s] -- Installing: /home/ertoto/Documenti/GitHub/Mazzotta_RT1_Lab2/install/rt1_assignment2/include/rt1_assignment2/rt1_assignment2/msg/detail/info__builder.hpp
[19.617s] -- Installing: /home/ertoto/Documenti/GitHub/Mazzotta_RT1_Lab2/install/rt1_assignment2/include/rt1_assignment2/rt1_assignment2/msg/info.hpp
[19.617s] -- Up-to-date: /home/ertoto/Documenti/GitHub/Mazzotta_RT1_Lab2/install/rt1_assignment2/include/rt1_assignment2/rt1_assignment2
[19.617s] -- Up-to-date: /home/ertoto/Documenti/GitHub/Mazzotta_RT1_Lab2/install/rt1_assignment2/include/rt1_assignment2/rt1_assignment2/srv
[19.618s] -- Up-to-date: /home/ertoto/Documenti/GitHub/Mazzotta_RT1_Lab2/install/rt1_assignment2/include/rt1_assignment2/rt1_assignment2/srv/detail
[19.618s] -- Installing: /home/ertoto/Documenti/GitHub/Mazzotta_RT1_Lab2/install/rt1_assignment2/include/rt1_assignment2/rt1_assignment2/srv/detail/get_avg_vel__rosidl_typesupport_fastrtps_cpp.hpp
[19.618s] -- Installing: /home/ertoto/Documenti/GitHub/Mazzotta_RT1_Lab2/install/rt1_assignment2/include/rt1_assignment2/rt1_assignment2/srv/detail/dds_fastrtps
[19.618s] -- Installing: /home/ertoto/Documenti/GitHub/Mazzotta_RT1_Lab2/install/rt1_assignment2/include/rt1_assignment2/rt1_assignment2/srv/detail/set_threshold__rosidl_typesupport_fastrtps_cpp.hpp
[19.618s] -- Up-to-date: /home/ertoto/Documenti/GitHub/Mazzotta_RT1_Lab2/install/rt1_assignment2/include/rt1_assignment2/rt1_assignment2/msg
[19.619s] -- Up-to-date: /home/ertoto/Documenti/GitHub/Mazzotta_RT1_Lab2/install/rt1_assignment2/include/rt1_assignment2/rt1_assignment2/msg/detail
[19.619s] -- Installing: /home/ertoto/Documenti/GitHub/Mazzotta_RT1_Lab2/install/rt1_assignment2/include/rt1_assignment2/rt1_assignment2/msg/detail/info__rosidl_typesupport_fastrtps_cpp.hpp
[19.619s] -- Installing: /home/ertoto/Documenti/GitHub/Mazzotta_RT1_Lab2/install/rt1_assignment2/include/rt1_assignment2/rt1_assignment2/msg/detail/dds_fastrtps
[19.619s] -- Installing: /home/ertoto/Documenti/GitHub/Mazzotta_RT1_Lab2/install/rt1_assignment2/include/rt1_assignment2/rt1_assignment2/msg/rosidl_typesupport_fastrtps_cpp__visibility_control.h
[19.619s] -- Installing: /home/ertoto/Documenti/GitHub/Mazzotta_RT1_Lab2/install/rt1_assignment2/lib/librt1_assignment2__rosidl_typesupport_fastrtps_cpp.so
[19.619s] -- Set non-toolchain portion of runtime path of "/home/ertoto/Documenti/GitHub/Mazzotta_RT1_Lab2/install/rt1_assignment2/lib/librt1_assignment2__rosidl_typesupport_fastrtps_cpp.so" to ""
[19.620s] -- Up-to-date: /home/ertoto/Documenti/GitHub/Mazzotta_RT1_Lab2/install/rt1_assignment2/include/rt1_assignment2/rt1_assignment2
[19.620s] -- Up-to-date: /home/ertoto/Documenti/GitHub/Mazzotta_RT1_Lab2/install/rt1_assignment2/include/rt1_assignment2/rt1_assignment2/srv
[19.620s] -- Up-to-date: /home/ertoto/Documenti/GitHub/Mazzotta_RT1_Lab2/install/rt1_assignment2/include/rt1_assignment2/rt1_assignment2/srv/detail
[19.620s] -- Installing: /home/ertoto/Documenti/GitHub/Mazzotta_RT1_Lab2/install/rt1_assignment2/include/rt1_assignment2/rt1_assignment2/srv/detail/get_avg_vel__rosidl_typesupport_introspection_c.h
[19.620s] -- Installing: /home/ertoto/Documenti/GitHub/Mazzotta_RT1_Lab2/install/rt1_assignment2/include/rt1_assignment2/rt1_assignment2/srv/detail/set_threshold__rosidl_typesupport_introspection_c.h
[19.620s] -- Installing: /home/ertoto/Documenti/GitHub/Mazzotta_RT1_Lab2/install/rt1_assignment2/include/rt1_assignment2/rt1_assignment2/srv/detail/set_threshold__type_support.c
[19.621s] -- Installing: /home/ertoto/Documenti/GitHub/Mazzotta_RT1_Lab2/install/rt1_assignment2/include/rt1_assignment2/rt1_assignment2/srv/detail/get_avg_vel__type_support.c
[19.621s] -- Up-to-date: /home/ertoto/Documenti/GitHub/Mazzotta_RT1_Lab2/install/rt1_assignment2/include/rt1_assignment2/rt1_assignment2/msg
[19.621s] -- Installing: /home/ertoto/Documenti/GitHub/Mazzotta_RT1_Lab2/install/rt1_assignment2/include/rt1_assignment2/rt1_assignment2/msg/rosidl_typesupport_introspection_c__visibility_control.h
[19.621s] -- Up-to-date: /home/ertoto/Documenti/GitHub/Mazzotta_RT1_Lab2/install/rt1_assignment2/include/rt1_assignment2/rt1_assignment2/msg/detail
[19.621s] -- Installing: /home/ertoto/Documenti/GitHub/Mazzotta_RT1_Lab2/install/rt1_assignment2/include/rt1_assignment2/rt1_assignment2/msg/detail/info__type_support.c
[19.621s] -- Installing: /home/ertoto/Documenti/GitHub/Mazzotta_RT1_Lab2/install/rt1_assignment2/include/rt1_assignment2/rt1_assignment2/msg/detail/info__rosidl_typesupport_introspection_c.h
[19.622s] -- Installing: /home/ertoto/Documenti/GitHub/Mazzotta_RT1_Lab2/install/rt1_assignment2/lib/librt1_assignment2__rosidl_typesupport_introspection_c.so
[19.622s] -- Set non-toolchain portion of runtime path of "/home/ertoto/Documenti/GitHub/Mazzotta_RT1_Lab2/install/rt1_assignment2/lib/librt1_assignment2__rosidl_typesupport_introspection_c.so" to ""
[19.622s] -- Installing: /home/ertoto/Documenti/GitHub/Mazzotta_RT1_Lab2/install/rt1_assignment2/lib/librt1_assignment2__rosidl_typesupport_c.so
[19.622s] -- Set non-toolchain portion of runtime path of "/home/ertoto/Documenti/GitHub/Mazzotta_RT1_Lab2/install/rt1_assignment2/lib/librt1_assignment2__rosidl_typesupport_c.so" to ""
[19.622s] -- Up-to-date: /home/ertoto/Documenti/GitHub/Mazzotta_RT1_Lab2/install/rt1_assignment2/include/rt1_assignment2/rt1_assignment2
[19.622s] -- Up-to-date: /home/ertoto/Documenti/GitHub/Mazzotta_RT1_Lab2/install/rt1_assignment2/include/rt1_assignment2/rt1_assignment2/srv
[19.622s] -- Up-to-date: /home/ertoto/Documenti/GitHub/Mazzotta_RT1_Lab2/install/rt1_assignment2/include/rt1_assignment2/rt1_assignment2/srv/detail
[19.623s] -- Installing: /home/ertoto/Documenti/GitHub/Mazzotta_RT1_Lab2/install/rt1_assignment2/include/rt1_assignment2/rt1_assignment2/srv/detail/set_threshold__rosidl_typesupport_introspection_cpp.hpp
[19.623s] -- Installing: /home/ertoto/Documenti/GitHub/Mazzotta_RT1_Lab2/install/rt1_assignment2/include/rt1_assignment2/rt1_assignment2/srv/detail/set_threshold__type_support.cpp
[19.623s] -- Installing: /home/ertoto/Documenti/GitHub/Mazzotta_RT1_Lab2/install/rt1_assignment2/include/rt1_assignment2/rt1_assignment2/srv/detail/get_avg_vel__type_support.cpp
[19.623s] -- Installing: /home/ertoto/Documenti/GitHub/Mazzotta_RT1_Lab2/install/rt1_assignment2/include/rt1_assignment2/rt1_assignment2/srv/detail/get_avg_vel__rosidl_typesupport_introspection_cpp.hpp
[19.623s] -- Up-to-date: /home/ertoto/Documenti/GitHub/Mazzotta_RT1_Lab2/install/rt1_assignment2/include/rt1_assignment2/rt1_assignment2/msg
[19.623s] -- Up-to-date: /home/ertoto/Documenti/GitHub/Mazzotta_RT1_Lab2/install/rt1_assignment2/include/rt1_assignment2/rt1_assignment2/msg/detail
[19.624s] -- Installing: /home/ertoto/Documenti/GitHub/Mazzotta_RT1_Lab2/install/rt1_assignment2/include/rt1_assignment2/rt1_assignment2/msg/detail/info__rosidl_typesupport_introspection_cpp.hpp
[19.624s] -- Installing: /home/ertoto/Documenti/GitHub/Mazzotta_RT1_Lab2/install/rt1_assignment2/include/rt1_assignment2/rt1_assignment2/msg/detail/info__type_support.cpp
[19.624s] -- Installing: /home/ertoto/Documenti/GitHub/Mazzotta_RT1_Lab2/install/rt1_assignment2/lib/librt1_assignment2__rosidl_typesupport_introspection_cpp.so
[19.624s] -- Set non-toolchain portion of runtime path of "/home/ertoto/Documenti/GitHub/Mazzotta_RT1_Lab2/install/rt1_assignment2/lib/librt1_assignment2__rosidl_typesupport_introspection_cpp.so" to ""
[19.624s] -- Installing: /home/ertoto/Documenti/GitHub/Mazzotta_RT1_Lab2/install/rt1_assignment2/lib/librt1_assignment2__rosidl_typesupport_cpp.so
[19.624s] -- Set non-toolchain portion of runtime path of "/home/ertoto/Documenti/GitHub/Mazzotta_RT1_Lab2/install/rt1_assignment2/lib/librt1_assignment2__rosidl_typesupport_cpp.so" to ""
[19.625s] -- Installing: /home/ertoto/Documenti/GitHub/Mazzotta_RT1_Lab2/install/rt1_assignment2/share/rt1_assignment2/environment/pythonpath.sh
[19.625s] -- Installing: /home/ertoto/Documenti/GitHub/Mazzotta_RT1_Lab2/install/rt1_assignment2/share/rt1_assignment2/environment/pythonpath.dsv
[19.625s] -- Installing: /home/ertoto/Documenti/GitHub/Mazzotta_RT1_Lab2/install/rt1_assignment2/lib/python3.12/site-packages/rt1_assignment2-0.0.0-py3.12.egg-info
[19.625s] -- Installing: /home/ertoto/Documenti/GitHub/Mazzotta_RT1_Lab2/install/rt1_assignment2/lib/python3.12/site-packages/rt1_assignment2-0.0.0-py3.12.egg-info/PKG-INFO
[19.625s] -- Installing: /home/ertoto/Documenti/GitHub/Mazzotta_RT1_Lab2/install/rt1_assignment2/lib/python3.12/site-packages/rt1_assignment2-0.0.0-py3.12.egg-info/top_level.txt
[19.625s] -- Installing: /home/ertoto/Documenti/GitHub/Mazzotta_RT1_Lab2/install/rt1_assignment2/lib/python3.12/site-packages/rt1_assignment2-0.0.0-py3.12.egg-info/SOURCES.txt
[19.626s] -- Installing: /home/ertoto/Documenti/GitHub/Mazzotta_RT1_Lab2/install/rt1_assignment2/lib/python3.12/site-packages/rt1_assignment2-0.0.0-py3.12.egg-info/dependency_links.txt
[19.626s] -- Installing: /home/ertoto/Documenti/GitHub/Mazzotta_RT1_Lab2/install/rt1_assignment2/lib/python3.12/site-packages/rt1_assignment2
[19.626s] -- Installing: /home/ertoto/Documenti/GitHub/Mazzotta_RT1_Lab2/install/rt1_assignment2/lib/python3.12/site-packages/rt1_assignment2/rt1_assignment2_s__rosidl_typesupport_fastrtps_c.so
[19.626s] -- Installing: /home/ertoto/Documenti/GitHub/Mazzotta_RT1_Lab2/install/rt1_assignment2/lib/python3.12/site-packages/rt1_assignment2/_rt1_assignment2_s.ep.rosidl_typesupport_fastrtps_c.c
[19.626s] -- Installing: /home/ertoto/Documenti/GitHub/Mazzotta_RT1_Lab2/install/rt1_assignment2/lib/python3.12/site-packages/rt1_assignment2/rt1_assignment2_s__rosidl_typesupport_introspection_c.so
[19.626s] -- Installing: /home/ertoto/Documenti/GitHub/Mazzotta_RT1_Lab2/install/rt1_assignment2/lib/python3.12/site-packages/rt1_assignment2/__init__.py
[19.627s] -- Installing: /home/ertoto/Documenti/GitHub/Mazzotta_RT1_Lab2/install/rt1_assignment2/lib/python3.12/site-packages/rt1_assignment2/_rt1_assignment2_s.ep.rosidl_typesupport_introspection_c.c
[19.627s] -- Installing: /home/ertoto/Documenti/GitHub/Mazzotta_RT1_Lab2/install/rt1_assignment2/lib/python3.12/site-packages/rt1_assignment2/rt1_assignment2_s__rosidl_typesupport_c.so
[19.627s] -- Installing: /home/ertoto/Documenti/GitHub/Mazzotta_RT1_Lab2/install/rt1_assignment2/lib/python3.12/site-packages/rt1_assignment2/srv
[19.627s] -- Installing: /home/ertoto/Documenti/GitHub/Mazzotta_RT1_Lab2/install/rt1_assignment2/lib/python3.12/site-packages/rt1_assignment2/srv/__init__.py
[19.627s] -- Installing: /home/ertoto/Documenti/GitHub/Mazzotta_RT1_Lab2/install/rt1_assignment2/lib/python3.12/site-packages/rt1_assignment2/srv/_get_avg_vel.py
[19.627s] -- Installing: /home/ertoto/Documenti/GitHub/Mazzotta_RT1_Lab2/install/rt1_assignment2/lib/python3.12/site-packages/rt1_assignment2/srv/_set_threshold.py
[19.628s] -- Installing: /home/ertoto/Documenti/GitHub/Mazzotta_RT1_Lab2/install/rt1_assignment2/lib/python3.12/site-packages/rt1_assignment2/srv/_set_threshold_s.c
[19.628s] -- Installing: /home/ertoto/Documenti/GitHub/Mazzotta_RT1_Lab2/install/rt1_assignment2/lib/python3.12/site-packages/rt1_assignment2/srv/_get_avg_vel_s.c
[19.628s] -- Installing: /home/ertoto/Documenti/GitHub/Mazzotta_RT1_Lab2/install/rt1_assignment2/lib/python3.12/site-packages/rt1_assignment2/_rt1_assignment2_s.ep.rosidl_typesupport_c.c
[19.628s] -- Installing: /home/ertoto/Documenti/GitHub/Mazzotta_RT1_Lab2/install/rt1_assignment2/lib/python3.12/site-packages/rt1_assignment2/msg
[19.628s] -- Installing: /home/ertoto/Documenti/GitHub/Mazzotta_RT1_Lab2/install/rt1_assignment2/lib/python3.12/site-packages/rt1_assignment2/msg/__init__.py
[19.629s] -- Installing: /home/ertoto/Documenti/GitHub/Mazzotta_RT1_Lab2/install/rt1_assignment2/lib/python3.12/site-packages/rt1_assignment2/msg/_info_s.c
[19.629s] -- Installing: /home/ertoto/Documenti/GitHub/Mazzotta_RT1_Lab2/install/rt1_assignment2/lib/python3.12/site-packages/rt1_assignment2/msg/_info.py
[19.765s] Listing '/home/ertoto/Documenti/GitHub/Mazzotta_RT1_Lab2/install/rt1_assignment2/lib/python3.12/site-packages/rt1_assignment2'...
[19.765s] Compiling '/home/ertoto/Documenti/GitHub/Mazzotta_RT1_Lab2/install/rt1_assignment2/lib/python3.12/site-packages/rt1_assignment2/__init__.py'...
[19.766s] Listing '/home/ertoto/Documenti/GitHub/Mazzotta_RT1_Lab2/install/rt1_assignment2/lib/python3.12/site-packages/rt1_assignment2/msg'...
[19.766s] Compiling '/home/ertoto/Documenti/GitHub/Mazzotta_RT1_Lab2/install/rt1_assignment2/lib/python3.12/site-packages/rt1_assignment2/msg/__init__.py'...
[19.766s] Compiling '/home/ertoto/Documenti/GitHub/Mazzotta_RT1_Lab2/install/rt1_assignment2/lib/python3.12/site-packages/rt1_assignment2/msg/_info.py'...
[19.766s] Listing '/home/ertoto/Documenti/GitHub/Mazzotta_RT1_Lab2/install/rt1_assignment2/lib/python3.12/site-packages/rt1_assignment2/srv'...
[19.766s] Compiling '/home/ertoto/Documenti/GitHub/Mazzotta_RT1_Lab2/install/rt1_assignment2/lib/python3.12/site-packages/rt1_assignment2/srv/__init__.py'...
[19.766s] Compiling '/home/ertoto/Documenti/GitHub/Mazzotta_RT1_Lab2/install/rt1_assignment2/lib/python3.12/site-packages/rt1_assignment2/srv/_get_avg_vel.py'...
[19.766s] Compiling '/home/ertoto/Documenti/GitHub/Mazzotta_RT1_Lab2/install/rt1_assignment2/lib/python3.12/site-packages/rt1_assignment2/srv/_set_threshold.py'...
[19.776s] -- Installing: /home/ertoto/Documenti/GitHub/Mazzotta_RT1_Lab2/install/rt1_assignment2/lib/python3.12/site-packages/rt1_assignment2/rt1_assignment2_s__rosidl_typesupport_fastrtps_c.so
[19.777s] -- Set non-toolchain portion of runtime path of "/home/ertoto/Documenti/GitHub/Mazzotta_RT1_Lab2/install/rt1_assignment2/lib/python3.12/site-packages/rt1_assignment2/rt1_assignment2_s__rosidl_typesupport_fastrtps_c.so" to ""
[19.777s] -- Installing: /home/ertoto/Documenti/GitHub/Mazzotta_RT1_Lab2/install/rt1_assignment2/lib/python3.12/site-packages/rt1_assignment2/rt1_assignment2_s__rosidl_typesupport_introspection_c.so
[19.778s] -- Set non-toolchain portion of runtime path of "/home/ertoto/Documenti/GitHub/Mazzotta_RT1_Lab2/install/rt1_assignment2/lib/python3.12/site-packages/rt1_assignment2/rt1_assignment2_s__rosidl_typesupport_introspection_c.so" to ""
[19.778s] -- Installing: /home/ertoto/Documenti/GitHub/Mazzotta_RT1_Lab2/install/rt1_assignment2/lib/python3.12/site-packages/rt1_assignment2/rt1_assignment2_s__rosidl_typesupport_c.so
[19.778s] -- Set non-toolchain portion of runtime path of "/home/ertoto/Documenti/GitHub/Mazzotta_RT1_Lab2/install/rt1_assignment2/lib/python3.12/site-packages/rt1_assignment2/rt1_assignment2_s__rosidl_typesupport_c.so" to ""
[19.778s] -- Installing: /home/ertoto/Documenti/GitHub/Mazzotta_RT1_Lab2/install/rt1_assignment2/lib/librt1_assignment2__rosidl_generator_py.so
[19.779s] -- Set non-toolchain portion of runtime path of "/home/ertoto/Documenti/GitHub/Mazzotta_RT1_Lab2/install/rt1_assignment2/lib/librt1_assignment2__rosidl_generator_py.so" to ""
[19.779s] -- Installing: /home/ertoto/Documenti/GitHub/Mazzotta_RT1_Lab2/install/rt1_assignment2/share/rt1_assignment2/msg/Info.idl
[19.779s] -- Installing: /home/ertoto/Documenti/GitHub/Mazzotta_RT1_Lab2/install/rt1_assignment2/share/rt1_assignment2/srv/SetThreshold.idl
[19.779s] -- Installing: /home/ertoto/Documenti/GitHub/Mazzotta_RT1_Lab2/install/rt1_assignment2/share/rt1_assignment2/srv/GetAvgVel.idl
[19.780s] -- Installing: /home/ertoto/Documenti/GitHub/Mazzotta_RT1_Lab2/install/rt1_assignment2/share/rt1_assignment2/msg/Info.msg
[19.780s] -- Installing: /home/ertoto/Documenti/GitHub/Mazzotta_RT1_Lab2/install/rt1_assignment2/share/rt1_assignment2/srv/SetThreshold.srv
[19.780s] -- Installing: /home/ertoto/Documenti/GitHub/Mazzotta_RT1_Lab2/install/rt1_assignment2/share/rt1_assignment2/srv/GetAvgVel.srv
[19.780s] -- Installing: /home/ertoto/Documenti/GitHub/Mazzotta_RT1_Lab2/install/rt1_assignment2/share/ament_index/resource_index/package_run_dependencies/rt1_assignment2
[19.780s] -- Installing: /home/ertoto/Documenti/GitHub/Mazzotta_RT1_Lab2/install/rt1_assignment2/share/ament_index/resource_index/parent_prefix_path/rt1_assignment2
[19.781s] -- Installing: /home/ertoto/Documenti/GitHub/Mazzotta_RT1_Lab2/install/rt1_assignment2/share/rt1_assignment2/environment/ament_prefix_path.sh
[19.781s] -- Installing: /home/ertoto/Documenti/GitHub/Mazzotta_RT1_Lab2/install/rt1_assignment2/share/rt1_assignment2/environment/ament_prefix_path.dsv
[19.781s] -- Installing: /home/ertoto/Documenti/GitHub/Mazzotta_RT1_Lab2/install/rt1_assignment2/share/rt1_assignment2/environment/path.sh
[19.781s] -- Installing: /home/ertoto/Documenti/GitHub/Mazzotta_RT1_Lab2/install/rt1_assignment2/share/rt1_assignment2/environment/path.dsv
[19.781s] -- Installing: /home/ertoto/Documenti/GitHub/Mazzotta_RT1_Lab2/install/rt1_assignment2/share/rt1_assignment2/local_setup.bash
[19.782s] -- Installing: /home/ertoto/Documenti/GitHub/Mazzotta_RT1_Lab2/install/rt1_assignment2/share/rt1_assignment2/local_setup.sh
[19.782s] -- Installing: /home/ertoto/Documenti/GitHub/Mazzotta_RT1_Lab2/install/rt1_assignment2/share/rt1_assignment2/local_setup.zsh
[19.782s] -- Installing: /home/ertoto/Documenti/GitHub/Mazzotta_RT1_Lab2/install/rt1_assignment2/share/rt1_assignment2/local_setup.dsv
[19.782s] -- Installing: /home/ertoto/Documenti/GitHub/Mazzotta_RT1_Lab2/install/rt1_assignment2/share/rt1_assignment2/package.dsv
[19.782s] -- Installing: /home/ertoto/Documenti/GitHub/Mazzotta_RT1_Lab2/install/rt1_assignment2/share/ament_index/resource_index/packages/rt1_assignment2
[19.783s] -- Installing: /home/ertoto/Documenti/GitHub/Mazzotta_RT1_Lab2/install/rt1_assignment2/share/rt1_assignment2/cmake/export_rt1_assignment2__rosidl_generator_cExport.cmake
[19.783s] -- Installing: /home/ertoto/Documenti/GitHub/Mazzotta_RT1_Lab2/install/rt1_assignment2/share/rt1_assignment2/cmake/export_rt1_assignment2__rosidl_generator_cExport-noconfig.cmake
[19.783s] -- Installing: /home/ertoto/Documenti/GitHub/Mazzotta_RT1_Lab2/install/rt1_assignment2/share/rt1_assignment2/cmake/export_rt1_assignment2__rosidl_typesupport_fastrtps_cExport.cmake
[19.783s] -- Installing: /home/ertoto/Documenti/GitHub/Mazzotta_RT1_Lab2/install/rt1_assignment2/share/rt1_assignment2/cmake/export_rt1_assignment2__rosidl_typesupport_fastrtps_cExport-noconfig.cmake
[19.783s] -- Installing: /home/ertoto/Documenti/GitHub/Mazzotta_RT1_Lab2/install/rt1_assignment2/share/rt1_assignment2/cmake/export_rt1_assignment2__rosidl_generator_cppExport.cmake
[19.784s] -- Installing: /home/ertoto/Documenti/GitHub/Mazzotta_RT1_Lab2/install/rt1_assignment2/share/rt1_assignment2/cmake/export_rt1_assignment2__rosidl_typesupport_fastrtps_cppExport.cmake
[19.784s] -- Installing: /home/ertoto/Documenti/GitHub/Mazzotta_RT1_Lab2/install/rt1_assignment2/share/rt1_assignment2/cmake/export_rt1_assignment2__rosidl_typesupport_fastrtps_cppExport-noconfig.cmake
[19.784s] -- Installing: /home/ertoto/Documenti/GitHub/Mazzotta_RT1_Lab2/install/rt1_assignment2/share/rt1_assignment2/cmake/rt1_assignment2__rosidl_typesupport_introspection_cExport.cmake
[19.784s] -- Installing: /home/ertoto/Documenti/GitHub/Mazzotta_RT1_Lab2/install/rt1_assignment2/share/rt1_assignment2/cmake/rt1_assignment2__rosidl_typesupport_introspection_cExport-noconfig.cmake
[19.785s] -- Installing: /home/ertoto/Documenti/GitHub/Mazzotta_RT1_Lab2/install/rt1_assignment2/share/rt1_assignment2/cmake/rt1_assignment2__rosidl_typesupport_cExport.cmake
[19.785s] -- Installing: /home/ertoto/Documenti/GitHub/Mazzotta_RT1_Lab2/install/rt1_assignment2/share/rt1_assignment2/cmake/rt1_assignment2__rosidl_typesupport_cExport-noconfig.cmake
[19.785s] -- Installing: /home/ertoto/Documenti/GitHub/Mazzotta_RT1_Lab2/install/rt1_assignment2/share/rt1_assignment2/cmake/rt1_assignment2__rosidl_typesupport_introspection_cppExport.cmake
[19.785s] -- Installing: /home/ertoto/Documenti/GitHub/Mazzotta_RT1_Lab2/install/rt1_assignment2/share/rt1_assignment2/cmake/rt1_assignment2__rosidl_typesupport_introspection_cppExport-noconfig.cmake
[19.786s] -- Installing: /home/ertoto/Documenti/GitHub/Mazzotta_RT1_Lab2/install/rt1_assignment2/share/rt1_assignment2/cmake/rt1_assignment2__rosidl_typesupport_cppExport.cmake
[19.786s] -- Installing: /home/ertoto/Documenti/GitHub/Mazzotta_RT1_Lab2/install/rt1_assignment2/share/rt1_assignment2/cmake/rt1_assignment2__rosidl_typesupport_cppExport-noconfig.cmake
[19.786s] -- Installing: /home/ertoto/Documenti/GitHub/Mazzotta_RT1_Lab2/install/rt1_assignment2/share/rt1_assignment2/cmake/export_rt1_assignment2__rosidl_generator_pyExport.cmake
[19.786s] -- Installing: /home/ertoto/Documenti/GitHub/Mazzotta_RT1_Lab2/install/rt1_assignment2/share/rt1_assignment2/cmake/export_rt1_assignment2__rosidl_generator_pyExport-noconfig.cmake
[19.786s] -- Installing: /home/ertoto/Documenti/GitHub/Mazzotta_RT1_Lab2/install/rt1_assignment2/share/rt1_assignment2/cmake/rosidl_cmake-extras.cmake
[19.787s] -- Installing: /home/ertoto/Documenti/GitHub/Mazzotta_RT1_Lab2/install/rt1_assignment2/share/rt1_assignment2/cmake/ament_cmake_export_dependencies-extras.cmake
[19.787s] -- Installing: /home/ertoto/Documenti/GitHub/Mazzotta_RT1_Lab2/install/rt1_assignment2/share/rt1_assignment2/cmake/ament_cmake_export_include_directories-extras.cmake
[19.787s] -- Installing: /home/ertoto/Documenti/GitHub/Mazzotta_RT1_Lab2/install/rt1_assignment2/share/rt1_assignment2/cmake/ament_cmake_export_libraries-extras.cmake
[19.787s] -- Installing: /home/ertoto/Documenti/GitHub/Mazzotta_RT1_Lab2/install/rt1_assignment2/share/rt1_assignment2/cmake/ament_cmake_export_targets-extras.cmake
[19.788s] -- Installing: /home/ertoto/Documenti/GitHub/Mazzotta_RT1_Lab2/install/rt1_assignment2/share/rt1_assignment2/cmake/rosidl_cmake_export_typesupport_targets-extras.cmake
[19.788s] -- Installing: /home/ertoto/Documenti/GitHub/Mazzotta_RT1_Lab2/install/rt1_assignment2/share/rt1_assignment2/cmake/rosidl_cmake_export_typesupport_libraries-extras.cmake
[19.788s] -- Installing: /home/ertoto/Documenti/GitHub/Mazzotta_RT1_Lab2/install/rt1_assignment2/share/rt1_assignment2/cmake/rt1_assignment2Config.cmake
[19.788s] -- Installing: /home/ertoto/Documenti/GitHub/Mazzotta_RT1_Lab2/install/rt1_assignment2/share/rt1_assignment2/cmake/rt1_assignment2Config-version.cmake
[19.788s] -- Installing: /home/ertoto/Documenti/GitHub/Mazzotta_RT1_Lab2/install/rt1_assignment2/share/rt1_assignment2/package.xml
[19.789s] -- Installing: /home/ertoto/Documenti/GitHub/Mazzotta_RT1_Lab2/install/rt1_assignment2/lib/rt1_assignment2/safety_controller
[19.806s] -- Set non-toolchain portion of runtime path of "/home/ertoto/Documenti/GitHub/Mazzotta_RT1_Lab2/install/rt1_assignment2/lib/rt1_assignment2/safety_controller" to ""
[19.807s] -- Installing: /home/ertoto/Documenti/GitHub/Mazzotta_RT1_Lab2/install/rt1_assignment2/lib/rt1_assignment2/user_interface
[19.807s] -- Installing: /home/ertoto/Documenti/GitHub/Mazzotta_RT1_Lab2/install/rt1_assignment2/share/rt1_assignment2//launch
[19.808s] -- Installing: /home/ertoto/Documenti/GitHub/Mazzotta_RT1_Lab2/install/rt1_assignment2/share/rt1_assignment2//launch/assignment2.launch.py
[19.812s] Invoked command in '/home/ertoto/Documenti/GitHub/Mazzotta_RT1_Lab2/build/rt1_assignment2' returned '0': CMAKE_PREFIX_PATH=${CMAKE_PREFIX_PATH}:/opt/ros/jazzy DEBUGINFOD_URLS=https://debuginfod.ubuntu.com /usr/bin/cmake --install /home/ertoto/Documenti/GitHub/Mazzotta_RT1_Lab2/build/rt1_assignment2
