[0.049s] DEBUG:colcon:Command line arguments: ['/usr/bin/colcon', 'build']
[0.049s] DEBUG:colcon:Parsed command line arguments: Namespace(log_base=None, log_level=None, verb_name='build', build_base='build', install_base='install', merge_install=False, symlink_install=False, test_result_base=None, continue_on_error=False, executor='parallel', parallel_workers=32, event_handlers=None, ignore_user_meta=False, metas=['./colcon.meta'], base_paths=['.'], packages_ignore=None, packages_ignore_regex=None, paths=None, packages_up_to=None, packages_up_to_regex=None, packages_above=None, packages_above_and_dependencies=None, packages_above_depth=None, packages_select_by_dep=None, packages_skip_by_dep=None, packages_skip_up_to=None, packages_select_build_failed=False, packages_skip_build_finished=False, packages_select_test_failures=False, packages_skip_test_passed=False, packages_select=None, packages_skip=None, packages_select_regex=None, packages_skip_regex=None, packages_start=None, packages_end=None, allow_overriding=[], cmake_args=None, cmake_target=None, cmake_target_skip_unavailable=False, cmake_clean_cache=False, cmake_clean_first=False, cmake_force_configure=False, ament_cmake_args=None, catkin_cmake_args=None, catkin_skip_building_tests=False, verb_parser=<colcon_defaults.argument_parser.defaults.DefaultArgumentsDecorator object at 0x7fad3347dd30>, verb_extension=<colcon_core.verb.build.BuildVerb object at 0x7fad3347dc70>, main=<bound method BuildVerb.main of <colcon_core.verb.build.BuildVerb object at 0x7fad3347dc70>>)
[0.084s] Level 1:colcon.colcon_core.package_discovery:discover_packages(colcon_meta) check parameters
[0.085s] Level 1:colcon.colcon_core.package_discovery:discover_packages(recursive) check parameters
[0.085s] Level 1:colcon.colcon_core.package_discovery:discover_packages(ignore) check parameters
[0.085s] Level 1:colcon.colcon_core.package_discovery:discover_packages(path) check parameters
[0.085s] Level 1:colcon.colcon_core.package_discovery:discover_packages(colcon_meta) discover
[0.085s] Level 1:colcon.colcon_core.package_discovery:discover_packages(recursive) discover
[0.085s] INFO:colcon.colcon_core.package_discovery:Crawling recursively for packages in '/home/ertoto/Documenti/GitHub/Mazzotta_RT1_Lab2/ros2_ws'
[0.085s] Level 1:colcon.colcon_core.package_identification:_identify(.) by extensions ['ignore', 'ignore_ament_install']
[0.085s] Level 1:colcon.colcon_core.package_identification:_identify(.) by extension 'ignore'
[0.085s] Level 1:colcon.colcon_core.package_identification:_identify(.) by extension 'ignore_ament_install'
[0.085s] Level 1:colcon.colcon_core.package_identification:_identify(.) by extensions ['colcon_pkg']
[0.085s] Level 1:colcon.colcon_core.package_identification:_identify(.) by extension 'colcon_pkg'
[0.085s] Level 1:colcon.colcon_core.package_identification:_identify(.) by extensions ['colcon_meta']
[0.085s] Level 1:colcon.colcon_core.package_identification:_identify(.) by extension 'colcon_meta'
[0.085s] Level 1:colcon.colcon_core.package_identification:_identify(.) by extensions ['ros']
[0.085s] Level 1:colcon.colcon_core.package_identification:_identify(.) by extension 'ros'
[0.098s] Level 1:colcon.colcon_core.package_identification:_identify(.) by extensions ['cmake', 'python']
[0.098s] Level 1:colcon.colcon_core.package_identification:_identify(.) by extension 'cmake'
[0.098s] Level 1:colcon.colcon_core.package_identification:_identify(.) by extension 'python'
[0.098s] Level 1:colcon.colcon_core.package_identification:_identify(.) by extensions ['python_setup_py']
[0.098s] Level 1:colcon.colcon_core.package_identification:_identify(.) by extension 'python_setup_py'
[0.098s] Level 1:colcon.colcon_core.package_identification:_identify(build) by extensions ['ignore', 'ignore_ament_install']
[0.098s] Level 1:colcon.colcon_core.package_identification:_identify(build) by extension 'ignore'
[0.098s] Level 1:colcon.colcon_core.package_identification:_identify(build) ignored
[0.098s] Level 1:colcon.colcon_core.package_identification:_identify(install) by extensions ['ignore', 'ignore_ament_install']
[0.098s] Level 1:colcon.colcon_core.package_identification:_identify(install) by extension 'ignore'
[0.098s] Level 1:colcon.colcon_core.package_identification:_identify(install) ignored
[0.098s] Level 1:colcon.colcon_core.package_identification:_identify(log) by extensions ['ignore', 'ignore_ament_install']
[0.098s] Level 1:colcon.colcon_core.package_identification:_identify(log) by extension 'ignore'
[0.098s] Level 1:colcon.colcon_core.package_identification:_identify(log) ignored
[0.098s] Level 1:colcon.colcon_core.package_identification:_identify(src) by extensions ['ignore', 'ignore_ament_install']
[0.098s] Level 1:colcon.colcon_core.package_identification:_identify(src) by extension 'ignore'
[0.098s] Level 1:colcon.colcon_core.package_identification:_identify(src) by extension 'ignore_ament_install'
[0.098s] Level 1:colcon.colcon_core.package_identification:_identify(src) by extensions ['colcon_pkg']
[0.098s] Level 1:colcon.colcon_core.package_identification:_identify(src) by extension 'colcon_pkg'
[0.098s] Level 1:colcon.colcon_core.package_identification:_identify(src) by extensions ['colcon_meta']
[0.098s] Level 1:colcon.colcon_core.package_identification:_identify(src) by extension 'colcon_meta'
[0.098s] Level 1:colcon.colcon_core.package_identification:_identify(src) by extensions ['ros']
[0.098s] Level 1:colcon.colcon_core.package_identification:_identify(src) by extension 'ros'
[0.098s] Level 1:colcon.colcon_core.package_identification:_identify(src) by extensions ['cmake', 'python']
[0.098s] Level 1:colcon.colcon_core.package_identification:_identify(src) by extension 'cmake'
[0.098s] Level 1:colcon.colcon_core.package_identification:_identify(src) by extension 'python'
[0.098s] Level 1:colcon.colcon_core.package_identification:_identify(src) by extensions ['python_setup_py']
[0.098s] Level 1:colcon.colcon_core.package_identification:_identify(src) by extension 'python_setup_py'
[0.098s] Level 1:colcon.colcon_core.package_identification:_identify(src/bme_gazebo_sensors) by extensions ['ignore', 'ignore_ament_install']
[0.098s] Level 1:colcon.colcon_core.package_identification:_identify(src/bme_gazebo_sensors) by extension 'ignore'
[0.098s] Level 1:colcon.colcon_core.package_identification:_identify(src/bme_gazebo_sensors) by extension 'ignore_ament_install'
[0.098s] Level 1:colcon.colcon_core.package_identification:_identify(src/bme_gazebo_sensors) by extensions ['colcon_pkg']
[0.098s] Level 1:colcon.colcon_core.package_identification:_identify(src/bme_gazebo_sensors) by extension 'colcon_pkg'
[0.098s] Level 1:colcon.colcon_core.package_identification:_identify(src/bme_gazebo_sensors) by extensions ['colcon_meta']
[0.098s] Level 1:colcon.colcon_core.package_identification:_identify(src/bme_gazebo_sensors) by extension 'colcon_meta'
[0.098s] Level 1:colcon.colcon_core.package_identification:_identify(src/bme_gazebo_sensors) by extensions ['ros']
[0.098s] Level 1:colcon.colcon_core.package_identification:_identify(src/bme_gazebo_sensors) by extension 'ros'
[0.100s] DEBUG:colcon.colcon_core.package_identification:Package 'src/bme_gazebo_sensors' with type 'ros.ament_cmake' and name 'bme_gazebo_sensors'
[0.100s] Level 1:colcon.colcon_core.package_identification:_identify(src/rt1_assignment2) by extensions ['ignore', 'ignore_ament_install']
[0.100s] Level 1:colcon.colcon_core.package_identification:_identify(src/rt1_assignment2) by extension 'ignore'
[0.100s] Level 1:colcon.colcon_core.package_identification:_identify(src/rt1_assignment2) by extension 'ignore_ament_install'
[0.100s] Level 1:colcon.colcon_core.package_identification:_identify(src/rt1_assignment2) by extensions ['colcon_pkg']
[0.100s] Level 1:colcon.colcon_core.package_identification:_identify(src/rt1_assignment2) by extension 'colcon_pkg'
[0.100s] Level 1:colcon.colcon_core.package_identification:_identify(src/rt1_assignment2) by extensions ['colcon_meta']
[0.100s] Level 1:colcon.colcon_core.package_identification:_identify(src/rt1_assignment2) by extension 'colcon_meta'
[0.100s] Level 1:colcon.colcon_core.package_identification:_identify(src/rt1_assignment2) by extensions ['ros']
[0.100s] Level 1:colcon.colcon_core.package_identification:_identify(src/rt1_assignment2) by extension 'ros'
[0.100s] DEBUG:colcon.colcon_core.package_identification:Package 'src/rt1_assignment2' with type 'ros.ament_cmake' and name 'rt1_assignment2'
[0.100s] Level 1:colcon.colcon_core.package_discovery:discover_packages(recursive) using defaults
[0.100s] Level 1:colcon.colcon_core.package_discovery:discover_packages(ignore) discover
[0.100s] Level 1:colcon.colcon_core.package_discovery:discover_packages(ignore) using defaults
[0.100s] Level 1:colcon.colcon_core.package_discovery:discover_packages(path) discover
[0.100s] Level 1:colcon.colcon_core.package_discovery:discover_packages(path) using defaults
[0.109s] Level 1:colcon.colcon_core.package_discovery:discover_packages(prefix_path) check parameters
[0.109s] Level 1:colcon.colcon_core.package_discovery:discover_packages(prefix_path) discover
[0.109s] DEBUG:colcon.colcon_installed_package_information.package_discovery:Found 2 installed packages in /home/ertoto/Documenti/GitHub/Mazzotta_RT1_Lab2/ros2_ws/install
[0.110s] DEBUG:colcon.colcon_installed_package_information.package_discovery:Found 315 installed packages in /opt/ros/jazzy
[0.111s] Level 1:colcon.colcon_core.package_discovery:discover_packages(prefix_path) using defaults
[0.128s] Level 5:colcon.colcon_core.verb:set package 'bme_gazebo_sensors' build argument 'cmake_args' from command line to 'None'
[0.128s] Level 5:colcon.colcon_core.verb:set package 'bme_gazebo_sensors' build argument 'cmake_target' from command line to 'None'
[0.128s] Level 5:colcon.colcon_core.verb:set package 'bme_gazebo_sensors' build argument 'cmake_target_skip_unavailable' from command line to 'False'
[0.128s] Level 5:colcon.colcon_core.verb:set package 'bme_gazebo_sensors' build argument 'cmake_clean_cache' from command line to 'False'
[0.128s] Level 5:colcon.colcon_core.verb:set package 'bme_gazebo_sensors' build argument 'cmake_clean_first' from command line to 'False'
[0.128s] Level 5:colcon.colcon_core.verb:set package 'bme_gazebo_sensors' build argument 'cmake_force_configure' from command line to 'False'
[0.128s] Level 5:colcon.colcon_core.verb:set package 'bme_gazebo_sensors' build argument 'ament_cmake_args' from command line to 'None'
[0.128s] Level 5:colcon.colcon_core.verb:set package 'bme_gazebo_sensors' build argument 'catkin_cmake_args' from command line to 'None'
[0.128s] Level 5:colcon.colcon_core.verb:set package 'bme_gazebo_sensors' build argument 'catkin_skip_building_tests' from command line to 'False'
[0.128s] DEBUG:colcon.colcon_core.verb:Building package 'bme_gazebo_sensors' with the following arguments: {'ament_cmake_args': None, 'build_base': '/home/ertoto/Documenti/GitHub/Mazzotta_RT1_Lab2/ros2_ws/build/bme_gazebo_sensors', 'catkin_cmake_args': None, 'catkin_skip_building_tests': False, 'cmake_args': None, 'cmake_clean_cache': False, 'cmake_clean_first': False, 'cmake_force_configure': False, 'cmake_target': None, 'cmake_target_skip_unavailable': False, 'install_base': '/home/ertoto/Documenti/GitHub/Mazzotta_RT1_Lab2/ros2_ws/install/bme_gazebo_sensors', 'merge_install': False, 'path': '/home/ertoto/Documenti/GitHub/Mazzotta_RT1_Lab2/ros2_ws/src/bme_gazebo_sensors', 'symlink_install': False, 'test_result_base': None}
[0.129s] Level 5:colcon.colcon_core.verb:set package 'rt1_assignment2' build argument 'cmake_args' from command line to 'None'
[0.129s] Level 5:colcon.colcon_core.verb:set package 'rt1_assignment2' build argument 'cmake_target' from command line to 'None'
[0.129s] Level 5:colcon.colcon_core.verb:set package 'rt1_assignment2' build argument 'cmake_target_skip_unavailable' from command line to 'False'
[0.129s] Level 5:colcon.colcon_core.verb:set package 'rt1_assignment2' build argument 'cmake_clean_cache' from command line to 'False'
[0.129s] Level 5:colcon.colcon_core.verb:set package 'rt1_assignment2' build argument 'cmake_clean_first' from command line to 'False'
[0.129s] Level 5:colcon.colcon_core.verb:set package 'rt1_assignment2' build argument 'cmake_force_configure' from command line to 'False'
[0.129s] Level 5:colcon.colcon_core.verb:set package 'rt1_assignment2' build argument 'ament_cmake_args' from command line to 'None'
[0.129s] Level 5:colcon.colcon_core.verb:set package 'rt1_assignment2' build argument 'catkin_cmake_args' from command line to 'None'
[0.129s] Level 5:colcon.colcon_core.verb:set package 'rt1_assignment2' build argument 'catkin_skip_building_tests' from command line to 'False'
[0.129s] DEBUG:colcon.colcon_core.verb:Building package 'rt1_assignment2' with the following arguments: {'ament_cmake_args': None, 'build_base': '/home/ertoto/Documenti/GitHub/Mazzotta_RT1_Lab2/ros2_ws/build/rt1_assignment2', 'catkin_cmake_args': None, 'catkin_skip_building_tests': False, 'cmake_args': None, 'cmake_clean_cache': False, 'cmake_clean_first': False, 'cmake_force_configure': False, 'cmake_target': None, 'cmake_target_skip_unavailable': False, 'install_base': '/home/ertoto/Documenti/GitHub/Mazzotta_RT1_Lab2/ros2_ws/install/rt1_assignment2', 'merge_install': False, 'path': '/home/ertoto/Documenti/GitHub/Mazzotta_RT1_Lab2/ros2_ws/src/rt1_assignment2', 'symlink_install': False, 'test_result_base': None}
[0.129s] INFO:colcon.colcon_core.executor:Executing jobs using 'parallel' executor
[0.129s] DEBUG:colcon.colcon_parallel_executor.executor.parallel:run_until_complete
[0.129s] INFO:colcon.colcon_ros.task.ament_cmake.build:Building ROS package in '/home/ertoto/Documenti/GitHub/Mazzotta_RT1_Lab2/ros2_ws/src/bme_gazebo_sensors' with build type 'ament_cmake'
[0.129s] INFO:colcon.colcon_cmake.task.cmake.build:Building CMake package in '/home/ertoto/Documenti/GitHub/Mazzotta_RT1_Lab2/ros2_ws/src/bme_gazebo_sensors'
[0.130s] INFO:colcon.colcon_core.plugin_system:Skipping extension 'colcon_core.shell.bat': Not used on non-Windows systems
[0.130s] INFO:colcon.colcon_core.shell:Skip shell extension 'powershell' for command environment: Not usable outside of PowerShell
[0.130s] DEBUG:colcon.colcon_core.shell:Skip shell extension 'dsv' for command environment
[0.132s] INFO:colcon.colcon_ros.task.ament_cmake.build:Building ROS package in '/home/ertoto/Documenti/GitHub/Mazzotta_RT1_Lab2/ros2_ws/src/rt1_assignment2' with build type 'ament_cmake'
[0.132s] INFO:colcon.colcon_cmake.task.cmake.build:Building CMake package in '/home/ertoto/Documenti/GitHub/Mazzotta_RT1_Lab2/ros2_ws/src/rt1_assignment2'
[0.132s] INFO:colcon.colcon_core.shell:Skip shell extension 'powershell' for command environment: Not usable outside of PowerShell
[0.132s] DEBUG:colcon.colcon_core.shell:Skip shell extension 'dsv' for command environment
[0.137s] DEBUG:colcon.colcon_core.event_handler.log_command:Invoking command in '/home/ertoto/Documenti/GitHub/Mazzotta_RT1_Lab2/ros2_ws/build/bme_gazebo_sensors': CMAKE_PREFIX_PATH=${CMAKE_PREFIX_PATH}:/opt/ros/jazzy DEBUGINFOD_URLS=https://debuginfod.ubuntu.com /usr/bin/cmake --build /home/ertoto/Documenti/GitHub/Mazzotta_RT1_Lab2/ros2_ws/build/bme_gazebo_sensors -- -j32 -l32
[0.139s] DEBUG:colcon.colcon_core.event_handler.log_command:Invoking command in '/home/ertoto/Documenti/GitHub/Mazzotta_RT1_Lab2/ros2_ws/build/rt1_assignment2': CMAKE_PREFIX_PATH=${CMAKE_PREFIX_PATH}:/opt/ros/jazzy DEBUGINFOD_URLS=https://debuginfod.ubuntu.com /usr/bin/cmake --build /home/ertoto/Documenti/GitHub/Mazzotta_RT1_Lab2/ros2_ws/build/rt1_assignment2 -- -j32 -l32
[0.211s] DEBUG:colcon.colcon_core.event_handler.log_command:Invoked command in '/home/ertoto/Documenti/GitHub/Mazzotta_RT1_Lab2/ros2_ws/build/bme_gazebo_sensors' returned '0': CMAKE_PREFIX_PATH=${CMAKE_PREFIX_PATH}:/opt/ros/jazzy DEBUGINFOD_URLS=https://debuginfod.ubuntu.com /usr/bin/cmake --build /home/ertoto/Documenti/GitHub/Mazzotta_RT1_Lab2/ros2_ws/build/bme_gazebo_sensors -- -j32 -l32
[0.241s] DEBUG:colcon.colcon_core.event_handler.log_command:Invoking command in '/home/ertoto/Documenti/GitHub/Mazzotta_RT1_Lab2/ros2_ws/build/bme_gazebo_sensors': CMAKE_PREFIX_PATH=${CMAKE_PREFIX_PATH}:/opt/ros/jazzy DEBUGINFOD_URLS=https://debuginfod.ubuntu.com /usr/bin/cmake --install /home/ertoto/Documenti/GitHub/Mazzotta_RT1_Lab2/ros2_ws/build/bme_gazebo_sensors
[0.267s] Level 1:colcon.colcon_core.environment:create_environment_scripts_only(bme_gazebo_sensors)
[0.268s] DEBUG:colcon.colcon_core.event_handler.log_command:Invoked command in '/home/ertoto/Documenti/GitHub/Mazzotta_RT1_Lab2/ros2_ws/build/bme_gazebo_sensors' returned '0': CMAKE_PREFIX_PATH=${CMAKE_PREFIX_PATH}:/opt/ros/jazzy DEBUGINFOD_URLS=https://debuginfod.ubuntu.com /usr/bin/cmake --install /home/ertoto/Documenti/GitHub/Mazzotta_RT1_Lab2/ros2_ws/build/bme_gazebo_sensors
[0.274s] Level 1:colcon.colcon_core.environment:checking '/home/ertoto/Documenti/GitHub/Mazzotta_RT1_Lab2/ros2_ws/install/bme_gazebo_sensors' for CMake module files
[0.275s] Level 1:colcon.colcon_core.environment:checking '/home/ertoto/Documenti/GitHub/Mazzotta_RT1_Lab2/ros2_ws/install/bme_gazebo_sensors' for CMake config files
[0.276s] Level 1:colcon.colcon_core.shell:create_environment_hook('bme_gazebo_sensors', 'cmake_prefix_path')
[0.276s] INFO:colcon.colcon_core.shell:Creating environment hook '/home/ertoto/Documenti/GitHub/Mazzotta_RT1_Lab2/ros2_ws/install/bme_gazebo_sensors/share/bme_gazebo_sensors/hook/cmake_prefix_path.ps1'
[0.278s] INFO:colcon.colcon_core.shell:Creating environment descriptor '/home/ertoto/Documenti/GitHub/Mazzotta_RT1_Lab2/ros2_ws/install/bme_gazebo_sensors/share/bme_gazebo_sensors/hook/cmake_prefix_path.dsv'
[0.280s] INFO:colcon.colcon_core.shell:Creating environment hook '/home/ertoto/Documenti/GitHub/Mazzotta_RT1_Lab2/ros2_ws/install/bme_gazebo_sensors/share/bme_gazebo_sensors/hook/cmake_prefix_path.sh'
[0.283s] Level 1:colcon.colcon_core.environment:checking '/home/ertoto/Documenti/GitHub/Mazzotta_RT1_Lab2/ros2_ws/install/bme_gazebo_sensors/bin'
[0.283s] Level 1:colcon.colcon_core.environment:checking '/home/ertoto/Documenti/GitHub/Mazzotta_RT1_Lab2/ros2_ws/install/bme_gazebo_sensors/lib/pkgconfig/bme_gazebo_sensors.pc'
[0.284s] Level 1:colcon.colcon_core.environment:checking '/home/ertoto/Documenti/GitHub/Mazzotta_RT1_Lab2/ros2_ws/install/bme_gazebo_sensors/lib/python3.12/site-packages'
[0.285s] Level 1:colcon.colcon_core.environment:checking '/home/ertoto/Documenti/GitHub/Mazzotta_RT1_Lab2/ros2_ws/install/bme_gazebo_sensors/bin'
[0.286s] INFO:colcon.colcon_core.shell:Creating package script '/home/ertoto/Documenti/GitHub/Mazzotta_RT1_Lab2/ros2_ws/install/bme_gazebo_sensors/share/bme_gazebo_sensors/package.ps1'
[0.289s] INFO:colcon.colcon_core.shell:Creating package descriptor '/home/ertoto/Documenti/GitHub/Mazzotta_RT1_Lab2/ros2_ws/install/bme_gazebo_sensors/share/bme_gazebo_sensors/package.dsv'
[0.291s] INFO:colcon.colcon_core.shell:Creating package script '/home/ertoto/Documenti/GitHub/Mazzotta_RT1_Lab2/ros2_ws/install/bme_gazebo_sensors/share/bme_gazebo_sensors/package.sh'
[0.293s] INFO:colcon.colcon_core.shell:Creating package script '/home/ertoto/Documenti/GitHub/Mazzotta_RT1_Lab2/ros2_ws/install/bme_gazebo_sensors/share/bme_gazebo_sensors/package.bash'
[0.296s] INFO:colcon.colcon_core.shell:Creating package script '/home/ertoto/Documenti/GitHub/Mazzotta_RT1_Lab2/ros2_ws/install/bme_gazebo_sensors/share/bme_gazebo_sensors/package.zsh'
[0.298s] Level 1:colcon.colcon_core.environment:create_file_with_runtime_dependencies(/home/ertoto/Documenti/GitHub/Mazzotta_RT1_Lab2/ros2_ws/install/bme_gazebo_sensors/share/colcon-core/packages/bme_gazebo_sensors)
[0.299s] Level 1:colcon.colcon_core.environment:create_environment_scripts_only(bme_gazebo_sensors)
[0.301s] Level 1:colcon.colcon_core.environment:checking '/home/ertoto/Documenti/GitHub/Mazzotta_RT1_Lab2/ros2_ws/install/bme_gazebo_sensors' for CMake module files
[0.303s] Level 1:colcon.colcon_core.environment:checking '/home/ertoto/Documenti/GitHub/Mazzotta_RT1_Lab2/ros2_ws/install/bme_gazebo_sensors' for CMake config files
[0.304s] Level 1:colcon.colcon_core.shell:create_environment_hook('bme_gazebo_sensors', 'cmake_prefix_path')
[0.305s] INFO:colcon.colcon_core.shell:Creating environment hook '/home/ertoto/Documenti/GitHub/Mazzotta_RT1_Lab2/ros2_ws/install/bme_gazebo_sensors/share/bme_gazebo_sensors/hook/cmake_prefix_path.ps1'
[0.306s] INFO:colcon.colcon_core.shell:Creating environment descriptor '/home/ertoto/Documenti/GitHub/Mazzotta_RT1_Lab2/ros2_ws/install/bme_gazebo_sensors/share/bme_gazebo_sensors/hook/cmake_prefix_path.dsv'
[0.307s] INFO:colcon.colcon_core.shell:Creating environment hook '/home/ertoto/Documenti/GitHub/Mazzotta_RT1_Lab2/ros2_ws/install/bme_gazebo_sensors/share/bme_gazebo_sensors/hook/cmake_prefix_path.sh'
[0.309s] Level 1:colcon.colcon_core.environment:checking '/home/ertoto/Documenti/GitHub/Mazzotta_RT1_Lab2/ros2_ws/install/bme_gazebo_sensors/bin'
[0.310s] Level 1:colcon.colcon_core.environment:checking '/home/ertoto/Documenti/GitHub/Mazzotta_RT1_Lab2/ros2_ws/install/bme_gazebo_sensors/lib/pkgconfig/bme_gazebo_sensors.pc'
[0.310s] Level 1:colcon.colcon_core.environment:checking '/home/ertoto/Documenti/GitHub/Mazzotta_RT1_Lab2/ros2_ws/install/bme_gazebo_sensors/lib/python3.12/site-packages'
[0.312s] Level 1:colcon.colcon_core.environment:checking '/home/ertoto/Documenti/GitHub/Mazzotta_RT1_Lab2/ros2_ws/install/bme_gazebo_sensors/bin'
[0.313s] INFO:colcon.colcon_core.shell:Creating package script '/home/ertoto/Documenti/GitHub/Mazzotta_RT1_Lab2/ros2_ws/install/bme_gazebo_sensors/share/bme_gazebo_sensors/package.ps1'
[0.314s] INFO:colcon.colcon_core.shell:Creating package descriptor '/home/ertoto/Documenti/GitHub/Mazzotta_RT1_Lab2/ros2_ws/install/bme_gazebo_sensors/share/bme_gazebo_sensors/package.dsv'
[0.316s] INFO:colcon.colcon_core.shell:Creating package script '/home/ertoto/Documenti/GitHub/Mazzotta_RT1_Lab2/ros2_ws/install/bme_gazebo_sensors/share/bme_gazebo_sensors/package.sh'
[0.318s] INFO:colcon.colcon_core.shell:Creating package script '/home/ertoto/Documenti/GitHub/Mazzotta_RT1_Lab2/ros2_ws/install/bme_gazebo_sensors/share/bme_gazebo_sensors/package.bash'
[0.319s] INFO:colcon.colcon_core.shell:Creating package script '/home/ertoto/Documenti/GitHub/Mazzotta_RT1_Lab2/ros2_ws/install/bme_gazebo_sensors/share/bme_gazebo_sensors/package.zsh'
[0.320s] Level 1:colcon.colcon_core.environment:create_file_with_runtime_dependencies(/home/ertoto/Documenti/GitHub/Mazzotta_RT1_Lab2/ros2_ws/install/bme_gazebo_sensors/share/colcon-core/packages/bme_gazebo_sensors)
[6.733s] DEBUG:colcon.colcon_core.event_handler.log_command:Invoked command in '/home/ertoto/Documenti/GitHub/Mazzotta_RT1_Lab2/ros2_ws/build/rt1_assignment2' returned '0': CMAKE_PREFIX_PATH=${CMAKE_PREFIX_PATH}:/opt/ros/jazzy DEBUGINFOD_URLS=https://debuginfod.ubuntu.com /usr/bin/cmake --build /home/ertoto/Documenti/GitHub/Mazzotta_RT1_Lab2/ros2_ws/build/rt1_assignment2 -- -j32 -l32
[6.746s] DEBUG:colcon.colcon_core.event_handler.log_command:Invoking command in '/home/ertoto/Documenti/GitHub/Mazzotta_RT1_Lab2/ros2_ws/build/rt1_assignment2': CMAKE_PREFIX_PATH=${CMAKE_PREFIX_PATH}:/opt/ros/jazzy DEBUGINFOD_URLS=https://debuginfod.ubuntu.com /usr/bin/cmake --install /home/ertoto/Documenti/GitHub/Mazzotta_RT1_Lab2/ros2_ws/build/rt1_assignment2
[6.933s] Level 1:colcon.colcon_core.environment:create_environment_scripts_only(rt1_assignment2)
[6.934s] Level 1:colcon.colcon_core.environment:checking '/home/ertoto/Documenti/GitHub/Mazzotta_RT1_Lab2/ros2_ws/install/rt1_assignment2' for CMake module files
[6.934s] DEBUG:colcon.colcon_core.event_handler.log_command:Invoked command in '/home/ertoto/Documenti/GitHub/Mazzotta_RT1_Lab2/ros2_ws/build/rt1_assignment2' returned '0': CMAKE_PREFIX_PATH=${CMAKE_PREFIX_PATH}:/opt/ros/jazzy DEBUGINFOD_URLS=https://debuginfod.ubuntu.com /usr/bin/cmake --install /home/ertoto/Documenti/GitHub/Mazzotta_RT1_Lab2/ros2_ws/build/rt1_assignment2
[6.935s] Level 1:colcon.colcon_core.environment:checking '/home/ertoto/Documenti/GitHub/Mazzotta_RT1_Lab2/ros2_ws/install/rt1_assignment2' for CMake config files
[6.936s] Level 1:colcon.colcon_core.shell:create_environment_hook('rt1_assignment2', 'cmake_prefix_path')
[6.936s] INFO:colcon.colcon_core.shell:Creating environment hook '/home/ertoto/Documenti/GitHub/Mazzotta_RT1_Lab2/ros2_ws/install/rt1_assignment2/share/rt1_assignment2/hook/cmake_prefix_path.ps1'
[6.937s] INFO:colcon.colcon_core.shell:Creating environment descriptor '/home/ertoto/Documenti/GitHub/Mazzotta_RT1_Lab2/ros2_ws/install/rt1_assignment2/share/rt1_assignment2/hook/cmake_prefix_path.dsv'
[6.937s] INFO:colcon.colcon_core.shell:Creating environment hook '/home/ertoto/Documenti/GitHub/Mazzotta_RT1_Lab2/ros2_ws/install/rt1_assignment2/share/rt1_assignment2/hook/cmake_prefix_path.sh'
[6.938s] Level 1:colcon.colcon_core.environment:checking '/home/ertoto/Documenti/GitHub/Mazzotta_RT1_Lab2/ros2_ws/install/rt1_assignment2/lib'
[6.938s] Level 1:colcon.colcon_core.shell:create_environment_hook('rt1_assignment2', 'ld_library_path_lib')
[6.938s] INFO:colcon.colcon_core.shell:Creating environment hook '/home/ertoto/Documenti/GitHub/Mazzotta_RT1_Lab2/ros2_ws/install/rt1_assignment2/share/rt1_assignment2/hook/ld_library_path_lib.ps1'
[6.939s] INFO:colcon.colcon_core.shell:Creating environment descriptor '/home/ertoto/Documenti/GitHub/Mazzotta_RT1_Lab2/ros2_ws/install/rt1_assignment2/share/rt1_assignment2/hook/ld_library_path_lib.dsv'
[6.939s] INFO:colcon.colcon_core.shell:Creating environment hook '/home/ertoto/Documenti/GitHub/Mazzotta_RT1_Lab2/ros2_ws/install/rt1_assignment2/share/rt1_assignment2/hook/ld_library_path_lib.sh'
[6.940s] Level 1:colcon.colcon_core.environment:checking '/home/ertoto/Documenti/GitHub/Mazzotta_RT1_Lab2/ros2_ws/install/rt1_assignment2/bin'
[6.940s] Level 1:colcon.colcon_core.environment:checking '/home/ertoto/Documenti/GitHub/Mazzotta_RT1_Lab2/ros2_ws/install/rt1_assignment2/lib/pkgconfig/rt1_assignment2.pc'
[6.940s] Level 1:colcon.colcon_core.environment:checking '/home/ertoto/Documenti/GitHub/Mazzotta_RT1_Lab2/ros2_ws/install/rt1_assignment2/lib/python3.12/site-packages'
[6.940s] Level 1:colcon.colcon_core.shell:create_environment_hook('rt1_assignment2', 'pythonpath')
[6.940s] INFO:colcon.colcon_core.shell:Creating environment hook '/home/ertoto/Documenti/GitHub/Mazzotta_RT1_Lab2/ros2_ws/install/rt1_assignment2/share/rt1_assignment2/hook/pythonpath.ps1'
[6.941s] INFO:colcon.colcon_core.shell:Creating environment descriptor '/home/ertoto/Documenti/GitHub/Mazzotta_RT1_Lab2/ros2_ws/install/rt1_assignment2/share/rt1_assignment2/hook/pythonpath.dsv'
[6.941s] INFO:colcon.colcon_core.shell:Creating environment hook '/home/ertoto/Documenti/GitHub/Mazzotta_RT1_Lab2/ros2_ws/install/rt1_assignment2/share/rt1_assignment2/hook/pythonpath.sh'
[6.942s] Level 1:colcon.colcon_core.environment:checking '/home/ertoto/Documenti/GitHub/Mazzotta_RT1_Lab2/ros2_ws/install/rt1_assignment2/bin'
[6.942s] INFO:colcon.colcon_core.shell:Creating package script '/home/ertoto/Documenti/GitHub/Mazzotta_RT1_Lab2/ros2_ws/install/rt1_assignment2/share/rt1_assignment2/package.ps1'
[6.942s] INFO:colcon.colcon_core.shell:Creating package descriptor '/home/ertoto/Documenti/GitHub/Mazzotta_RT1_Lab2/ros2_ws/install/rt1_assignment2/share/rt1_assignment2/package.dsv'
[6.943s] INFO:colcon.colcon_core.shell:Creating package script '/home/ertoto/Documenti/GitHub/Mazzotta_RT1_Lab2/ros2_ws/install/rt1_assignment2/share/rt1_assignment2/package.sh'
[6.943s] INFO:colcon.colcon_core.shell:Creating package script '/home/ertoto/Documenti/GitHub/Mazzotta_RT1_Lab2/ros2_ws/install/rt1_assignment2/share/rt1_assignment2/package.bash'
[6.943s] INFO:colcon.colcon_core.shell:Creating package script '/home/ertoto/Documenti/GitHub/Mazzotta_RT1_Lab2/ros2_ws/install/rt1_assignment2/share/rt1_assignment2/package.zsh'
[6.943s] Level 1:colcon.colcon_core.environment:create_file_with_runtime_dependencies(/home/ertoto/Documenti/GitHub/Mazzotta_RT1_Lab2/ros2_ws/install/rt1_assignment2/share/colcon-core/packages/rt1_assignment2)
[6.944s] Level 1:colcon.colcon_core.environment:create_environment_scripts_only(rt1_assignment2)
[6.944s] Level 1:colcon.colcon_core.environment:checking '/home/ertoto/Documenti/GitHub/Mazzotta_RT1_Lab2/ros2_ws/install/rt1_assignment2' for CMake module files
[6.944s] Level 1:colcon.colcon_core.environment:checking '/home/ertoto/Documenti/GitHub/Mazzotta_RT1_Lab2/ros2_ws/install/rt1_assignment2' for CMake config files
[6.945s] Level 1:colcon.colcon_core.shell:create_environment_hook('rt1_assignment2', 'cmake_prefix_path')
[6.945s] INFO:colcon.colcon_core.shell:Creating environment hook '/home/ertoto/Documenti/GitHub/Mazzotta_RT1_Lab2/ros2_ws/install/rt1_assignment2/share/rt1_assignment2/hook/cmake_prefix_path.ps1'
[6.945s] INFO:colcon.colcon_core.shell:Creating environment descriptor '/home/ertoto/Documenti/GitHub/Mazzotta_RT1_Lab2/ros2_ws/install/rt1_assignment2/share/rt1_assignment2/hook/cmake_prefix_path.dsv'
[6.945s] INFO:colcon.colcon_core.shell:Creating environment hook '/home/ertoto/Documenti/GitHub/Mazzotta_RT1_Lab2/ros2_ws/install/rt1_assignment2/share/rt1_assignment2/hook/cmake_prefix_path.sh'
[6.946s] Level 1:colcon.colcon_core.environment:checking '/home/ertoto/Documenti/GitHub/Mazzotta_RT1_Lab2/ros2_ws/install/rt1_assignment2/lib'
[6.946s] Level 1:colcon.colcon_core.shell:create_environment_hook('rt1_assignment2', 'ld_library_path_lib')
[6.946s] INFO:colcon.colcon_core.shell:Creating environment hook '/home/ertoto/Documenti/GitHub/Mazzotta_RT1_Lab2/ros2_ws/install/rt1_assignment2/share/rt1_assignment2/hook/ld_library_path_lib.ps1'
[6.946s] INFO:colcon.colcon_core.shell:Creating environment descriptor '/home/ertoto/Documenti/GitHub/Mazzotta_RT1_Lab2/ros2_ws/install/rt1_assignment2/share/rt1_assignment2/hook/ld_library_path_lib.dsv'
[6.947s] INFO:colcon.colcon_core.shell:Creating environment hook '/home/ertoto/Documenti/GitHub/Mazzotta_RT1_Lab2/ros2_ws/install/rt1_assignment2/share/rt1_assignment2/hook/ld_library_path_lib.sh'
[6.947s] Level 1:colcon.colcon_core.environment:checking '/home/ertoto/Documenti/GitHub/Mazzotta_RT1_Lab2/ros2_ws/install/rt1_assignment2/bin'
[6.947s] Level 1:colcon.colcon_core.environment:checking '/home/ertoto/Documenti/GitHub/Mazzotta_RT1_Lab2/ros2_ws/install/rt1_assignment2/lib/pkgconfig/rt1_assignment2.pc'
[6.947s] Level 1:colcon.colcon_core.environment:checking '/home/ertoto/Documenti/GitHub/Mazzotta_RT1_Lab2/ros2_ws/install/rt1_assignment2/lib/python3.12/site-packages'
[6.947s] Level 1:colcon.colcon_core.shell:create_environment_hook('rt1_assignment2', 'pythonpath')
[6.947s] INFO:colcon.colcon_core.shell:Creating environment hook '/home/ertoto/Documenti/GitHub/Mazzotta_RT1_Lab2/ros2_ws/install/rt1_assignment2/share/rt1_assignment2/hook/pythonpath.ps1'
[6.948s] INFO:colcon.colcon_core.shell:Creating environment descriptor '/home/ertoto/Documenti/GitHub/Mazzotta_RT1_Lab2/ros2_ws/install/rt1_assignment2/share/rt1_assignment2/hook/pythonpath.dsv'
[6.948s] INFO:colcon.colcon_core.shell:Creating environment hook '/home/ertoto/Documenti/GitHub/Mazzotta_RT1_Lab2/ros2_ws/install/rt1_assignment2/share/rt1_assignment2/hook/pythonpath.sh'
[6.948s] Level 1:colcon.colcon_core.environment:checking '/home/ertoto/Documenti/GitHub/Mazzotta_RT1_Lab2/ros2_ws/install/rt1_assignment2/bin'
[6.949s] INFO:colcon.colcon_core.shell:Creating package script '/home/ertoto/Documenti/GitHub/Mazzotta_RT1_Lab2/ros2_ws/install/rt1_assignment2/share/rt1_assignment2/package.ps1'
[6.949s] INFO:colcon.colcon_core.shell:Creating package descriptor '/home/ertoto/Documenti/GitHub/Mazzotta_RT1_Lab2/ros2_ws/install/rt1_assignment2/share/rt1_assignment2/package.dsv'
[6.950s] INFO:colcon.colcon_core.shell:Creating package script '/home/ertoto/Documenti/GitHub/Mazzotta_RT1_Lab2/ros2_ws/install/rt1_assignment2/share/rt1_assignment2/package.sh'
[6.950s] INFO:colcon.colcon_core.shell:Creating package script '/home/ertoto/Documenti/GitHub/Mazzotta_RT1_Lab2/ros2_ws/install/rt1_assignment2/share/rt1_assignment2/package.bash'
[6.950s] INFO:colcon.colcon_core.shell:Creating package script '/home/ertoto/Documenti/GitHub/Mazzotta_RT1_Lab2/ros2_ws/install/rt1_assignment2/share/rt1_assignment2/package.zsh'
[6.950s] Level 1:colcon.colcon_core.environment:create_file_with_runtime_dependencies(/home/ertoto/Documenti/GitHub/Mazzotta_RT1_Lab2/ros2_ws/install/rt1_assignment2/share/colcon-core/packages/rt1_assignment2)
[6.951s] DEBUG:colcon.colcon_parallel_executor.executor.parallel:closing loop
[6.951s] DEBUG:colcon.colcon_parallel_executor.executor.parallel:loop closed
[6.951s] DEBUG:colcon.colcon_parallel_executor.executor.parallel:run_until_complete finished with '0'
[6.951s] DEBUG:colcon.colcon_core.event_reactor:joining thread
[6.955s] INFO:colcon.colcon_core.plugin_system:Skipping extension 'colcon_notification.desktop_notification.terminal_notifier': Not used on non-Darwin systems
[6.955s] INFO:colcon.colcon_core.plugin_system:Skipping extension 'colcon_notification.desktop_notification.win32': Not used on non-Windows systems
[6.955s] INFO:colcon.colcon_notification.desktop_notification:Sending desktop notification using 'notify2'
[6.983s] DEBUG:colcon.colcon_core.event_reactor:joined thread
[6.984s] INFO:colcon.colcon_core.shell:Creating prefix script '/home/ertoto/Documenti/GitHub/Mazzotta_RT1_Lab2/ros2_ws/install/local_setup.ps1'
[6.986s] INFO:colcon.colcon_core.shell:Creating prefix util module '/home/ertoto/Documenti/GitHub/Mazzotta_RT1_Lab2/ros2_ws/install/_local_setup_util_ps1.py'
[6.988s] INFO:colcon.colcon_core.shell:Creating prefix chain script '/home/ertoto/Documenti/GitHub/Mazzotta_RT1_Lab2/ros2_ws/install/setup.ps1'
[6.990s] INFO:colcon.colcon_core.shell:Creating prefix script '/home/ertoto/Documenti/GitHub/Mazzotta_RT1_Lab2/ros2_ws/install/local_setup.sh'
[6.992s] INFO:colcon.colcon_core.shell:Creating prefix util module '/home/ertoto/Documenti/GitHub/Mazzotta_RT1_Lab2/ros2_ws/install/_local_setup_util_sh.py'
[6.993s] INFO:colcon.colcon_core.shell:Creating prefix chain script '/home/ertoto/Documenti/GitHub/Mazzotta_RT1_Lab2/ros2_ws/install/setup.sh'
[6.995s] INFO:colcon.colcon_core.shell:Creating prefix script '/home/ertoto/Documenti/GitHub/Mazzotta_RT1_Lab2/ros2_ws/install/local_setup.bash'
[6.997s] INFO:colcon.colcon_core.shell:Creating prefix chain script '/home/ertoto/Documenti/GitHub/Mazzotta_RT1_Lab2/ros2_ws/install/setup.bash'
[6.999s] INFO:colcon.colcon_core.shell:Creating prefix script '/home/ertoto/Documenti/GitHub/Mazzotta_RT1_Lab2/ros2_ws/install/local_setup.zsh'
[7.000s] INFO:colcon.colcon_core.shell:Creating prefix chain script '/home/ertoto/Documenti/GitHub/Mazzotta_RT1_Lab2/ros2_ws/install/setup.zsh'
